<?xml version="1.0" encoding="UTF-8"?>
<coverage generated="1778226829458" clover="3.2.0">
  <project timestamp="1778226829458" name="All files">
    <metrics statements="809" coveredstatements="337" conditionals="402" coveredconditionals="157" methods="181" coveredmethods="83" elements="1392" coveredelements="577" complexity="0" loc="809" ncloc="809" packages="7" files="37" classes="37"/>
    <package name="lib">
      <metrics statements="5" coveredstatements="0" conditionals="4" coveredconditionals="0" methods="1" coveredmethods="0"/>
      <file name="index.ts" path="/Users/jonathangadeaharder/Documents/projects/games/Tilt/.worktrees/test-hardening/src/lib/index.ts">
        <metrics statements="0" coveredstatements="0" conditionals="0" coveredconditionals="0" methods="0" coveredmethods="0"/>
      </file>
      <file name="supabase.ts" path="/Users/jonathangadeaharder/Documents/projects/games/Tilt/.worktrees/test-hardening/src/lib/supabase.ts">
        <metrics statements="5" coveredstatements="0" conditionals="4" coveredconditionals="0" methods="1" coveredmethods="0"/>
        <line num="12" count="0" type="stmt"/>
        <line num="13" count="0" type="stmt"/>
        <line num="14" count="0" type="cond" truecount="0" falsecount="4"/>
        <line num="15" count="0" type="stmt"/>
        <line num="17" count="0" type="stmt"/>
      </file>
    </package>
    <package name="lib.assets">
      <metrics statements="0" coveredstatements="0" conditionals="0" coveredconditionals="0" methods="0" coveredmethods="0"/>
      <file name="favicon.svg" path="/Users/jonathangadeaharder/Documents/projects/games/Tilt/.worktrees/test-hardening/src/lib/assets/favicon.svg">
        <metrics statements="0" coveredstatements="0" conditionals="0" coveredconditionals="0" methods="0" coveredmethods="0"/>
      </file>
    </package>
    <package name="lib.components">
      <metrics statements="97" coveredstatements="21" conditionals="53" coveredconditionals="3" methods="27" coveredmethods="9"/>
      <file name="AchievementBadge.svelte" path="/Users/jonathangadeaharder/Documents/projects/games/Tilt/.worktrees/test-hardening/src/lib/components/AchievementBadge.svelte">
        <metrics statements="8" coveredstatements="8" conditionals="2" coveredconditionals="1" methods="1" coveredmethods="1"/>
        <line num="19" count="4" type="stmt"/>
        <line num="20" count="4" type="stmt"/>
        <line num="21" count="4" type="stmt"/>
        <line num="23" count="2" type="stmt"/>
        <line num="26" count="4" type="stmt"/>
        <line num="27" count="4" type="stmt"/>
        <line num="28" count="4" type="stmt"/>
        <line num="29" count="4" type="cond" truecount="1" falsecount="1"/>
      </file>
      <file name="BottomNav.svelte" path="/Users/jonathangadeaharder/Documents/projects/games/Tilt/.worktrees/test-hardening/src/lib/components/BottomNav.svelte">
        <metrics statements="5" coveredstatements="0" conditionals="4" coveredconditionals="0" methods="1" coveredmethods="0"/>
        <line num="29" count="0" type="stmt"/>
        <line num="30" count="0" type="stmt"/>
        <line num="34" count="0" type="cond" truecount="0" falsecount="2"/>
        <line num="38" count="0" type="stmt"/>
        <line num="39" count="0" type="stmt"/>
      </file>
      <file name="Button.svelte" path="/Users/jonathangadeaharder/Documents/projects/games/Tilt/.worktrees/test-hardening/src/lib/components/Button.svelte">
        <metrics statements="2" coveredstatements="0" conditionals="3" coveredconditionals="0" methods="1" coveredmethods="0"/>
        <line num="22" count="0" type="stmt"/>
        <line num="26" count="0" type="stmt"/>
      </file>
      <file name="CardStylePicker.svelte" path="/Users/jonathangadeaharder/Documents/projects/games/Tilt/.worktrees/test-hardening/src/lib/components/CardStylePicker.svelte">
        <metrics statements="10" coveredstatements="10" conditionals="2" coveredconditionals="2" methods="7" coveredmethods="7"/>
        <line num="9" count="3" type="stmt"/>
        <line num="11" count="3" type="stmt"/>
        <line num="18" count="1" type="stmt"/>
        <line num="19" count="1" type="stmt"/>
        <line num="23" count="3" type="stmt"/>
        <line num="24" count="18" type="stmt"/>
        <line num="25" count="9" type="stmt"/>
        <line num="28" count="1" type="stmt"/>
        <line num="30" count="12" type="stmt"/>
        <line num="31" count="12" type="stmt"/>
      </file>
      <file name="Chip.svelte" path="/Users/jonathangadeaharder/Documents/projects/games/Tilt/.worktrees/test-hardening/src/lib/components/Chip.svelte">
        <metrics statements="3" coveredstatements="0" conditionals="2" coveredconditionals="0" methods="1" coveredmethods="0"/>
        <line num="7" count="0" type="cond" truecount="0" falsecount="2"/>
        <line num="10" count="0" type="stmt"/>
        <line num="11" count="0" type="stmt"/>
      </file>
      <file name="Confetti.svelte" path="/Users/jonathangadeaharder/Documents/projects/games/Tilt/.worktrees/test-hardening/src/lib/components/Confetti.svelte">
        <metrics statements="10" coveredstatements="0" conditionals="3" coveredconditionals="0" methods="1" coveredmethods="0"/>
        <line num="6" count="0" type="stmt"/>
        <line num="8" count="0" type="stmt"/>
        <line num="11" count="0" type="cond" truecount="0" falsecount="1"/>
        <line num="15" count="0" type="stmt"/>
        <line num="16" count="0" type="stmt"/>
        <line num="17" count="0" type="stmt"/>
        <line num="18" count="0" type="stmt"/>
        <line num="19" count="0" type="stmt"/>
        <line num="20" count="0" type="stmt"/>
        <line num="23" count="0" type="cond" truecount="0" falsecount="2"/>
      </file>
      <file name="Pill.svelte" path="/Users/jonathangadeaharder/Documents/projects/games/Tilt/.worktrees/test-hardening/src/lib/components/Pill.svelte">
        <metrics statements="3" coveredstatements="0" conditionals="1" coveredconditionals="0" methods="1" coveredmethods="0"/>
        <line num="9" count="0" type="cond" truecount="0" falsecount="1"/>
        <line num="12" count="0" type="stmt"/>
        <line num="13" count="0" type="stmt"/>
      </file>
      <file name="PlayingCard.svelte" path="/Users/jonathangadeaharder/Documents/projects/games/Tilt/.worktrees/test-hardening/src/lib/components/PlayingCard.svelte">
        <metrics statements="18" coveredstatements="0" conditionals="22" coveredconditionals="0" methods="3" coveredmethods="0"/>
        <line num="22" count="0" type="cond" truecount="0" falsecount="8"/>
        <line num="24" count="0" type="stmt"/>
        <line num="31" count="0" type="cond" truecount="0" falsecount="2"/>
        <line num="34" count="0" type="cond" truecount="0" falsecount="2"/>
        <line num="36" count="0" type="stmt"/>
        <line num="39" count="0" type="cond" truecount="0" falsecount="2"/>
        <line num="46" count="0" type="stmt"/>
        <line num="48" count="0" type="stmt"/>
        <line num="51" count="0" type="cond" truecount="0" falsecount="1"/>
        <line num="57" count="0" type="stmt"/>
        <line num="59" count="0" type="stmt"/>
        <line num="61" count="0" type="stmt"/>
        <line num="65" count="0" type="stmt"/>
        <line num="67" count="0" type="stmt"/>
        <line num="76" count="0" type="stmt"/>
        <line num="77" count="0" type="stmt"/>
        <line num="82" count="0" type="stmt"/>
        <line num="83" count="0" type="stmt"/>
      </file>
      <file name="ProgressRing.svelte" path="/Users/jonathangadeaharder/Documents/projects/games/Tilt/.worktrees/test-hardening/src/lib/components/ProgressRing.svelte">
        <metrics statements="13" coveredstatements="0" conditionals="4" coveredconditionals="0" methods="5" coveredmethods="0"/>
        <line num="10" count="0" type="cond" truecount="0" falsecount="2"/>
        <line num="12" count="0" type="stmt"/>
        <line num="13" count="0" type="stmt"/>
        <line num="14" count="0" type="stmt"/>
        <line num="15" count="0" type="stmt"/>
        <line num="18" count="0" type="stmt"/>
        <line num="19" count="0" type="stmt"/>
        <line num="20" count="0" type="stmt"/>
        <line num="24" count="0" type="stmt"/>
        <line num="34" count="0" type="cond" truecount="0" falsecount="1"/>
        <line num="38" count="0" type="stmt"/>
        <line num="39" count="0" type="cond" truecount="0" falsecount="1"/>
        <line num="40" count="0" type="stmt"/>
      </file>
      <file name="Screen.svelte" path="/Users/jonathangadeaharder/Documents/projects/games/Tilt/.worktrees/test-hardening/src/lib/components/Screen.svelte">
        <metrics statements="3" coveredstatements="0" conditionals="1" coveredconditionals="0" methods="1" coveredmethods="0"/>
        <line num="9" count="0" type="cond" truecount="0" falsecount="1"/>
        <line num="12" count="0" type="stmt"/>
        <line num="13" count="0" type="stmt"/>
      </file>
      <file name="StatCard.svelte" path="/Users/jonathangadeaharder/Documents/projects/games/Tilt/.worktrees/test-hardening/src/lib/components/StatCard.svelte">
        <metrics statements="3" coveredstatements="3" conditionals="0" coveredconditionals="0" methods="1" coveredmethods="1"/>
        <line num="10" count="2" type="stmt"/>
        <line num="11" count="2" type="stmt"/>
        <line num="12" count="2" type="stmt"/>
      </file>
      <file name="StreakBadge.svelte" path="/Users/jonathangadeaharder/Documents/projects/games/Tilt/.worktrees/test-hardening/src/lib/components/StreakBadge.svelte">
        <metrics statements="2" coveredstatements="0" conditionals="0" coveredconditionals="0" methods="1" coveredmethods="0"/>
        <line num="6" count="0" type="stmt"/>
        <line num="14" count="0" type="stmt"/>
      </file>
      <file name="ThemePicker.svelte" path="/Users/jonathangadeaharder/Documents/projects/games/Tilt/.worktrees/test-hardening/src/lib/components/ThemePicker.svelte">
        <metrics statements="10" coveredstatements="0" conditionals="5" coveredconditionals="0" methods="2" coveredmethods="0"/>
        <line num="10" count="0" type="cond" truecount="0" falsecount="1"/>
        <line num="17" count="0" type="stmt"/>
        <line num="18" count="0" type="stmt"/>
        <line num="19" count="0" type="stmt"/>
        <line num="24" count="0" type="stmt"/>
        <line num="25" count="0" type="stmt"/>
        <line num="26" count="0" type="stmt"/>
        <line num="30" count="0" type="cond" truecount="0" falsecount="2"/>
        <line num="37" count="0" type="stmt"/>
        <line num="40" count="0" type="stmt"/>
      </file>
      <file name="TopBar.svelte" path="/Users/jonathangadeaharder/Documents/projects/games/Tilt/.worktrees/test-hardening/src/lib/components/TopBar.svelte">
        <metrics statements="7" coveredstatements="0" conditionals="4" coveredconditionals="0" methods="1" coveredmethods="0"/>
        <line num="11" count="0" type="stmt"/>
        <line num="18" count="0" type="cond" truecount="0" falsecount="1"/>
        <line num="27" count="0" type="cond" truecount="0" falsecount="1"/>
        <line num="28" count="0" type="stmt"/>
        <line num="34" count="0" type="cond" truecount="0" falsecount="1"/>
        <line num="37" count="0" type="cond" truecount="0" falsecount="1"/>
        <line num="38" count="0" type="stmt"/>
      </file>
      <file name="index.ts" path="/Users/jonathangadeaharder/Documents/projects/games/Tilt/.worktrees/test-hardening/src/lib/components/index.ts">
        <metrics statements="0" coveredstatements="0" conditionals="0" coveredconditionals="0" methods="0" coveredmethods="0"/>
      </file>
    </package>
    <package name="lib.core">
      <metrics statements="468" coveredstatements="302" conditionals="217" coveredconditionals="143" methods="98" coveredmethods="69"/>
      <file name="adaptiveEngine.ts" path="/Users/jonathangadeaharder/Documents/projects/games/Tilt/.worktrees/test-hardening/src/lib/core/adaptiveEngine.ts">
        <metrics statements="148" coveredstatements="105" conditionals="66" coveredconditionals="44" methods="33" coveredmethods="25"/>
        <line num="13" count="1" type="stmt"/>
        <line num="46" count="39" type="stmt"/>
        <line num="47" count="39" type="stmt"/>
        <line num="48" count="39" type="stmt"/>
        <line num="60" count="287" type="stmt"/>
        <line num="68" count="287" type="stmt"/>
        <line num="71" count="287" type="cond" truecount="2" falsecount="0"/>
        <line num="72" count="228" type="stmt"/>
        <line num="73" count="228" type="stmt"/>
        <line num="75" count="59" type="stmt"/>
        <line num="79" count="287" type="cond" truecount="2" falsecount="0"/>
        <line num="80" count="10" type="stmt"/>
        <line num="83" count="287" type="stmt"/>
        <line num="90" count="17" type="stmt"/>
        <line num="91" count="17" type="cond" truecount="2" falsecount="0"/>
        <line num="93" count="108" type="stmt"/>
        <line num="94" count="12" type="stmt"/>
        <line num="101" count="6" type="stmt"/>
        <line num="103" count="3" type="cond" truecount="2" falsecount="0"/>
        <line num="105" count="3" type="stmt"/>
        <line num="106" count="2" type="stmt"/>
        <line num="113" count="2" type="stmt"/>
        <line num="115" count="2" type="cond" truecount="2" falsecount="0"/>
        <line num="117" count="2" type="stmt"/>
        <line num="118" count="1" type="stmt"/>
        <line num="125" count="11" type="cond" truecount="2" falsecount="0"/>
        <line num="128" count="2" type="stmt"/>
        <line num="129" count="2" type="stmt"/>
        <line num="131" count="20" type="stmt"/>
        <line num="132" count="20" type="stmt"/>
        <line num="134" count="2" type="stmt"/>
        <line num="141" count="10" type="stmt"/>
        <line num="143" count="10" type="stmt"/>
        <line num="144" count="58" type="stmt"/>
        <line num="145" count="58" type="cond" truecount="2" falsecount="0"/>
        <line num="146" count="7" type="stmt"/>
        <line num="149" count="58" type="stmt"/>
        <line num="150" count="58" type="cond" truecount="2" falsecount="0"/>
        <line num="151" count="28" type="stmt"/>
        <line num="156" count="10" type="stmt"/>
        <line num="158" count="7" type="stmt"/>
        <line num="159" count="7" type="cond" truecount="2" falsecount="0"/>
        <line num="161" count="4" type="stmt"/>
        <line num="166" count="0" type="stmt"/>
        <line num="209" count="39" type="stmt"/>
        <line num="210" count="39" type="stmt"/>
        <line num="211" count="39" type="stmt"/>
        <line num="218" count="8" type="stmt"/>
        <line num="219" count="8" type="stmt"/>
        <line num="222" count="8" type="cond" truecount="2" falsecount="0"/>
        <line num="223" count="2" type="stmt"/>
        <line num="229" count="6" type="cond" truecount="4" falsecount="0"/>
        <line num="231" count="2" type="stmt"/>
        <line num="232" count="4" type="cond" truecount="2" falsecount="0"/>
        <line num="234" count="3" type="stmt"/>
        <line num="237" count="1" type="stmt"/>
        <line num="241" count="6" type="cond" truecount="2" falsecount="0"/>
        <line num="242" count="5" type="stmt"/>
        <line num="249" count="5" type="stmt"/>
        <line num="252" count="6" type="stmt"/>
        <line num="259" count="4" type="stmt"/>
        <line num="260" count="4" type="stmt"/>
        <line num="261" count="4" type="stmt"/>
        <line num="268" count="5" type="stmt"/>
        <line num="269" count="5" type="stmt"/>
        <line num="270" count="5" type="stmt"/>
        <line num="277" count="8" type="cond" truecount="2" falsecount="0"/>
        <line num="278" count="3" type="stmt"/>
        <line num="279" count="5" type="cond" truecount="2" falsecount="0"/>
        <line num="280" count="4" type="stmt"/>
        <line num="281" count="1" type="cond" truecount="1" falsecount="1"/>
        <line num="282" count="1" type="stmt"/>
        <line num="283" count="0" type="cond" truecount="0" falsecount="2"/>
        <line num="284" count="0" type="stmt"/>
        <line num="286" count="0" type="stmt"/>
        <line num="294" count="3" type="stmt"/>
        <line num="295" count="3" type="stmt"/>
        <line num="298" count="3" type="stmt"/>
        <line num="307" count="3" type="cond" truecount="2" falsecount="0"/>
        <line num="309" count="2" type="stmt"/>
        <line num="310" count="2" type="stmt"/>
        <line num="311" count="2" type="stmt"/>
        <line num="312" count="2" type="stmt"/>
        <line num="313" count="2" type="stmt"/>
        <line num="314" count="1" type="cond" truecount="1" falsecount="1"/>
        <line num="316" count="1" type="stmt"/>
        <line num="317" count="1" type="stmt"/>
        <line num="318" count="1" type="stmt"/>
        <line num="319" count="1" type="stmt"/>
        <line num="320" count="1" type="stmt"/>
        <line num="326" count="3" type="stmt"/>
        <line num="333" count="0" type="stmt"/>
        <line num="336" count="0" type="stmt"/>
        <line num="337" count="0" type="stmt"/>
        <line num="339" count="0" type="stmt"/>
        <line num="340" count="0" type="stmt"/>
        <line num="341" count="0" type="cond" truecount="0" falsecount="2"/>
        <line num="342" count="0" type="stmt"/>
        <line num="347" count="0" type="stmt"/>
        <line num="354" count="3" type="stmt"/>
        <line num="355" count="3" type="stmt"/>
        <line num="356" count="3" type="stmt"/>
        <line num="358" count="3" type="stmt"/>
        <line num="372" count="3" type="stmt"/>
        <line num="374" count="3" type="cond" truecount="1" falsecount="1"/>
        <line num="375" count="3" type="stmt"/>
        <line num="382" count="3" type="stmt"/>
        <line num="383" count="2" type="stmt"/>
        <line num="390" count="3" type="cond" truecount="1" falsecount="1"/>
        <line num="391" count="0" type="stmt"/>
        <line num="398" count="3" type="stmt"/>
        <line num="405" count="3" type="stmt"/>
        <line num="407" count="3" type="cond" truecount="2" falsecount="0"/>
        <line num="408" count="2" type="stmt"/>
        <line num="413" count="3" type="cond" truecount="1" falsecount="1"/>
        <line num="414" count="3" type="stmt"/>
        <line num="415" count="3" type="stmt"/>
        <line num="417" count="0" type="stmt"/>
        <line num="418" count="0" type="cond" truecount="0" falsecount="2"/>
        <line num="419" count="0" type="stmt"/>
        <line num="423" count="3" type="stmt"/>
        <line num="435" count="0" type="stmt"/>
        <line num="436" count="0" type="stmt"/>
        <line num="443" count="0" type="stmt"/>
        <line num="446" count="0" type="stmt"/>
        <line num="447" count="0" type="stmt"/>
        <line num="448" count="0" type="stmt"/>
        <line num="452" count="0" type="stmt"/>
        <line num="453" count="0" type="stmt"/>
        <line num="461" count="0" type="stmt"/>
        <line num="462" count="0" type="stmt"/>
        <line num="463" count="0" type="stmt"/>
        <line num="465" count="0" type="cond" truecount="0" falsecount="4"/>
        <line num="466" count="0" type="cond" truecount="0" falsecount="4"/>
        <line num="469" count="0" type="stmt"/>
        <line num="472" count="0" type="stmt"/>
        <line num="475" count="0" type="cond" truecount="0" falsecount="2"/>
        <line num="476" count="0" type="stmt"/>
        <line num="477" count="0" type="stmt"/>
        <line num="478" count="0" type="stmt"/>
        <line num="482" count="0" type="stmt"/>
        <line num="484" count="0" type="stmt"/>
        <line num="488" count="0" type="stmt"/>
        <line num="491" count="0" type="stmt"/>
        <line num="506" count="0" type="stmt"/>
        <line num="509" count="0" type="stmt"/>
        <line num="517" count="0" type="stmt"/>
        <line num="519" count="0" type="stmt"/>
      </file>
      <file name="gamification.ts" path="/Users/jonathangadeaharder/Documents/projects/games/Tilt/.worktrees/test-hardening/src/lib/core/gamification.ts">
        <metrics statements="91" coveredstatements="91" conditionals="88" coveredconditionals="74" methods="22" coveredmethods="22"/>
        <line num="10" count="1" type="stmt"/>
        <line num="39" count="1" type="stmt"/>
        <line num="62" count="7" type="stmt"/>
        <line num="64" count="7" type="stmt"/>
        <line num="65" count="36" type="cond" truecount="2" falsecount="0"/>
        <line num="66" count="31" type="stmt"/>
        <line num="68" count="5" type="stmt"/>
        <line num="72" count="7" type="stmt"/>
        <line num="73" count="7" type="cond" truecount="2" falsecount="0"/>
        <line num="74" count="7" type="stmt"/>
        <line num="75" count="7" type="stmt"/>
        <line num="77" count="7" type="stmt"/>
        <line num="101" count="1" type="stmt"/>
        <line num="217" count="8" type="cond" truecount="2" falsecount="0"/>
        <line num="220" count="6" type="cond" truecount="4" falsecount="0"/>
        <line num="221" count="3" type="stmt"/>
        <line num="222" count="3" type="stmt"/>
        <line num="224" count="3" type="stmt"/>
        <line num="226" count="6" type="stmt"/>
        <line num="228" count="6" type="stmt"/>
        <line num="229" count="6" type="stmt"/>
        <line num="231" count="6" type="stmt"/>
        <line num="235" count="4" type="stmt"/>
        <line num="236" count="4" type="stmt"/>
        <line num="240" count="3" type="cond" truecount="2" falsecount="0"/>
        <line num="241" count="2" type="cond" truecount="1" falsecount="1"/>
        <line num="242" count="2" type="cond" truecount="2" falsecount="0"/>
        <line num="243" count="1" type="cond" truecount="1" falsecount="1"/>
        <line num="244" count="1" type="cond" truecount="1" falsecount="1"/>
        <line num="245" count="1" type="stmt"/>
        <line num="249" count="2" type="cond" truecount="2" falsecount="0"/>
        <line num="250" count="1" type="cond" truecount="1" falsecount="1"/>
        <line num="251" count="1" type="cond" truecount="1" falsecount="1"/>
        <line num="252" count="1" type="cond" truecount="1" falsecount="1"/>
        <line num="253" count="1" type="stmt"/>
        <line num="256" count="1" type="stmt"/>
        <line num="274" count="4" type="cond" truecount="1" falsecount="1"/>
        <line num="275" count="4" type="stmt"/>
        <line num="307" count="11" type="stmt"/>
        <line num="308" count="11" type="stmt"/>
        <line num="312" count="7" type="stmt"/>
        <line num="314" count="7" type="stmt"/>
        <line num="315" count="91" type="cond" truecount="2" falsecount="0"/>
        <line num="317" count="90" type="cond" truecount="2" falsecount="0"/>
        <line num="318" count="9" type="stmt"/>
        <line num="319" count="9" type="stmt"/>
        <line num="323" count="7" type="stmt"/>
        <line num="327" count="90" type="stmt"/>
        <line num="328" count="90" type="stmt"/>
        <line num="329" count="90" type="cond" truecount="2" falsecount="0"/>
        <line num="337" count="28" type="cond" truecount="2" falsecount="0"/>
        <line num="338" count="13" type="stmt"/>
        <line num="339" count="28" type="cond" truecount="2" falsecount="0"/>
        <line num="341" count="27" type="stmt"/>
        <line num="342" count="27" type="cond" truecount="2" falsecount="0"/>
        <line num="344" count="28" type="stmt"/>
        <line num="353" count="2" type="stmt"/>
        <line num="359" count="2" type="stmt"/>
        <line num="360" count="26" type="stmt"/>
        <line num="361" count="25" type="stmt"/>
        <line num="375" count="1" type="stmt"/>
        <line num="400" count="7" type="stmt"/>
        <line num="404" count="7" type="stmt"/>
        <line num="406" count="7" type="stmt"/>
        <line num="407" count="35" type="stmt"/>
        <line num="408" count="35" type="cond" truecount="6" falsecount="0"/>
        <line num="409" count="3" type="stmt"/>
        <line num="410" count="3" type="stmt"/>
        <line num="414" count="7" type="stmt"/>
        <line num="415" count="28" type="stmt"/>
        <line num="416" count="28" type="cond" truecount="2" falsecount="0"/>
        <line num="420" count="1" type="stmt"/>
        <line num="421" count="1" type="stmt"/>
        <line num="425" count="7" type="stmt"/>
        <line num="426" count="21" type="stmt"/>
        <line num="427" count="21" type="cond" truecount="6" falsecount="0"/>
        <line num="428" count="1" type="stmt"/>
        <line num="429" count="1" type="stmt"/>
        <line num="433" count="7" type="stmt"/>
        <line num="437" count="2" type="stmt"/>
        <line num="439" count="2" type="cond" truecount="1" falsecount="1"/>
        <line num="440" count="2" type="cond" truecount="1" falsecount="1"/>
        <line num="441" count="2" type="stmt"/>
        <line num="448" count="2" type="stmt"/>
        <line num="449" count="2" type="cond" truecount="2" falsecount="0"/>
        <line num="451" count="2" type="cond" truecount="1" falsecount="1"/>
        <line num="452" count="2" type="stmt"/>
        <line num="459" count="2" type="cond" truecount="2" falsecount="0"/>
        <line num="460" count="2" type="cond" truecount="1" falsecount="1"/>
        <line num="461" count="2" type="stmt"/>
        <line num="468" count="2" type="stmt"/>
      </file>
      <file name="soundManager.ts" path="/Users/jonathangadeaharder/Documents/projects/games/Tilt/.worktrees/test-hardening/src/lib/core/soundManager.ts">
        <metrics statements="123" coveredstatements="0" conditionals="36" coveredconditionals="0" methods="21" coveredmethods="0"/>
        <line num="15" count="0" type="stmt"/>
        <line num="40" count="0" type="stmt"/>
        <line num="62" count="0" type="stmt"/>
        <line num="63" count="0" type="stmt"/>
        <line num="64" count="0" type="stmt"/>
        <line num="65" count="0" type="stmt"/>
        <line num="66" count="0" type="stmt"/>
        <line num="67" count="0" type="stmt"/>
        <line num="71" count="0" type="cond" truecount="0" falsecount="2"/>
        <line num="72" count="0" type="stmt"/>
        <line num="74" count="0" type="stmt"/>
        <line num="82" count="0" type="cond" truecount="0" falsecount="2"/>
        <line num="84" count="0" type="stmt"/>
        <line num="85" count="0" type="stmt"/>
        <line num="88" count="0" type="stmt"/>
        <line num="89" count="0" type="stmt"/>
        <line num="90" count="0" type="stmt"/>
        <line num="91" count="0" type="stmt"/>
        <line num="92" count="0" type="stmt"/>
        <line num="97" count="0" type="stmt"/>
        <line num="98" count="0" type="stmt"/>
        <line num="99" count="0" type="stmt"/>
        <line num="100" count="0" type="stmt"/>
        <line num="101" count="0" type="stmt"/>
        <line num="102" count="0" type="stmt"/>
        <line num="107" count="0" type="stmt"/>
        <line num="112" count="0" type="stmt"/>
        <line num="114" count="0" type="stmt"/>
        <line num="116" count="0" type="stmt"/>
        <line num="126" count="0" type="stmt"/>
        <line num="127" count="0" type="stmt"/>
        <line num="128" count="0" type="stmt"/>
        <line num="129" count="0" type="stmt"/>
        <line num="131" count="0" type="stmt"/>
        <line num="132" count="0" type="stmt"/>
        <line num="133" count="0" type="stmt"/>
        <line num="136" count="0" type="cond" truecount="0" falsecount="2"/>
        <line num="137" count="0" type="stmt"/>
        <line num="138" count="0" type="cond" truecount="0" falsecount="2"/>
        <line num="139" count="0" type="stmt"/>
        <line num="141" count="0" type="stmt"/>
        <line num="144" count="0" type="stmt"/>
        <line num="147" count="0" type="stmt"/>
        <line num="151" count="0" type="stmt"/>
        <line num="152" count="0" type="stmt"/>
        <line num="153" count="0" type="stmt"/>
        <line num="154" count="0" type="stmt"/>
        <line num="156" count="0" type="stmt"/>
        <line num="157" count="0" type="stmt"/>
        <line num="158" count="0" type="stmt"/>
        <line num="159" count="0" type="stmt"/>
        <line num="161" count="0" type="stmt"/>
        <line num="162" count="0" type="stmt"/>
        <line num="165" count="0" type="stmt"/>
        <line num="168" count="0" type="stmt"/>
        <line num="172" count="0" type="stmt"/>
        <line num="173" count="0" type="stmt"/>
        <line num="174" count="0" type="stmt"/>
        <line num="175" count="0" type="stmt"/>
        <line num="177" count="0" type="stmt"/>
        <line num="178" count="0" type="stmt"/>
        <line num="179" count="0" type="stmt"/>
        <line num="182" count="0" type="stmt"/>
        <line num="186" count="0" type="cond" truecount="0" falsecount="2"/>
        <line num="188" count="0" type="stmt"/>
        <line num="189" count="0" type="stmt"/>
        <line num="191" count="0" type="stmt"/>
        <line num="192" count="0" type="cond" truecount="0" falsecount="2"/>
        <line num="194" count="0" type="stmt"/>
        <line num="195" count="0" type="cond" truecount="0" falsecount="2"/>
        <line num="196" count="0" type="stmt"/>
        <line num="199" count="0" type="stmt"/>
        <line num="200" count="0" type="stmt"/>
        <line num="202" count="0" type="stmt"/>
        <line num="203" count="0" type="stmt"/>
        <line num="205" count="0" type="stmt"/>
        <line num="206" count="0" type="stmt"/>
        <line num="208" count="0" type="stmt"/>
        <line num="211" count="0" type="cond" truecount="0" falsecount="8"/>
        <line num="214" count="0" type="stmt"/>
        <line num="215" count="0" type="stmt"/>
        <line num="220" count="0" type="stmt"/>
        <line num="221" count="0" type="stmt"/>
        <line num="224" count="0" type="stmt"/>
        <line num="225" count="0" type="stmt"/>
        <line num="228" count="0" type="stmt"/>
        <line num="229" count="0" type="stmt"/>
        <line num="232" count="0" type="stmt"/>
        <line num="235" count="0" type="stmt"/>
        <line num="240" count="0" type="cond" truecount="0" falsecount="2"/>
        <line num="243" count="0" type="cond" truecount="0" falsecount="4"/>
        <line num="245" count="0" type="stmt"/>
        <line num="246" count="0" type="cond" truecount="0" falsecount="6"/>
        <line num="248" count="0" type="stmt"/>
        <line num="249" count="0" type="stmt"/>
        <line num="251" count="0" type="stmt"/>
        <line num="252" count="0" type="stmt"/>
        <line num="254" count="0" type="stmt"/>
        <line num="255" count="0" type="stmt"/>
        <line num="257" count="0" type="stmt"/>
        <line num="258" count="0" type="stmt"/>
        <line num="260" count="0" type="stmt"/>
        <line num="261" count="0" type="stmt"/>
        <line num="263" count="0" type="stmt"/>
        <line num="264" count="0" type="stmt"/>
        <line num="272" count="0" type="stmt"/>
        <line num="276" count="0" type="stmt"/>
        <line num="280" count="0" type="stmt"/>
        <line num="284" count="0" type="stmt"/>
        <line num="288" count="0" type="stmt"/>
        <line num="289" count="0" type="cond" truecount="0" falsecount="2"/>
        <line num="290" count="0" type="stmt"/>
        <line num="291" count="0" type="stmt"/>
        <line num="293" count="0" type="stmt"/>
        <line num="298" count="0" type="stmt"/>
        <line num="306" count="0" type="stmt"/>
        <line num="310" count="0" type="stmt"/>
        <line num="314" count="0" type="stmt"/>
        <line num="318" count="0" type="stmt"/>
        <line num="322" count="0" type="stmt"/>
        <line num="326" count="0" type="stmt"/>
        <line num="330" count="0" type="stmt"/>
        <line num="334" count="0" type="stmt"/>
      </file>
      <file name="spacedRepetition.ts" path="/Users/jonathangadeaharder/Documents/projects/games/Tilt/.worktrees/test-hardening/src/lib/core/spacedRepetition.ts">
        <metrics statements="106" coveredstatements="106" conditionals="27" coveredconditionals="25" methods="22" coveredmethods="22"/>
        <line num="18" count="2" type="stmt"/>
        <line num="74" count="269" type="stmt"/>
        <line num="75" count="269" type="stmt"/>
        <line num="76" count="269" type="stmt"/>
        <line num="77" count="269" type="stmt"/>
        <line num="78" count="269" type="stmt"/>
        <line num="81" count="269" type="stmt"/>
        <line num="82" count="269" type="stmt"/>
        <line num="83" count="269" type="stmt"/>
        <line num="84" count="269" type="stmt"/>
        <line num="85" count="269" type="stmt"/>
        <line num="88" count="269" type="stmt"/>
        <line num="89" count="269" type="stmt"/>
        <line num="90" count="269" type="stmt"/>
        <line num="91" count="269" type="stmt"/>
        <line num="100" count="52" type="stmt"/>
        <line num="101" count="52" type="stmt"/>
        <line num="106" count="52" type="stmt"/>
        <line num="107" count="52" type="stmt"/>
        <line num="110" count="52" type="cond" truecount="2" falsecount="0"/>
        <line num="112" count="26" type="stmt"/>
        <line num="113" count="26" type="stmt"/>
        <line num="114" count="26" type="stmt"/>
        <line num="115" count="26" type="stmt"/>
        <line num="118" count="26" type="stmt"/>
        <line num="119" count="26" type="stmt"/>
        <line num="121" count="26" type="cond" truecount="2" falsecount="0"/>
        <line num="122" count="19" type="stmt"/>
        <line num="123" count="7" type="cond" truecount="2" falsecount="0"/>
        <line num="124" count="6" type="stmt"/>
        <line num="126" count="1" type="stmt"/>
        <line num="129" count="26" type="stmt"/>
        <line num="132" count="26" type="stmt"/>
        <line num="133" count="26" type="stmt"/>
        <line num="134" count="26" type="stmt"/>
        <line num="137" count="52" type="stmt"/>
        <line num="147" count="32" type="stmt"/>
        <line num="151" count="2" type="cond" truecount="2" falsecount="0"/>
        <line num="165" count="59" type="stmt"/>
        <line num="166" count="59" type="stmt"/>
        <line num="167" count="59" type="stmt"/>
        <line num="168" count="59" type="stmt"/>
        <line num="172" count="233" type="stmt"/>
        <line num="176" count="29" type="stmt"/>
        <line num="180" count="29" type="stmt"/>
        <line num="184" count="4" type="cond" truecount="2" falsecount="0"/>
        <line num="188" count="2" type="stmt"/>
        <line num="189" count="2" type="stmt"/>
        <line num="190" count="2" type="stmt"/>
        <line num="191" count="2" type="stmt"/>
        <line num="192" count="2" type="stmt"/>
        <line num="194" count="2" type="stmt"/>
        <line num="195" count="2" type="stmt"/>
        <line num="196" count="2" type="cond" truecount="1" falsecount="1"/>
        <line num="198" count="2" type="stmt"/>
        <line num="213" count="4" type="stmt"/>
        <line num="216" count="4" type="stmt"/>
        <line num="218" count="4" type="stmt"/>
        <line num="228" count="4" type="stmt"/>
        <line num="238" count="4" type="stmt"/>
        <line num="248" count="4" type="stmt"/>
        <line num="251" count="4" type="stmt"/>
        <line num="256" count="4" type="stmt"/>
        <line num="266" count="4" type="stmt"/>
        <line num="276" count="4" type="stmt"/>
        <line num="279" count="4" type="stmt"/>
        <line num="284" count="4" type="stmt"/>
        <line num="294" count="4" type="stmt"/>
        <line num="304" count="4" type="stmt"/>
        <line num="314" count="4" type="stmt"/>
        <line num="317" count="4" type="stmt"/>
        <line num="319" count="4" type="stmt"/>
        <line num="329" count="4" type="stmt"/>
        <line num="339" count="4" type="stmt"/>
        <line num="349" count="4" type="stmt"/>
        <line num="351" count="4" type="stmt"/>
        <line num="366" count="36" type="stmt"/>
        <line num="367" count="36" type="stmt"/>
        <line num="368" count="36" type="stmt"/>
        <line num="369" count="36" type="stmt"/>
        <line num="370" count="36" type="stmt"/>
        <line num="371" count="36" type="stmt"/>
        <line num="381" count="5" type="stmt"/>
        <line num="382" count="5" type="stmt"/>
        <line num="385" count="5" type="stmt"/>
        <line num="386" count="5" type="stmt"/>
        <line num="387" count="35" type="stmt"/>
        <line num="388" count="35" type="stmt"/>
        <line num="390" count="5" type="stmt"/>
        <line num="392" count="5" type="stmt"/>
        <line num="400" count="23" type="cond" truecount="2" falsecount="0"/>
        <line num="401" count="20" type="stmt"/>
        <line num="405" count="12" type="stmt"/>
        <line num="406" count="12" type="cond" truecount="2" falsecount="0"/>
        <line num="408" count="11" type="stmt"/>
        <line num="411" count="11" type="cond" truecount="2" falsecount="0"/>
        <line num="412" count="8" type="stmt"/>
        <line num="414" count="3" type="stmt"/>
        <line num="417" count="11" type="cond" truecount="2" falsecount="0"/>
        <line num="418" count="10" type="stmt"/>
        <line num="421" count="11" type="stmt"/>
        <line num="423" count="11" type="stmt"/>
        <line num="430" count="2" type="stmt"/>
        <line num="431" count="2" type="stmt"/>
        <line num="432" count="2" type="cond" truecount="1" falsecount="1"/>
        <line num="434" count="2" type="stmt"/>
      </file>
    </package>
    <package name="lib.data">
      <metrics statements="100" coveredstatements="0" conditionals="37" coveredconditionals="0" methods="22" coveredmethods="0"/>
      <file name="exploitativeStrategies.ts" path="/Users/jonathangadeaharder/Documents/projects/games/Tilt/.worktrees/test-hardening/src/lib/data/exploitativeStrategies.ts">
        <metrics statements="10" coveredstatements="0" conditionals="0" coveredconditionals="0" methods="0" coveredmethods="0"/>
        <line num="34" count="0" type="stmt"/>
        <line num="142" count="0" type="stmt"/>
        <line num="176" count="0" type="stmt"/>
        <line num="205" count="0" type="stmt"/>
        <line num="242" count="0" type="stmt"/>
        <line num="324" count="0" type="stmt"/>
        <line num="372" count="0" type="stmt"/>
        <line num="400" count="0" type="stmt"/>
        <line num="425" count="0" type="stmt"/>
        <line num="447" count="0" type="stmt"/>
      </file>
      <file name="miniGames.ts" path="/Users/jonathangadeaharder/Documents/projects/games/Tilt/.worktrees/test-hardening/src/lib/data/miniGames.ts">
        <metrics statements="61" coveredstatements="0" conditionals="33" coveredconditionals="0" methods="14" coveredmethods="0"/>
        <line num="61" count="0" type="stmt"/>
        <line num="62" count="0" type="stmt"/>
        <line num="64" count="0" type="stmt"/>
        <line num="83" count="0" type="stmt"/>
        <line num="85" count="0" type="stmt"/>
        <line num="86" count="0" type="stmt"/>
        <line num="87" count="0" type="stmt"/>
        <line num="88" count="0" type="cond" truecount="0" falsecount="2"/>
        <line num="90" count="0" type="stmt"/>
        <line num="91" count="0" type="stmt"/>
        <line num="94" count="0" type="stmt"/>
        <line num="107" count="0" type="stmt"/>
        <line num="108" count="0" type="stmt"/>
        <line num="109" count="0" type="stmt"/>
        <line num="110" count="0" type="stmt"/>
        <line num="112" count="0" type="stmt"/>
        <line num="113" count="0" type="stmt"/>
        <line num="115" count="0" type="cond" truecount="0" falsecount="2"/>
        <line num="119" count="0" type="stmt"/>
        <line num="124" count="0" type="stmt"/>
        <line num="137" count="0" type="stmt"/>
        <line num="138" count="0" type="stmt"/>
        <line num="139" count="0" type="stmt"/>
        <line num="140" count="0" type="stmt"/>
        <line num="148" count="0" type="stmt"/>
        <line num="149" count="0" type="stmt"/>
        <line num="150" count="0" type="stmt"/>
        <line num="153" count="0" type="stmt"/>
        <line num="170" count="0" type="stmt"/>
        <line num="171" count="0" type="stmt"/>
        <line num="173" count="0" type="stmt"/>
        <line num="174" count="0" type="stmt"/>
        <line num="176" count="0" type="cond" truecount="0" falsecount="2"/>
        <line num="181" count="0" type="cond" truecount="0" falsecount="3"/>
        <line num="183" count="0" type="stmt"/>
        <line num="184" count="0" type="stmt"/>
        <line num="185" count="0" type="stmt"/>
        <line num="186" count="0" type="stmt"/>
        <line num="189" count="0" type="stmt"/>
        <line num="190" count="0" type="stmt"/>
        <line num="191" count="0" type="stmt"/>
        <line num="192" count="0" type="stmt"/>
        <line num="195" count="0" type="stmt"/>
        <line num="196" count="0" type="stmt"/>
        <line num="199" count="0" type="stmt"/>
        <line num="202" count="0" type="stmt"/>
        <line num="206" count="0" type="stmt"/>
        <line num="207" count="0" type="stmt"/>
        <line num="250" count="0" type="stmt"/>
        <line num="251" count="0" type="stmt"/>
        <line num="253" count="0" type="stmt"/>
        <line num="266" count="0" type="stmt"/>
        <line num="267" count="0" type="stmt"/>
        <line num="268" count="0" type="stmt"/>
        <line num="270" count="0" type="stmt"/>
        <line num="274" count="0" type="stmt"/>
        <line num="344" count="0" type="stmt"/>
        <line num="348" count="0" type="stmt"/>
        <line num="368" count="0" type="stmt"/>
        <line num="369" count="0" type="stmt"/>
        <line num="400" count="0" type="stmt"/>
      </file>
      <file name="nlheMttQuestions.json" path="/Users/jonathangadeaharder/Documents/projects/games/Tilt/.worktrees/test-hardening/src/lib/data/nlheMttQuestions.json">
        <metrics statements="0" coveredstatements="0" conditionals="0" coveredconditionals="0" methods="0" coveredmethods="0"/>
      </file>
      <file name="nlheMttQuestions.ts" path="/Users/jonathangadeaharder/Documents/projects/games/Tilt/.worktrees/test-hardening/src/lib/data/nlheMttQuestions.ts">
        <metrics statements="3" coveredstatements="0" conditionals="0" coveredconditionals="0" methods="0" coveredmethods="0"/>
        <line num="5" count="0" type="stmt"/>
        <line num="142" count="0" type="stmt"/>
        <line num="177" count="0" type="stmt"/>
      </file>
      <file name="ploQuestions.json" path="/Users/jonathangadeaharder/Documents/projects/games/Tilt/.worktrees/test-hardening/src/lib/data/ploQuestions.json">
        <metrics statements="0" coveredstatements="0" conditionals="0" coveredconditionals="0" methods="0" coveredmethods="0"/>
      </file>
      <file name="ploQuestions.ts" path="/Users/jonathangadeaharder/Documents/projects/games/Tilt/.worktrees/test-hardening/src/lib/data/ploQuestions.ts">
        <metrics statements="3" coveredstatements="0" conditionals="0" coveredconditionals="0" methods="0" coveredmethods="0"/>
        <line num="5" count="0" type="stmt"/>
        <line num="58" count="0" type="stmt"/>
        <line num="92" count="0" type="stmt"/>
      </file>
      <file name="pokerRanges.ts" path="/Users/jonathangadeaharder/Documents/projects/games/Tilt/.worktrees/test-hardening/src/lib/data/pokerRanges.ts">
        <metrics statements="4" coveredstatements="0" conditionals="0" coveredconditionals="0" methods="0" coveredmethods="0"/>
        <line num="7" count="0" type="stmt"/>
        <line num="26" count="0" type="stmt"/>
        <line num="286" count="0" type="stmt"/>
        <line num="303" count="0" type="stmt"/>
      </file>
      <file name="pushFoldCharts.ts" path="/Users/jonathangadeaharder/Documents/projects/games/Tilt/.worktrees/test-hardening/src/lib/data/pushFoldCharts.ts">
        <metrics statements="11" coveredstatements="0" conditionals="0" coveredconditionals="0" methods="2" coveredmethods="0"/>
        <line num="33" count="0" type="stmt"/>
        <line num="42" count="0" type="stmt"/>
        <line num="45" count="0" type="stmt"/>
        <line num="46" count="0" type="stmt"/>
        <line num="60" count="0" type="stmt"/>
        <line num="74" count="0" type="stmt"/>
        <line num="75" count="0" type="stmt"/>
        <line num="76" count="0" type="stmt"/>
        <line num="94" count="0" type="stmt"/>
        <line num="96" count="0" type="stmt"/>
        <line num="349" count="0" type="stmt"/>
      </file>
      <file name="questionFactory.ts" path="/Users/jonathangadeaharder/Documents/projects/games/Tilt/.worktrees/test-hardening/src/lib/data/questionFactory.ts">
        <metrics statements="3" coveredstatements="0" conditionals="4" coveredconditionals="0" methods="4" coveredmethods="0"/>
        <line num="3" count="0" type="stmt"/>
        <line num="6" count="0" type="stmt"/>
        <line num="22" count="0" type="stmt"/>
      </file>
      <file name="trainingPlan.ts" path="/Users/jonathangadeaharder/Documents/projects/games/Tilt/.worktrees/test-hardening/src/lib/data/trainingPlan.ts">
        <metrics statements="5" coveredstatements="0" conditionals="0" coveredconditionals="0" methods="2" coveredmethods="0"/>
        <line num="31" count="0" type="stmt"/>
        <line num="53" count="0" type="stmt"/>
        <line num="57" count="0" type="stmt"/>
        <line num="60" count="0" type="stmt"/>
        <line num="316" count="0" type="stmt"/>
      </file>
    </package>
    <package name="lib.server">
      <metrics statements="7" coveredstatements="0" conditionals="4" coveredconditionals="0" methods="2" coveredmethods="0"/>
      <file name="posthog.ts" path="/Users/jonathangadeaharder/Documents/projects/games/Tilt/.worktrees/test-hardening/src/lib/server/posthog.ts">
        <metrics statements="7" coveredstatements="0" conditionals="4" coveredconditionals="0" methods="2" coveredmethods="0"/>
        <line num="4" count="0" type="stmt"/>
        <line num="7" count="0" type="cond" truecount="0" falsecount="2"/>
        <line num="8" count="0" type="stmt"/>
        <line num="15" count="0" type="stmt"/>
        <line num="19" count="0" type="cond" truecount="0" falsecount="2"/>
        <line num="20" count="0" type="stmt"/>
        <line num="21" count="0" type="stmt"/>
      </file>
    </package>
    <package name="lib.stores">
      <metrics statements="132" coveredstatements="14" conditionals="87" coveredconditionals="11" methods="31" coveredmethods="5"/>
      <file name="auth.svelte.ts" path="/Users/jonathangadeaharder/Documents/projects/games/Tilt/.worktrees/test-hardening/src/lib/stores/auth.svelte.ts">
        <metrics statements="31" coveredstatements="0" conditionals="18" coveredconditionals="0" methods="14" coveredmethods="0"/>
        <line num="9" count="0" type="stmt"/>
        <line num="10" count="0" type="stmt"/>
        <line num="11" count="0" type="stmt"/>
        <line num="12" count="0" type="stmt"/>
        <line num="14" count="0" type="cond" truecount="0" falsecount="2"/>
        <line num="16" count="0" type="stmt"/>
        <line num="19" count="0" type="cond" truecount="0" falsecount="4"/>
        <line num="20" count="0" type="stmt"/>
        <line num="22" count="0" type="stmt"/>
        <line num="25" count="0" type="stmt"/>
        <line num="26" count="0" type="cond" truecount="0" falsecount="2"/>
        <line num="29" count="0" type="stmt"/>
        <line num="32" count="0" type="stmt"/>
        <line num="33" count="0" type="stmt"/>
        <line num="34" count="0" type="cond" truecount="0" falsecount="2"/>
        <line num="39" count="0" type="cond" truecount="0" falsecount="2"/>
        <line num="40" count="0" type="stmt"/>
        <line num="41" count="0" type="stmt"/>
        <line num="45" count="0" type="cond" truecount="0" falsecount="2"/>
        <line num="50" count="0" type="stmt"/>
        <line num="51" count="0" type="stmt"/>
        <line num="55" count="0" type="cond" truecount="0" falsecount="2"/>
        <line num="60" count="0" type="stmt"/>
        <line num="61" count="0" type="stmt"/>
        <line num="65" count="0" type="cond" truecount="0" falsecount="2"/>
        <line num="66" count="0" type="stmt"/>
        <line num="67" count="0" type="stmt"/>
        <line num="72" count="0" type="stmt"/>
        <line num="75" count="0" type="stmt"/>
        <line num="78" count="0" type="stmt"/>
        <line num="91" count="0" type="stmt"/>
      </file>
      <file name="profile.svelte.ts" path="/Users/jonathangadeaharder/Documents/projects/games/Tilt/.worktrees/test-hardening/src/lib/stores/profile.svelte.ts">
        <metrics statements="74" coveredstatements="0" conditionals="50" coveredconditionals="0" methods="11" coveredmethods="0"/>
        <line num="40" count="0" type="stmt"/>
        <line num="41" count="0" type="stmt"/>
        <line num="42" count="0" type="stmt"/>
        <line num="43" count="0" type="stmt"/>
        <line num="45" count="0" type="cond" truecount="0" falsecount="2"/>
        <line num="48" count="0" type="cond" truecount="0" falsecount="2"/>
        <line num="49" count="0" type="stmt"/>
        <line num="50" count="0" type="stmt"/>
        <line num="51" count="0" type="stmt"/>
        <line num="57" count="0" type="cond" truecount="0" falsecount="2"/>
        <line num="58" count="0" type="stmt"/>
        <line num="59" count="0" type="cond" truecount="0" falsecount="2"/>
        <line num="60" count="0" type="stmt"/>
        <line num="62" count="0" type="stmt"/>
        <line num="63" count="0" type="stmt"/>
        <line num="64" count="0" type="cond" truecount="0" falsecount="2"/>
        <line num="65" count="0" type="stmt"/>
        <line num="70" count="0" type="cond" truecount="0" falsecount="2"/>
        <line num="71" count="0" type="stmt"/>
        <line num="72" count="0" type="cond" truecount="0" falsecount="2"/>
        <line num="73" count="0" type="stmt"/>
        <line num="77" count="0" type="stmt"/>
        <line num="79" count="0" type="stmt"/>
        <line num="84" count="0" type="cond" truecount="0" falsecount="2"/>
        <line num="85" count="0" type="stmt"/>
        <line num="86" count="0" type="stmt"/>
        <line num="93" count="0" type="cond" truecount="0" falsecount="2"/>
        <line num="94" count="0" type="stmt"/>
        <line num="96" count="0" type="stmt"/>
        <line num="99" count="0" type="stmt"/>
        <line num="104" count="0" type="cond" truecount="0" falsecount="2"/>
        <line num="105" count="0" type="stmt"/>
        <line num="106" count="0" type="stmt"/>
        <line num="111" count="0" type="cond" truecount="0" falsecount="2"/>
        <line num="112" count="0" type="stmt"/>
        <line num="113" count="0" type="cond" truecount="0" falsecount="2"/>
        <line num="114" count="0" type="stmt"/>
        <line num="117" count="0" type="stmt"/>
        <line num="122" count="0" type="cond" truecount="0" falsecount="2"/>
        <line num="123" count="0" type="stmt"/>
        <line num="124" count="0" type="stmt"/>
        <line num="126" count="0" type="cond" truecount="0" falsecount="2"/>
        <line num="127" count="0" type="stmt"/>
        <line num="130" count="0" type="cond" truecount="0" falsecount="2"/>
        <line num="131" count="0" type="stmt"/>
        <line num="134" count="0" type="stmt"/>
        <line num="139" count="0" type="stmt"/>
        <line num="140" count="0" type="stmt"/>
        <line num="141" count="0" type="stmt"/>
        <line num="142" count="0" type="stmt"/>
        <line num="143" count="0" type="stmt"/>
        <line num="147" count="0" type="cond" truecount="0" falsecount="4"/>
        <line num="149" count="0" type="stmt"/>
        <line num="151" count="0" type="stmt"/>
        <line num="158" count="0" type="cond" truecount="0" falsecount="2"/>
        <line num="159" count="0" type="stmt"/>
        <line num="162" count="0" type="cond" truecount="0" falsecount="2"/>
        <line num="163" count="0" type="stmt"/>
        <line num="166" count="0" type="cond" truecount="0" falsecount="4"/>
        <line num="167" count="0" type="stmt"/>
        <line num="174" count="0" type="cond" truecount="0" falsecount="2"/>
        <line num="175" count="0" type="stmt"/>
        <line num="178" count="0" type="cond" truecount="0" falsecount="2"/>
        <line num="179" count="0" type="stmt"/>
        <line num="182" count="0" type="stmt"/>
        <line num="188" count="0" type="cond" truecount="0" falsecount="2"/>
        <line num="189" count="0" type="stmt"/>
        <line num="192" count="0" type="cond" truecount="0" falsecount="2"/>
        <line num="193" count="0" type="stmt"/>
        <line num="200" count="0" type="stmt"/>
        <line num="203" count="0" type="stmt"/>
        <line num="206" count="0" type="stmt"/>
        <line num="209" count="0" type="stmt"/>
        <line num="219" count="0" type="stmt"/>
      </file>
      <file name="settings.svelte.ts" path="/Users/jonathangadeaharder/Documents/projects/games/Tilt/.worktrees/test-hardening/src/lib/stores/settings.svelte.ts">
        <metrics statements="17" coveredstatements="14" conditionals="17" coveredconditionals="11" methods="5" coveredmethods="5"/>
        <line num="6" count="0" type="cond" truecount="1" falsecount="1"/>
        <line num="7" count="8" type="stmt"/>
        <line num="8" count="8" type="cond" truecount="5" falsecount="0"/>
        <line num="9" count="7" type="stmt"/>
        <line num="13" count="0" type="cond" truecount="1" falsecount="1"/>
        <line num="14" count="16" type="stmt"/>
        <line num="15" count="16" type="cond" truecount="1" falsecount="1"/>
        <line num="16" count="0" type="stmt"/>
        <line num="19" count="8" type="stmt"/>
        <line num="20" count="8" type="stmt"/>
        <line num="21" count="8" type="stmt"/>
        <line num="24" count="2" type="stmt"/>
        <line num="25" count="2" type="cond" truecount="1" falsecount="1"/>
        <line num="29" count="2" type="stmt"/>
        <line num="30" count="2" type="cond" truecount="1" falsecount="1"/>
        <line num="34" count="1" type="stmt"/>
        <line num="35" count="1" type="cond" truecount="1" falsecount="1"/>
      </file>
      <file name="theme.ts" path="/Users/jonathangadeaharder/Documents/projects/games/Tilt/.worktrees/test-hardening/src/lib/stores/theme.ts">
        <metrics statements="10" coveredstatements="0" conditionals="2" coveredconditionals="0" methods="1" coveredmethods="0"/>
        <line num="12" count="0" type="stmt"/>
        <line num="48" count="0" type="stmt"/>
        <line num="49" count="0" type="cond" truecount="0" falsecount="2"/>
        <line num="50" count="0" type="stmt"/>
        <line num="51" count="0" type="stmt"/>
        <line num="52" count="0" type="stmt"/>
        <line num="53" count="0" type="stmt"/>
        <line num="54" count="0" type="stmt"/>
        <line num="55" count="0" type="stmt"/>
        <line num="56" count="0" type="stmt"/>
      </file>
    </package>
  </project>
</coverage>
