{"/Users/jonathangadeaharder/Documents/projects/games/Poker/src/components/AchievementBadge.js": {"path":"/Users/jonathangadeaharder/Documents/projects/games/Poker/src/components/AchievementBadge.js","statementMap":{"0":{"start":{"line":6,"column":20},"end":{"line":6,"column":57}},"1":{"start":{"line":7,"column":19},"end":{"line":7,"column":56}},"2":{"start":{"line":9,"column":2},"end":{"line":28,"column":16}},"3":{"start":{"line":10,"column":4},"end":{"line":27,"column":5}},"4":{"start":{"line":11,"column":6},"end":{"line":23,"column":17}},"5":{"start":{"line":25,"column":6},"end":{"line":25,"column":28}},"6":{"start":{"line":26,"column":6},"end":{"line":26,"column":27}},"7":{"start":{"line":30,"column":2},"end":{"line":30,"column":32}},"8":{"start":{"line":30,"column":20},"end":{"line":30,"column":32}},"9":{"start":{"line":32,"column":2},"end":{"line":73,"column":4}},"10":{"start":{"line":77,"column":2},"end":{"line":109,"column":4}},"11":{"start":{"line":80,"column":25},"end":{"line":80,"column":61}},"12":{"start":{"line":81,"column":8},"end":{"line":106,"column":10}},"13":{"start":{"line":112,"column":15},"end":{"line":221,"column":2}}},"fnMap":{"0":{"name":"AchievementUnlocked","decl":{"start":{"line":5,"column":24},"end":{"line":5,"column":43}},"loc":{"start":{"line":5,"column":79},"end":{"line":74,"column":1}},"line":5},"1":{"name":"(anonymous_1)","decl":{"start":{"line":9,"column":12},"end":{"line":9,"column":13}},"loc":{"start":{"line":9,"column":18},"end":{"line":28,"column":3}},"line":9},"2":{"name":"AchievementList","decl":{"start":{"line":76,"column":16},"end":{"line":76,"column":31}},"loc":{"start":{"line":76,"column":68},"end":{"line":110,"column":1}},"line":76},"3":{"name":"(anonymous_3)","decl":{"start":{"line":79,"column":24},"end":{"line":79,"column":25}},"loc":{"start":{"line":79,"column":41},"end":{"line":107,"column":7}},"line":79}},"branchMap":{"0":{"loc":{"start":{"line":10,"column":4},"end":{"line":27,"column":5}},"type":"if","locations":[{"start":{"line":10,"column":4},"end":{"line":27,"column":5}},{"start":{"line":24,"column":11},"end":{"line":27,"column":5}}],"line":10},"1":{"loc":{"start":{"line":30,"column":2},"end":{"line":30,"column":32}},"type":"if","locations":[{"start":{"line":30,"column":2},"end":{"line":30,"column":32}},{"start":{},"end":{}}],"line":30},"2":{"loc":{"start":{"line":76,"column":48},"end":{"line":76,"column":64}},"type":"default-arg","locations":[{"start":{"line":76,"column":62},"end":{"line":76,"column":64}}],"line":76},"3":{"loc":{"start":{"line":86,"column":14},"end":{"line":86,"column":44}},"type":"binary-expr","locations":[{"start":{"line":86,"column":14},"end":{"line":86,"column":23}},{"start":{"line":86,"column":27},"end":{"line":86,"column":44}}],"line":86},"4":{"loc":{"start":{"line":90,"column":45},"end":{"line":90,"column":75}},"type":"binary-expr","locations":[{"start":{"line":90,"column":45},"end":{"line":90,"column":54}},{"start":{"line":90,"column":58},"end":{"line":90,"column":75}}],"line":90},"5":{"loc":{"start":{"line":91,"column":17},"end":{"line":91,"column":51}},"type":"cond-expr","locations":[{"start":{"line":91,"column":28},"end":{"line":91,"column":44}},{"start":{"line":91,"column":47},"end":{"line":91,"column":51}}],"line":91},"6":{"loc":{"start":{"line":94,"column":49},"end":{"line":94,"column":79}},"type":"binary-expr","locations":[{"start":{"line":94,"column":49},"end":{"line":94,"column":58}},{"start":{"line":94,"column":62},"end":{"line":94,"column":79}}],"line":94},"7":{"loc":{"start":{"line":97,"column":59},"end":{"line":97,"column":89}},"type":"binary-expr","locations":[{"start":{"line":97,"column":59},"end":{"line":97,"column":68}},{"start":{"line":97,"column":72},"end":{"line":97,"column":89}}],"line":97}},"s":{"0":0,"1":0,"2":0,"3":0,"4":0,"5":0,"6":0,"7":0,"8":0,"9":0,"10":0,"11":0,"12":0,"13":0},"f":{"0":0,"1":0,"2":0,"3":0},"b":{"0":[0,0],"1":[0,0],"2":[0],"3":[0,0],"4":[0,0],"5":[0,0],"6":[0,0],"7":[0,0]}}
,"/Users/jonathangadeaharder/Documents/projects/games/Poker/src/components/EmptyState.js": {"path":"/Users/jonathangadeaharder/Documents/projects/games/Poker/src/components/EmptyState.js","statementMap":{"0":{"start":{"line":17,"column":2},"end":{"line":34,"column":4}},"1":{"start":{"line":37,"column":15},"end":{"line":65,"column":2}}},"fnMap":{"0":{"name":"EmptyState","decl":{"start":{"line":10,"column":16},"end":{"line":10,"column":26}},"loc":{"start":{"line":16,"column":3},"end":{"line":35,"column":1}},"line":16}},"branchMap":{"0":{"loc":{"start":{"line":11,"column":2},"end":{"line":11,"column":13}},"type":"default-arg","locations":[{"start":{"line":11,"column":9},"end":{"line":11,"column":13}}],"line":11},"1":{"loc":{"start":{"line":12,"column":2},"end":{"line":12,"column":28}},"type":"default-arg","locations":[{"start":{"line":12,"column":10},"end":{"line":12,"column":28}}],"line":12},"2":{"loc":{"start":{"line":21,"column":7},"end":{"line":21,"column":63}},"type":"binary-expr","locations":[{"start":{"line":21,"column":7},"end":{"line":21,"column":14}},{"start":{"line":21,"column":18},"end":{"line":21,"column":63}}],"line":21},"3":{"loc":{"start":{"line":23,"column":7},"end":{"line":32,"column":7}},"type":"binary-expr","locations":[{"start":{"line":23,"column":7},"end":{"line":23,"column":13}},{"start":{"line":24,"column":8},"end":{"line":31,"column":17}}],"line":23}},"s":{"0":0,"1":0},"f":{"0":0},"b":{"0":[0],"1":[0],"2":[0,0],"3":[0,0]}}
,"/Users/jonathangadeaharder/Documents/projects/games/Poker/src/components/ErrorBoundary.js": {"path":"/Users/jonathangadeaharder/Documents/projects/games/Poker/src/components/ErrorBoundary.js","statementMap":{"0":{"start":{"line":12,"column":4},"end":{"line":12,"column":17}},"1":{"start":{"line":13,"column":4},"end":{"line":17,"column":6}},"2":{"start":{"line":21,"column":4},"end":{"line":21,"column":30}},"3":{"start":{"line":25,"column":4},"end":{"line":25,"column":65}},"4":{"start":{"line":27,"column":4},"end":{"line":30,"column":7}},"5":{"start":{"line":33,"column":4},"end":{"line":37,"column":7}},"6":{"start":{"line":40,"column":16},"end":{"line":46,"column":3}},"7":{"start":{"line":41,"column":4},"end":{"line":45,"column":7}},"8":{"start":{"line":49,"column":4},"end":{"line":92,"column":5}},"9":{"start":{"line":50,"column":6},"end":{"line":91,"column":8}},"10":{"start":{"line":79,"column":16},"end":{"line":81,"column":17}},"11":{"start":{"line":80,"column":18},"end":{"line":80,"column":39}},"12":{"start":{"line":82,"column":16},"end":{"line":82,"column":35}},"13":{"start":{"line":94,"column":4},"end":{"line":94,"column":31}},"14":{"start":{"line":98,"column":15},"end":{"line":177,"column":2}}},"fnMap":{"0":{"name":"(anonymous_0)","decl":{"start":{"line":11,"column":2},"end":{"line":11,"column":3}},"loc":{"start":{"line":11,"column":21},"end":{"line":18,"column":3}},"line":11},"1":{"name":"(anonymous_1)","decl":{"start":{"line":20,"column":2},"end":{"line":20,"column":3}},"loc":{"start":{"line":20,"column":41},"end":{"line":22,"column":3}},"line":20},"2":{"name":"(anonymous_2)","decl":{"start":{"line":24,"column":2},"end":{"line":24,"column":3}},"loc":{"start":{"line":24,"column":38},"end":{"line":38,"column":3}},"line":24},"3":{"name":"(anonymous_3)","decl":{"start":{"line":40,"column":16},"end":{"line":40,"column":17}},"loc":{"start":{"line":40,"column":22},"end":{"line":46,"column":3}},"line":40},"4":{"name":"(anonymous_4)","decl":{"start":{"line":48,"column":2},"end":{"line":48,"column":3}},"loc":{"start":{"line":48,"column":11},"end":{"line":95,"column":3}},"line":48},"5":{"name":"(anonymous_5)","decl":{"start":{"line":77,"column":23},"end":{"line":77,"column":24}},"loc":{"start":{"line":77,"column":29},"end":{"line":83,"column":15}},"line":77}},"branchMap":{"0":{"loc":{"start":{"line":49,"column":4},"end":{"line":92,"column":5}},"type":"if","locations":[{"start":{"line":49,"column":4},"end":{"line":92,"column":5}},{"start":{},"end":{}}],"line":49},"1":{"loc":{"start":{"line":59,"column":13},"end":{"line":69,"column":13}},"type":"binary-expr","locations":[{"start":{"line":59,"column":13},"end":{"line":59,"column":20}},{"start":{"line":59,"column":24},"end":{"line":59,"column":40}},{"start":{"line":60,"column":14},"end":{"line":68,"column":21}}],"line":59},"2":{"loc":{"start":{"line":63,"column":17},"end":{"line":67,"column":17}},"type":"binary-expr","locations":[{"start":{"line":63,"column":17},"end":{"line":63,"column":37}},{"start":{"line":64,"column":18},"end":{"line":66,"column":25}}],"line":63},"3":{"loc":{"start":{"line":79,"column":16},"end":{"line":81,"column":17}},"type":"if","locations":[{"start":{"line":79,"column":16},"end":{"line":81,"column":17}},{"start":{},"end":{}}],"line":79}},"s":{"0":0,"1":0,"2":0,"3":0,"4":0,"5":0,"6":0,"7":0,"8":0,"9":0,"10":0,"11":0,"12":0,"13":0,"14":0},"f":{"0":0,"1":0,"2":0,"3":0,"4":0,"5":0},"b":{"0":[0,0],"1":[0,0,0],"2":[0,0],"3":[0,0]}}
,"/Users/jonathangadeaharder/Documents/projects/games/Poker/src/components/ErrorMessage.js": {"path":"/Users/jonathangadeaharder/Documents/projects/games/Poker/src/components/ErrorMessage.js","statementMap":{"0":{"start":{"line":16,"column":23},"end":{"line":16,"column":92}},"1":{"start":{"line":18,"column":2},"end":{"line":38,"column":4}},"2":{"start":{"line":41,"column":15},"end":{"line":76,"column":2}}},"fnMap":{"0":{"name":"ErrorMessage","decl":{"start":{"line":10,"column":16},"end":{"line":10,"column":28}},"loc":{"start":{"line":15,"column":3},"end":{"line":39,"column":1}},"line":15}},"branchMap":{"0":{"loc":{"start":{"line":13,"column":2},"end":{"line":13,"column":32}},"type":"default-arg","locations":[{"start":{"line":13,"column":10},"end":{"line":13,"column":32}}],"line":13},"1":{"loc":{"start":{"line":16,"column":23},"end":{"line":16,"column":92}},"type":"binary-expr","locations":[{"start":{"line":16,"column":23},"end":{"line":16,"column":37}},{"start":{"line":16,"column":41},"end":{"line":16,"column":58}},{"start":{"line":16,"column":62},"end":{"line":16,"column":92}}],"line":16},"2":{"loc":{"start":{"line":26,"column":11},"end":{"line":34,"column":11}},"type":"binary-expr","locations":[{"start":{"line":26,"column":11},"end":{"line":26,"column":18}},{"start":{"line":27,"column":12},"end":{"line":33,"column":21}}],"line":26}},"s":{"0":0,"1":0,"2":0},"f":{"0":0},"b":{"0":[0],"1":[0,0,0],"2":[0,0]}}
,"/Users/jonathangadeaharder/Documents/projects/games/Poker/src/components/LoadingSpinner.js": {"path":"/Users/jonathangadeaharder/Documents/projects/games/Poker/src/components/LoadingSpinner.js","statementMap":{"0":{"start":{"line":16,"column":2},"end":{"line":21,"column":4}},"1":{"start":{"line":24,"column":15},"end":{"line":37,"column":2}}},"fnMap":{"0":{"name":"LoadingSpinner","decl":{"start":{"line":10,"column":16},"end":{"line":10,"column":30}},"loc":{"start":{"line":15,"column":3},"end":{"line":22,"column":1}},"line":15}},"branchMap":{"0":{"loc":{"start":{"line":11,"column":2},"end":{"line":11,"column":24}},"type":"default-arg","locations":[{"start":{"line":11,"column":12},"end":{"line":11,"column":24}}],"line":11},"1":{"loc":{"start":{"line":12,"column":2},"end":{"line":12,"column":16}},"type":"default-arg","locations":[{"start":{"line":12,"column":9},"end":{"line":12,"column":16}}],"line":12},"2":{"loc":{"start":{"line":13,"column":2},"end":{"line":13,"column":19}},"type":"default-arg","locations":[{"start":{"line":13,"column":10},"end":{"line":13,"column":19}}],"line":13},"3":{"loc":{"start":{"line":19,"column":7},"end":{"line":19,"column":63}},"type":"binary-expr","locations":[{"start":{"line":19,"column":7},"end":{"line":19,"column":14}},{"start":{"line":19,"column":18},"end":{"line":19,"column":63}}],"line":19}},"s":{"0":0,"1":0},"f":{"0":0},"b":{"0":[0],"1":[0],"2":[0],"3":[0,0]}}
,"/Users/jonathangadeaharder/Documents/projects/games/Poker/src/components/StreakFlame.js": {"path":"/Users/jonathangadeaharder/Documents/projects/games/Poker/src/components/StreakFlame.js","statementMap":{"0":{"start":{"line":7,"column":20},"end":{"line":7,"column":57}},"1":{"start":{"line":8,"column":17},"end":{"line":8,"column":61}},"2":{"start":{"line":9,"column":16},"end":{"line":9,"column":59}},"3":{"start":{"line":11,"column":2},"end":{"line":29,"column":22}},"4":{"start":{"line":13,"column":4},"end":{"line":28,"column":5}},"5":{"start":{"line":14,"column":6},"end":{"line":27,"column":16}},"6":{"start":{"line":31,"column":2},"end":{"line":47,"column":3}},"7":{"start":{"line":32,"column":4},"end":{"line":46,"column":6}},"8":{"start":{"line":49,"column":2},"end":{"line":74,"column":4}},"9":{"start":{"line":77,"column":15},"end":{"line":137,"column":2}}},"fnMap":{"0":{"name":"StreakFlame","decl":{"start":{"line":6,"column":24},"end":{"line":6,"column":35}},"loc":{"start":{"line":6,"column":97},"end":{"line":75,"column":1}},"line":6},"1":{"name":"(anonymous_1)","decl":{"start":{"line":11,"column":12},"end":{"line":11,"column":13}},"loc":{"start":{"line":11,"column":18},"end":{"line":29,"column":3}},"line":11}},"branchMap":{"0":{"loc":{"start":{"line":6,"column":78},"end":{"line":6,"column":93}},"type":"default-arg","locations":[{"start":{"line":6,"column":88},"end":{"line":6,"column":93}}],"line":6},"1":{"loc":{"start":{"line":13,"column":4},"end":{"line":28,"column":5}},"type":"if","locations":[{"start":{"line":13,"column":4},"end":{"line":28,"column":5}},{"start":{},"end":{}}],"line":13},"2":{"loc":{"start":{"line":31,"column":2},"end":{"line":47,"column":3}},"type":"if","locations":[{"start":{"line":31,"column":2},"end":{"line":47,"column":3}},{"start":{},"end":{}}],"line":31},"3":{"loc":{"start":{"line":66,"column":33},"end":{"line":66,"column":69}},"type":"cond-expr","locations":[{"start":{"line":66,"column":55},"end":{"line":66,"column":60}},{"start":{"line":66,"column":63},"end":{"line":66,"column":69}}],"line":66}},"s":{"0":0,"1":0,"2":0,"3":0,"4":0,"5":0,"6":0,"7":0,"8":0,"9":0},"f":{"0":0,"1":0},"b":{"0":[0],"1":[0,0],"2":[0,0],"3":[0,0]}}
,"/Users/jonathangadeaharder/Documents/projects/games/Poker/src/components/XPBar.js": {"path":"/Users/jonathangadeaharder/Documents/projects/games/Poker/src/components/XPBar.js","statementMap":{"0":{"start":{"line":7,"column":27},"end":{"line":7,"column":64}},"1":{"start":{"line":8,"column":20},"end":{"line":8,"column":43}},"2":{"start":{"line":10,"column":2},"end":{"line":16,"column":27}},"3":{"start":{"line":11,"column":4},"end":{"line":15,"column":15}},"4":{"start":{"line":18,"column":2},"end":{"line":34,"column":3}},"5":{"start":{"line":19,"column":4},"end":{"line":33,"column":6}},"6":{"start":{"line":36,"column":2},"end":{"line":72,"column":4}},"7":{"start":{"line":75,"column":15},"end":{"line":166,"column":2}}},"fnMap":{"0":{"name":"XPBar","decl":{"start":{"line":6,"column":24},"end":{"line":6,"column":29}},"loc":{"start":{"line":6,"column":80},"end":{"line":73,"column":1}},"line":6},"1":{"name":"(anonymous_1)","decl":{"start":{"line":10,"column":12},"end":{"line":10,"column":13}},"loc":{"start":{"line":10,"column":18},"end":{"line":16,"column":3}},"line":10}},"branchMap":{"0":{"loc":{"start":{"line":6,"column":41},"end":{"line":6,"column":59}},"type":"default-arg","locations":[{"start":{"line":6,"column":55},"end":{"line":6,"column":59}}],"line":6},"1":{"loc":{"start":{"line":6,"column":61},"end":{"line":6,"column":76}},"type":"default-arg","locations":[{"start":{"line":6,"column":71},"end":{"line":6,"column":76}}],"line":6},"2":{"loc":{"start":{"line":18,"column":2},"end":{"line":34,"column":3}},"type":"if","locations":[{"start":{"line":18,"column":2},"end":{"line":34,"column":3}},{"start":{},"end":{}}],"line":18},"3":{"loc":{"start":{"line":38,"column":7},"end":{"line":55,"column":7}},"type":"binary-expr","locations":[{"start":{"line":38,"column":7},"end":{"line":38,"column":18}},{"start":{"line":39,"column":8},"end":{"line":54,"column":15}}],"line":38},"4":{"loc":{"start":{"line":66,"column":7},"end":{"line":70,"column":7}},"type":"binary-expr","locations":[{"start":{"line":66,"column":7},"end":{"line":66,"column":18}},{"start":{"line":67,"column":8},"end":{"line":69,"column":15}}],"line":66}},"s":{"0":0,"1":0,"2":0,"3":0,"4":0,"5":0,"6":0,"7":0},"f":{"0":0,"1":0},"b":{"0":[0],"1":[0],"2":[0,0],"3":[0,0],"4":[0,0]}}
,"/Users/jonathangadeaharder/Documents/projects/games/Poker/src/context/AuthContext.js": {"path":"/Users/jonathangadeaharder/Documents/projects/games/Poker/src/context/AuthContext.js","statementMap":{"0":{"start":{"line":12,"column":20},"end":{"line":12,"column":39}},"1":{"start":{"line":15,"column":26},"end":{"line":15,"column":40}},"2":{"start":{"line":16,"column":32},"end":{"line":16,"column":46}},"3":{"start":{"line":17,"column":48},"end":{"line":17,"column":63}},"4":{"start":{"line":22,"column":2},"end":{"line":24,"column":9}},"5":{"start":{"line":23,"column":4},"end":{"line":23,"column":21}},"6":{"start":{"line":26,"column":25},"end":{"line":63,"column":3}},"7":{"start":{"line":27,"column":4},"end":{"line":62,"column":5}},"8":{"start":{"line":28,"column":6},"end":{"line":28,"column":23}},"9":{"start":{"line":31,"column":24},"end":{"line":31,"column":57}},"10":{"start":{"line":32,"column":21},"end":{"line":32,"column":51}},"11":{"start":{"line":34,"column":6},"end":{"line":56,"column":7}},"12":{"start":{"line":36,"column":8},"end":{"line":36,"column":48}},"13":{"start":{"line":39,"column":23},"end":{"line":41,"column":10}},"14":{"start":{"line":43,"column":8},"end":{"line":55,"column":9}},"15":{"start":{"line":44,"column":10},"end":{"line":44,"column":36}},"16":{"start":{"line":45,"column":10},"end":{"line":45,"column":35}},"17":{"start":{"line":48,"column":10},"end":{"line":48,"column":50}},"18":{"start":{"line":51,"column":10},"end":{"line":51,"column":40}},"19":{"start":{"line":54,"column":10},"end":{"line":54,"column":28}},"20":{"start":{"line":58,"column":6},"end":{"line":58,"column":57}},"21":{"start":{"line":59,"column":6},"end":{"line":59,"column":24}},"22":{"start":{"line":61,"column":6},"end":{"line":61,"column":24}},"23":{"start":{"line":68,"column":16},"end":{"line":96,"column":3}},"24":{"start":{"line":69,"column":4},"end":{"line":95,"column":5}},"25":{"start":{"line":70,"column":21},"end":{"line":70,"column":59}},"26":{"start":{"line":72,"column":6},"end":{"line":83,"column":7}},"27":{"start":{"line":73,"column":8},"end":{"line":73,"column":34}},"28":{"start":{"line":74,"column":8},"end":{"line":74,"column":33}},"29":{"start":{"line":77,"column":8},"end":{"line":77,"column":48}},"30":{"start":{"line":80,"column":8},"end":{"line":80,"column":38}},"31":{"start":{"line":82,"column":8},"end":{"line":82,"column":33}},"32":{"start":{"line":85,"column":6},"end":{"line":88,"column":8}},"33":{"start":{"line":90,"column":6},"end":{"line":90,"column":43}},"34":{"start":{"line":91,"column":6},"end":{"line":94,"column":8}},"35":{"start":{"line":101,"column":19},"end":{"line":129,"column":3}},"36":{"start":{"line":102,"column":4},"end":{"line":128,"column":5}},"37":{"start":{"line":103,"column":21},"end":{"line":103,"column":72}},"38":{"start":{"line":105,"column":6},"end":{"line":116,"column":7}},"39":{"start":{"line":106,"column":8},"end":{"line":106,"column":34}},"40":{"start":{"line":107,"column":8},"end":{"line":107,"column":33}},"41":{"start":{"line":110,"column":8},"end":{"line":110,"column":48}},"42":{"start":{"line":113,"column":8},"end":{"line":113,"column":38}},"43":{"start":{"line":115,"column":8},"end":{"line":115,"column":33}},"44":{"start":{"line":118,"column":6},"end":{"line":121,"column":8}},"45":{"start":{"line":123,"column":6},"end":{"line":123,"column":50}},"46":{"start":{"line":124,"column":6},"end":{"line":127,"column":8}},"47":{"start":{"line":134,"column":17},"end":{"line":145,"column":8}},"48":{"start":{"line":135,"column":4},"end":{"line":144,"column":5}},"49":{"start":{"line":137,"column":6},"end":{"line":139,"column":9}},"50":{"start":{"line":141,"column":6},"end":{"line":141,"column":44}},"51":{"start":{"line":143,"column":6},"end":{"line":143,"column":24}},"52":{"start":{"line":150,"column":20},"end":{"line":158,"column":3}},"53":{"start":{"line":151,"column":4},"end":{"line":151,"column":18}},"54":{"start":{"line":152,"column":4},"end":{"line":152,"column":30}},"55":{"start":{"line":153,"column":4},"end":{"line":153,"column":32}},"56":{"start":{"line":154,"column":4},"end":{"line":154,"column":32}},"57":{"start":{"line":157,"column":4},"end":{"line":157,"column":30}},"58":{"start":{"line":163,"column":22},"end":{"line":179,"column":3}},"59":{"start":{"line":164,"column":4},"end":{"line":178,"column":5}},"60":{"start":{"line":165,"column":21},"end":{"line":167,"column":8}},"61":{"start":{"line":169,"column":6},"end":{"line":172,"column":7}},"62":{"start":{"line":170,"column":8},"end":{"line":170,"column":34}},"63":{"start":{"line":171,"column":8},"end":{"line":171,"column":33}},"64":{"start":{"line":174,"column":6},"end":{"line":174,"column":32}},"65":{"start":{"line":176,"column":6},"end":{"line":176,"column":50}},"66":{"start":{"line":177,"column":6},"end":{"line":177,"column":32}},"67":{"start":{"line":184,"column":24},"end":{"line":207,"column":3}},"68":{"start":{"line":185,"column":4},"end":{"line":206,"column":5}},"69":{"start":{"line":186,"column":21},"end":{"line":189,"column":8}},"70":{"start":{"line":191,"column":6},"end":{"line":194,"column":7}},"71":{"start":{"line":192,"column":8},"end":{"line":192,"column":34}},"72":{"start":{"line":193,"column":8},"end":{"line":193,"column":33}},"73":{"start":{"line":196,"column":6},"end":{"line":199,"column":8}},"74":{"start":{"line":201,"column":6},"end":{"line":201,"column":52}},"75":{"start":{"line":202,"column":6},"end":{"line":205,"column":8}},"76":{"start":{"line":212,"column":2},"end":{"line":223,"column":15}},"77":{"start":{"line":213,"column":26},"end":{"line":216,"column":5}},"78":{"start":{"line":214,"column":6},"end":{"line":214,"column":51}},"79":{"start":{"line":215,"column":6},"end":{"line":215,"column":15}},"80":{"start":{"line":218,"column":4},"end":{"line":218,"column":52}},"81":{"start":{"line":220,"column":4},"end":{"line":222,"column":6}},"82":{"start":{"line":221,"column":6},"end":{"line":221,"column":43}},"83":{"start":{"line":225,"column":16},"end":{"line":234,"column":3}},"84":{"start":{"line":236,"column":2},"end":{"line":236,"column":79}},"85":{"start":{"line":243,"column":18},"end":{"line":243,"column":41}},"86":{"start":{"line":245,"column":2},"end":{"line":247,"column":3}},"87":{"start":{"line":246,"column":4},"end":{"line":246,"column":64}},"88":{"start":{"line":249,"column":2},"end":{"line":249,"column":17}}},"fnMap":{"0":{"name":"AuthProvider","decl":{"start":{"line":14,"column":16},"end":{"line":14,"column":28}},"loc":{"start":{"line":14,"column":43},"end":{"line":237,"column":1}},"line":14},"1":{"name":"(anonymous_1)","decl":{"start":{"line":22,"column":12},"end":{"line":22,"column":13}},"loc":{"start":{"line":22,"column":18},"end":{"line":24,"column":3}},"line":22},"2":{"name":"(anonymous_2)","decl":{"start":{"line":26,"column":25},"end":{"line":26,"column":26}},"loc":{"start":{"line":26,"column":37},"end":{"line":63,"column":3}},"line":26},"3":{"name":"(anonymous_3)","decl":{"start":{"line":68,"column":16},"end":{"line":68,"column":17}},"loc":{"start":{"line":68,"column":43},"end":{"line":96,"column":3}},"line":68},"4":{"name":"(anonymous_4)","decl":{"start":{"line":101,"column":19},"end":{"line":101,"column":20}},"loc":{"start":{"line":101,"column":56},"end":{"line":129,"column":3}},"line":101},"5":{"name":"(anonymous_5)","decl":{"start":{"line":134,"column":29},"end":{"line":134,"column":30}},"loc":{"start":{"line":134,"column":41},"end":{"line":145,"column":3}},"line":134},"6":{"name":"(anonymous_6)","decl":{"start":{"line":150,"column":20},"end":{"line":150,"column":21}},"loc":{"start":{"line":150,"column":32},"end":{"line":158,"column":3}},"line":150},"7":{"name":"(anonymous_7)","decl":{"start":{"line":163,"column":22},"end":{"line":163,"column":23}},"loc":{"start":{"line":163,"column":34},"end":{"line":179,"column":3}},"line":163},"8":{"name":"(anonymous_8)","decl":{"start":{"line":184,"column":24},"end":{"line":184,"column":25}},"loc":{"start":{"line":184,"column":43},"end":{"line":207,"column":3}},"line":184},"9":{"name":"(anonymous_9)","decl":{"start":{"line":212,"column":12},"end":{"line":212,"column":13}},"loc":{"start":{"line":212,"column":18},"end":{"line":223,"column":3}},"line":212},"10":{"name":"(anonymous_10)","decl":{"start":{"line":213,"column":26},"end":{"line":213,"column":27}},"loc":{"start":{"line":213,"column":32},"end":{"line":216,"column":5}},"line":213},"11":{"name":"(anonymous_11)","decl":{"start":{"line":220,"column":11},"end":{"line":220,"column":12}},"loc":{"start":{"line":220,"column":17},"end":{"line":222,"column":5}},"line":220},"12":{"name":"useAuth","decl":{"start":{"line":242,"column":16},"end":{"line":242,"column":23}},"loc":{"start":{"line":242,"column":26},"end":{"line":250,"column":1}},"line":242}},"branchMap":{"0":{"loc":{"start":{"line":34,"column":6},"end":{"line":56,"column":7}},"type":"if","locations":[{"start":{"line":34,"column":6},"end":{"line":56,"column":7}},{"start":{},"end":{}}],"line":34},"1":{"loc":{"start":{"line":34,"column":10},"end":{"line":34,"column":29}},"type":"binary-expr","locations":[{"start":{"line":34,"column":10},"end":{"line":34,"column":19}},{"start":{"line":34,"column":23},"end":{"line":34,"column":29}}],"line":34},"2":{"loc":{"start":{"line":43,"column":8},"end":{"line":55,"column":9}},"type":"if","locations":[{"start":{"line":43,"column":8},"end":{"line":55,"column":9}},{"start":{"line":52,"column":15},"end":{"line":55,"column":9}}],"line":43},"3":{"loc":{"start":{"line":43,"column":12},"end":{"line":43,"column":46}},"type":"binary-expr","locations":[{"start":{"line":43,"column":12},"end":{"line":43,"column":26}},{"start":{"line":43,"column":30},"end":{"line":43,"column":46}}],"line":43},"4":{"loc":{"start":{"line":72,"column":6},"end":{"line":83,"column":7}},"type":"if","locations":[{"start":{"line":72,"column":6},"end":{"line":83,"column":7}},{"start":{},"end":{}}],"line":72},"5":{"loc":{"start":{"line":72,"column":10},"end":{"line":72,"column":44}},"type":"binary-expr","locations":[{"start":{"line":72,"column":10},"end":{"line":72,"column":24}},{"start":{"line":72,"column":28},"end":{"line":72,"column":44}}],"line":72},"6":{"loc":{"start":{"line":87,"column":15},"end":{"line":87,"column":45}},"type":"binary-expr","locations":[{"start":{"line":87,"column":15},"end":{"line":87,"column":27}},{"start":{"line":87,"column":31},"end":{"line":87,"column":45}}],"line":87},"7":{"loc":{"start":{"line":105,"column":6},"end":{"line":116,"column":7}},"type":"if","locations":[{"start":{"line":105,"column":6},"end":{"line":116,"column":7}},{"start":{},"end":{}}],"line":105},"8":{"loc":{"start":{"line":105,"column":10},"end":{"line":105,"column":44}},"type":"binary-expr","locations":[{"start":{"line":105,"column":10},"end":{"line":105,"column":24}},{"start":{"line":105,"column":28},"end":{"line":105,"column":44}}],"line":105},"9":{"loc":{"start":{"line":120,"column":15},"end":{"line":120,"column":52}},"type":"binary-expr","locations":[{"start":{"line":120,"column":15},"end":{"line":120,"column":27}},{"start":{"line":120,"column":31},"end":{"line":120,"column":52}}],"line":120},"10":{"loc":{"start":{"line":169,"column":6},"end":{"line":172,"column":7}},"type":"if","locations":[{"start":{"line":169,"column":6},"end":{"line":172,"column":7}},{"start":{},"end":{}}],"line":169},"11":{"loc":{"start":{"line":169,"column":10},"end":{"line":169,"column":44}},"type":"binary-expr","locations":[{"start":{"line":169,"column":10},"end":{"line":169,"column":24}},{"start":{"line":169,"column":28},"end":{"line":169,"column":44}}],"line":169},"12":{"loc":{"start":{"line":191,"column":6},"end":{"line":194,"column":7}},"type":"if","locations":[{"start":{"line":191,"column":6},"end":{"line":194,"column":7}},{"start":{},"end":{}}],"line":191},"13":{"loc":{"start":{"line":191,"column":10},"end":{"line":191,"column":44}},"type":"binary-expr","locations":[{"start":{"line":191,"column":10},"end":{"line":191,"column":24}},{"start":{"line":191,"column":28},"end":{"line":191,"column":44}}],"line":191},"14":{"loc":{"start":{"line":198,"column":15},"end":{"line":198,"column":54}},"type":"binary-expr","locations":[{"start":{"line":198,"column":15},"end":{"line":198,"column":27}},{"start":{"line":198,"column":31},"end":{"line":198,"column":54}}],"line":198},"15":{"loc":{"start":{"line":245,"column":2},"end":{"line":247,"column":3}},"type":"if","locations":[{"start":{"line":245,"column":2},"end":{"line":247,"column":3}},{"start":{},"end":{}}],"line":245}},"s":{"0":1,"1":0,"2":0,"3":0,"4":0,"5":0,"6":0,"7":0,"8":0,"9":0,"10":0,"11":0,"12":0,"13":0,"14":0,"15":0,"16":0,"17":0,"18":0,"19":0,"20":0,"21":0,"22":0,"23":0,"24":0,"25":0,"26":0,"27":0,"28":0,"29":0,"30":0,"31":0,"32":0,"33":0,"34":0,"35":0,"36":0,"37":0,"38":0,"39":0,"40":0,"41":0,"42":0,"43":0,"44":0,"45":0,"46":0,"47":0,"48":0,"49":0,"50":0,"51":0,"52":0,"53":0,"54":0,"55":0,"56":0,"57":0,"58":0,"59":0,"60":0,"61":0,"62":0,"63":0,"64":0,"65":0,"66":0,"67":0,"68":0,"69":0,"70":0,"71":0,"72":0,"73":0,"74":0,"75":0,"76":0,"77":0,"78":0,"79":0,"80":0,"81":0,"82":0,"83":0,"84":0,"85":0,"86":0,"87":0,"88":0},"f":{"0":0,"1":0,"2":0,"3":0,"4":0,"5":0,"6":0,"7":0,"8":0,"9":0,"10":0,"11":0,"12":0},"b":{"0":[0,0],"1":[0,0],"2":[0,0],"3":[0,0],"4":[0,0],"5":[0,0],"6":[0,0],"7":[0,0],"8":[0,0],"9":[0,0],"10":[0,0],"11":[0,0],"12":[0,0],"13":[0,0],"14":[0,0],"15":[0,0]},"_coverageSchema":"1a1c01bbd47fc00a2c39e90264f33305004495a9","hash":"f4fc791f99469b0e0d2d27b3726c8b89b3cd5710"}
,"/Users/jonathangadeaharder/Documents/projects/games/Poker/src/core/adaptiveEngine.js": {"path":"/Users/jonathangadeaharder/Documents/projects/games/Poker/src/core/adaptiveEngine.js","statementMap":{"0":{"start":{"line":12,"column":33},"end":{"line":18,"column":1}},"1":{"start":{"line":25,"column":4},"end":{"line":25,"column":22}},"2":{"start":{"line":26,"column":4},"end":{"line":26,"column":27}},"3":{"start":{"line":27,"column":4},"end":{"line":27,"column":27}},"4":{"start":{"line":34,"column":18},"end":{"line":40,"column":5}},"5":{"start":{"line":42,"column":4},"end":{"line":42,"column":29}},"6":{"start":{"line":45,"column":4},"end":{"line":50,"column":5}},"7":{"start":{"line":46,"column":6},"end":{"line":46,"column":27}},"8":{"start":{"line":47,"column":6},"end":{"line":47,"column":76}},"9":{"start":{"line":49,"column":6},"end":{"line":49,"column":29}},"10":{"start":{"line":53,"column":4},"end":{"line":55,"column":5}},"11":{"start":{"line":54,"column":6},"end":{"line":54,"column":46}},"12":{"start":{"line":57,"column":4},"end":{"line":57,"column":17}},"13":{"start":{"line":64,"column":19},"end":{"line":64,"column":45}},"14":{"start":{"line":65,"column":4},"end":{"line":65,"column":38}},"15":{"start":{"line":65,"column":29},"end":{"line":65,"column":38}},"16":{"start":{"line":67,"column":20},"end":{"line":67,"column":56}},"17":{"start":{"line":67,"column":39},"end":{"line":67,"column":48}},"18":{"start":{"line":68,"column":4},"end":{"line":68,"column":35}},"19":{"start":{"line":75,"column":21},"end":{"line":77,"column":20}},"20":{"start":{"line":76,"column":19},"end":{"line":76,"column":46}},"21":{"start":{"line":79,"column":4},"end":{"line":79,"column":43}},"22":{"start":{"line":79,"column":31},"end":{"line":79,"column":43}},"23":{"start":{"line":81,"column":20},"end":{"line":81,"column":58}},"24":{"start":{"line":81,"column":41},"end":{"line":81,"column":50}},"25":{"start":{"line":82,"column":4},"end":{"line":82,"column":37}},"26":{"start":{"line":89,"column":21},"end":{"line":91,"column":20}},"27":{"start":{"line":90,"column":19},"end":{"line":90,"column":46}},"28":{"start":{"line":93,"column":4},"end":{"line":93,"column":43}},"29":{"start":{"line":93,"column":31},"end":{"line":93,"column":43}},"30":{"start":{"line":95,"column":22},"end":{"line":95,"column":71}},"31":{"start":{"line":95,"column":50},"end":{"line":95,"column":67}},"32":{"start":{"line":96,"column":4},"end":{"line":96,"column":39}},"33":{"start":{"line":103,"column":4},"end":{"line":103,"column":43}},"34":{"start":{"line":103,"column":34},"end":{"line":103,"column":43}},"35":{"start":{"line":106,"column":21},"end":{"line":106,"column":44}},"36":{"start":{"line":107,"column":23},"end":{"line":107,"column":51}},"37":{"start":{"line":109,"column":27},"end":{"line":109,"column":70}},"38":{"start":{"line":109,"column":48},"end":{"line":109,"column":57}},"39":{"start":{"line":110,"column":29},"end":{"line":110,"column":74}},"40":{"start":{"line":110,"column":52},"end":{"line":110,"column":61}},"41":{"start":{"line":112,"column":4},"end":{"line":112,"column":45}},"42":{"start":{"line":119,"column":29},"end":{"line":119,"column":31}},"43":{"start":{"line":121,"column":4},"end":{"line":131,"column":7}},"44":{"start":{"line":122,"column":20},"end":{"line":122,"column":36}},"45":{"start":{"line":123,"column":6},"end":{"line":125,"column":7}},"46":{"start":{"line":124,"column":8},"end":{"line":124,"column":59}},"47":{"start":{"line":127,"column":6},"end":{"line":127,"column":38}},"48":{"start":{"line":128,"column":6},"end":{"line":130,"column":7}},"49":{"start":{"line":129,"column":8},"end":{"line":129,"column":42}},"50":{"start":{"line":134,"column":4},"end":{"line":144,"column":47}},"51":{"start":{"line":136,"column":25},"end":{"line":136,"column":52}},"52":{"start":{"line":137,"column":8},"end":{"line":137,"column":50}},"53":{"start":{"line":139,"column":32},"end":{"line":143,"column":7}},"54":{"start":{"line":144,"column":22},"end":{"line":144,"column":45}},"55":{"start":{"line":153,"column":4},"end":{"line":153,"column":38}},"56":{"start":{"line":154,"column":4},"end":{"line":154,"column":52}},"57":{"start":{"line":155,"column":4},"end":{"line":155,"column":32}},"58":{"start":{"line":162,"column":27},"end":{"line":162,"column":61}},"59":{"start":{"line":163,"column":29},"end":{"line":163,"column":63}},"60":{"start":{"line":166,"column":4},"end":{"line":168,"column":5}},"61":{"start":{"line":167,"column":6},"end":{"line":167,"column":36}},"62":{"start":{"line":173,"column":4},"end":{"line":182,"column":5}},"63":{"start":{"line":175,"column":6},"end":{"line":175,"column":78}},"64":{"start":{"line":176,"column":11},"end":{"line":182,"column":5}},"65":{"start":{"line":178,"column":6},"end":{"line":178,"column":78}},"66":{"start":{"line":181,"column":6},"end":{"line":181,"column":53}},"67":{"start":{"line":185,"column":4},"end":{"line":194,"column":5}},"68":{"start":{"line":186,"column":6},"end":{"line":191,"column":9}},"69":{"start":{"line":193,"column":6},"end":{"line":193,"column":53}},"70":{"start":{"line":196,"column":4},"end":{"line":196,"column":33}},"71":{"start":{"line":203,"column":19},"end":{"line":203,"column":51}},"72":{"start":{"line":204,"column":25},"end":{"line":204,"column":48}},"73":{"start":{"line":205,"column":4},"end":{"line":205,"column":65}},"74":{"start":{"line":212,"column":19},"end":{"line":212,"column":51}},"75":{"start":{"line":213,"column":25},"end":{"line":213,"column":48}},"76":{"start":{"line":214,"column":4},"end":{"line":214,"column":49}},"77":{"start":{"line":221,"column":4},"end":{"line":229,"column":5}},"78":{"start":{"line":222,"column":6},"end":{"line":222,"column":64}},"79":{"start":{"line":223,"column":11},"end":{"line":229,"column":5}},"80":{"start":{"line":224,"column":6},"end":{"line":224,"column":50}},"81":{"start":{"line":225,"column":11},"end":{"line":229,"column":5}},"82":{"start":{"line":226,"column":6},"end":{"line":226,"column":57}},"83":{"start":{"line":227,"column":11},"end":{"line":229,"column":5}},"84":{"start":{"line":228,"column":6},"end":{"line":228,"column":60}},"85":{"start":{"line":230,"column":4},"end":{"line":230,"column":49}},"86":{"start":{"line":238,"column":23},"end":{"line":238,"column":51}},"87":{"start":{"line":239,"column":27},"end":{"line":239,"column":61}},"88":{"start":{"line":242,"column":20},"end":{"line":248,"column":5}},"89":{"start":{"line":251,"column":4},"end":{"line":265,"column":5}},"90":{"start":{"line":253,"column":6},"end":{"line":253,"column":49}},"91":{"start":{"line":254,"column":6},"end":{"line":254,"column":45}},"92":{"start":{"line":255,"column":6},"end":{"line":255,"column":47}},"93":{"start":{"line":256,"column":6},"end":{"line":256,"column":45}},"94":{"start":{"line":257,"column":6},"end":{"line":257,"column":44}},"95":{"start":{"line":258,"column":11},"end":{"line":265,"column":5}},"96":{"start":{"line":260,"column":6},"end":{"line":260,"column":46}},"97":{"start":{"line":261,"column":6},"end":{"line":261,"column":45}},"98":{"start":{"line":262,"column":6},"end":{"line":262,"column":47}},"99":{"start":{"line":263,"column":6},"end":{"line":263,"column":45}},"100":{"start":{"line":264,"column":6},"end":{"line":264,"column":47}},"101":{"start":{"line":268,"column":4},"end":{"line":280,"column":5}},"102":{"start":{"line":269,"column":6},"end":{"line":273,"column":9}},"103":{"start":{"line":270,"column":8},"end":{"line":272,"column":9}},"104":{"start":{"line":271,"column":10},"end":{"line":271,"column":38}},"105":{"start":{"line":276,"column":20},"end":{"line":276,"column":69}},"106":{"start":{"line":276,"column":60},"end":{"line":276,"column":65}},"107":{"start":{"line":277,"column":6},"end":{"line":279,"column":9}},"108":{"start":{"line":278,"column":8},"end":{"line":278,"column":30}},"109":{"start":{"line":282,"column":4},"end":{"line":282,"column":19}},"110":{"start":{"line":289,"column":20},"end":{"line":289,"column":54}},"111":{"start":{"line":292,"column":19},"end":{"line":292,"column":32}},"112":{"start":{"line":293,"column":21},"end":{"line":293,"column":22}},"113":{"start":{"line":295,"column":4},"end":{"line":300,"column":5}},"114":{"start":{"line":296,"column":6},"end":{"line":296,"column":27}},"115":{"start":{"line":297,"column":6},"end":{"line":299,"column":7}},"116":{"start":{"line":298,"column":8},"end":{"line":298,"column":26}},"117":{"start":{"line":303,"column":4},"end":{"line":303,"column":34}},"118":{"start":{"line":310,"column":23},"end":{"line":310,"column":51}},"119":{"start":{"line":311,"column":34},"end":{"line":311,"column":65}},"120":{"start":{"line":312,"column":27},"end":{"line":312,"column":61}},"121":{"start":{"line":314,"column":4},"end":{"line":321,"column":6}},"122":{"start":{"line":328,"column":18},"end":{"line":328,"column":20}},"123":{"start":{"line":330,"column":4},"end":{"line":336,"column":5}},"124":{"start":{"line":331,"column":6},"end":{"line":335,"column":9}},"125":{"start":{"line":338,"column":4},"end":{"line":344,"column":7}},"126":{"start":{"line":339,"column":6},"end":{"line":343,"column":9}},"127":{"start":{"line":346,"column":4},"end":{"line":352,"column":5}},"128":{"start":{"line":347,"column":6},"end":{"line":351,"column":9}},"129":{"start":{"line":354,"column":4},"end":{"line":354,"column":17}},"130":{"start":{"line":361,"column":18},"end":{"line":361,"column":20}},"131":{"start":{"line":363,"column":4},"end":{"line":365,"column":5}},"132":{"start":{"line":364,"column":6},"end":{"line":364,"column":106}},"133":{"start":{"line":367,"column":4},"end":{"line":375,"column":5}},"134":{"start":{"line":368,"column":6},"end":{"line":368,"column":66}},"135":{"start":{"line":369,"column":6},"end":{"line":369,"column":55}},"136":{"start":{"line":371,"column":6},"end":{"line":371,"column":66}},"137":{"start":{"line":372,"column":6},"end":{"line":374,"column":7}},"138":{"start":{"line":373,"column":8},"end":{"line":373,"column":62}},"139":{"start":{"line":377,"column":4},"end":{"line":377,"column":17}},"140":{"start":{"line":386,"column":4},"end":{"line":386,"column":41}},"141":{"start":{"line":387,"column":4},"end":{"line":387,"column":29}},"142":{"start":{"line":394,"column":29},"end":{"line":394,"column":31}},"143":{"start":{"line":397,"column":21},"end":{"line":397,"column":23}},"144":{"start":{"line":398,"column":4},"end":{"line":400,"column":7}},"145":{"start":{"line":399,"column":6},"end":{"line":399,"column":43}},"146":{"start":{"line":403,"column":23},"end":{"line":403,"column":66}},"147":{"start":{"line":404,"column":27},"end":{"line":404,"column":55}},"148":{"start":{"line":404,"column":47},"end":{"line":404,"column":54}},"149":{"start":{"line":412,"column":24},"end":{"line":421,"column":6}},"150":{"start":{"line":413,"column":22},"end":{"line":413,"column":57}},"151":{"start":{"line":414,"column":22},"end":{"line":414,"column":57}},"152":{"start":{"line":416,"column":6},"end":{"line":416,"column":41}},"153":{"start":{"line":416,"column":31},"end":{"line":416,"column":41}},"154":{"start":{"line":417,"column":6},"end":{"line":417,"column":40}},"155":{"start":{"line":417,"column":31},"end":{"line":417,"column":40}},"156":{"start":{"line":420,"column":6},"end":{"line":420,"column":37}},"157":{"start":{"line":423,"column":4},"end":{"line":423,"column":58}},"158":{"start":{"line":426,"column":4},"end":{"line":444,"column":5}},"159":{"start":{"line":427,"column":23},"end":{"line":427,"column":25}},"160":{"start":{"line":428,"column":6},"end":{"line":430,"column":9}},"161":{"start":{"line":429,"column":8},"end":{"line":429,"column":45}},"162":{"start":{"line":432,"column":36},"end":{"line":432,"column":73}},"163":{"start":{"line":435,"column":26},"end":{"line":441,"column":50}},"164":{"start":{"line":437,"column":36},"end":{"line":437,"column":97}},"165":{"start":{"line":438,"column":30},"end":{"line":438,"column":68}},"166":{"start":{"line":439,"column":10},"end":{"line":439,"column":50}},"167":{"start":{"line":443,"column":6},"end":{"line":443,"column":44}},"168":{"start":{"line":446,"column":4},"end":{"line":446,"column":28}},"169":{"start":{"line":454,"column":22},"end":{"line":454,"column":42}},"170":{"start":{"line":457,"column":4},"end":{"line":462,"column":6}},"171":{"start":{"line":465,"column":26},"end":{"line":465,"column":72}},"172":{"start":{"line":467,"column":4},"end":{"line":473,"column":6}}},"fnMap":{"0":{"name":"(anonymous_0)","decl":{"start":{"line":24,"column":2},"end":{"line":24,"column":3}},"loc":{"start":{"line":24,"column":16},"end":{"line":28,"column":3}},"line":24},"1":{"name":"(anonymous_1)","decl":{"start":{"line":33,"column":2},"end":{"line":33,"column":3}},"loc":{"start":{"line":33,"column":59},"end":{"line":58,"column":3}},"line":33},"2":{"name":"(anonymous_2)","decl":{"start":{"line":63,"column":2},"end":{"line":63,"column":3}},"loc":{"start":{"line":63,"column":32},"end":{"line":69,"column":3}},"line":63},"3":{"name":"(anonymous_3)","decl":{"start":{"line":67,"column":34},"end":{"line":67,"column":35}},"loc":{"start":{"line":67,"column":39},"end":{"line":67,"column":48}},"line":67},"4":{"name":"(anonymous_4)","decl":{"start":{"line":74,"column":2},"end":{"line":74,"column":3}},"loc":{"start":{"line":74,"column":50},"end":{"line":83,"column":3}},"line":74},"5":{"name":"(anonymous_5)","decl":{"start":{"line":76,"column":14},"end":{"line":76,"column":15}},"loc":{"start":{"line":76,"column":19},"end":{"line":76,"column":46}},"line":76},"6":{"name":"(anonymous_6)","decl":{"start":{"line":81,"column":36},"end":{"line":81,"column":37}},"loc":{"start":{"line":81,"column":41},"end":{"line":81,"column":50}},"line":81},"7":{"name":"(anonymous_7)","decl":{"start":{"line":88,"column":2},"end":{"line":88,"column":3}},"loc":{"start":{"line":88,"column":53},"end":{"line":97,"column":3}},"line":88},"8":{"name":"(anonymous_8)","decl":{"start":{"line":90,"column":14},"end":{"line":90,"column":15}},"loc":{"start":{"line":90,"column":19},"end":{"line":90,"column":46}},"line":90},"9":{"name":"(anonymous_9)","decl":{"start":{"line":95,"column":38},"end":{"line":95,"column":39}},"loc":{"start":{"line":95,"column":50},"end":{"line":95,"column":67}},"line":95},"10":{"name":"(anonymous_10)","decl":{"start":{"line":102,"column":2},"end":{"line":102,"column":3}},"loc":{"start":{"line":102,"column":24},"end":{"line":113,"column":3}},"line":102},"11":{"name":"(anonymous_11)","decl":{"start":{"line":109,"column":43},"end":{"line":109,"column":44}},"loc":{"start":{"line":109,"column":48},"end":{"line":109,"column":57}},"line":109},"12":{"name":"(anonymous_12)","decl":{"start":{"line":110,"column":47},"end":{"line":110,"column":48}},"loc":{"start":{"line":110,"column":52},"end":{"line":110,"column":61}},"line":110},"13":{"name":"(anonymous_13)","decl":{"start":{"line":118,"column":2},"end":{"line":118,"column":3}},"loc":{"start":{"line":118,"column":18},"end":{"line":145,"column":3}},"line":118},"14":{"name":"(anonymous_14)","decl":{"start":{"line":121,"column":25},"end":{"line":121,"column":26}},"loc":{"start":{"line":121,"column":34},"end":{"line":131,"column":5}},"line":121},"15":{"name":"(anonymous_15)","decl":{"start":{"line":135,"column":14},"end":{"line":135,"column":15}},"loc":{"start":{"line":135,"column":34},"end":{"line":138,"column":7}},"line":135},"16":{"name":"(anonymous_16)","decl":{"start":{"line":139,"column":11},"end":{"line":139,"column":12}},"loc":{"start":{"line":139,"column":32},"end":{"line":143,"column":7}},"line":139},"17":{"name":"(anonymous_17)","decl":{"start":{"line":144,"column":12},"end":{"line":144,"column":13}},"loc":{"start":{"line":144,"column":22},"end":{"line":144,"column":45}},"line":144},"18":{"name":"(anonymous_18)","decl":{"start":{"line":152,"column":2},"end":{"line":152,"column":3}},"loc":{"start":{"line":152,"column":34},"end":{"line":156,"column":3}},"line":152},"19":{"name":"(anonymous_19)","decl":{"start":{"line":161,"column":2},"end":{"line":161,"column":3}},"loc":{"start":{"line":161,"column":29},"end":{"line":197,"column":3}},"line":161},"20":{"name":"(anonymous_20)","decl":{"start":{"line":202,"column":2},"end":{"line":202,"column":3}},"loc":{"start":{"line":202,"column":30},"end":{"line":206,"column":3}},"line":202},"21":{"name":"(anonymous_21)","decl":{"start":{"line":211,"column":2},"end":{"line":211,"column":3}},"loc":{"start":{"line":211,"column":30},"end":{"line":215,"column":3}},"line":211},"22":{"name":"(anonymous_22)","decl":{"start":{"line":220,"column":2},"end":{"line":220,"column":3}},"loc":{"start":{"line":220,"column":48},"end":{"line":231,"column":3}},"line":220},"23":{"name":"(anonymous_23)","decl":{"start":{"line":237,"column":2},"end":{"line":237,"column":3}},"loc":{"start":{"line":237,"column":32},"end":{"line":283,"column":3}},"line":237},"24":{"name":"(anonymous_24)","decl":{"start":{"line":269,"column":25},"end":{"line":269,"column":26}},"loc":{"start":{"line":269,"column":34},"end":{"line":273,"column":7}},"line":269},"25":{"name":"(anonymous_25)","decl":{"start":{"line":276,"column":50},"end":{"line":276,"column":51}},"loc":{"start":{"line":276,"column":60},"end":{"line":276,"column":65}},"line":276},"26":{"name":"(anonymous_26)","decl":{"start":{"line":277,"column":35},"end":{"line":277,"column":36}},"loc":{"start":{"line":277,"column":42},"end":{"line":279,"column":7}},"line":277},"27":{"name":"(anonymous_27)","decl":{"start":{"line":288,"column":2},"end":{"line":288,"column":3}},"loc":{"start":{"line":288,"column":33},"end":{"line":304,"column":3}},"line":288},"28":{"name":"(anonymous_28)","decl":{"start":{"line":309,"column":2},"end":{"line":309,"column":3}},"loc":{"start":{"line":309,"column":32},"end":{"line":322,"column":3}},"line":309},"29":{"name":"(anonymous_29)","decl":{"start":{"line":327,"column":2},"end":{"line":327,"column":3}},"loc":{"start":{"line":327,"column":38},"end":{"line":355,"column":3}},"line":327},"30":{"name":"(anonymous_30)","decl":{"start":{"line":338,"column":35},"end":{"line":338,"column":36}},"loc":{"start":{"line":338,"column":44},"end":{"line":344,"column":5}},"line":338},"31":{"name":"(anonymous_31)","decl":{"start":{"line":360,"column":2},"end":{"line":360,"column":3}},"loc":{"start":{"line":360,"column":37},"end":{"line":378,"column":3}},"line":360},"32":{"name":"(anonymous_32)","decl":{"start":{"line":385,"column":2},"end":{"line":385,"column":3}},"loc":{"start":{"line":385,"column":40},"end":{"line":388,"column":3}},"line":385},"33":{"name":"(anonymous_33)","decl":{"start":{"line":393,"column":2},"end":{"line":393,"column":3}},"loc":{"start":{"line":393,"column":34},"end":{"line":447,"column":3}},"line":393},"34":{"name":"(anonymous_34)","decl":{"start":{"line":398,"column":26},"end":{"line":398,"column":27}},"loc":{"start":{"line":398,"column":34},"end":{"line":400,"column":5}},"line":398},"35":{"name":"(anonymous_35)","decl":{"start":{"line":404,"column":42},"end":{"line":404,"column":43}},"loc":{"start":{"line":404,"column":47},"end":{"line":404,"column":54}},"line":404},"36":{"name":"(anonymous_36)","decl":{"start":{"line":412,"column":38},"end":{"line":412,"column":39}},"loc":{"start":{"line":412,"column":48},"end":{"line":421,"column":5}},"line":412},"37":{"name":"(anonymous_37)","decl":{"start":{"line":428,"column":28},"end":{"line":428,"column":29}},"loc":{"start":{"line":428,"column":36},"end":{"line":430,"column":7}},"line":428},"38":{"name":"(anonymous_38)","decl":{"start":{"line":436,"column":16},"end":{"line":436,"column":17}},"loc":{"start":{"line":436,"column":24},"end":{"line":440,"column":9}},"line":436},"39":{"name":"(anonymous_39)","decl":{"start":{"line":452,"column":2},"end":{"line":452,"column":3}},"loc":{"start":{"line":452,"column":46},"end":{"line":474,"column":3}},"line":452}},"branchMap":{"0":{"loc":{"start":{"line":45,"column":4},"end":{"line":50,"column":5}},"type":"if","locations":[{"start":{"line":45,"column":4},"end":{"line":50,"column":5}},{"start":{"line":48,"column":11},"end":{"line":50,"column":5}}],"line":45},"1":{"loc":{"start":{"line":53,"column":4},"end":{"line":55,"column":5}},"type":"if","locations":[{"start":{"line":53,"column":4},"end":{"line":55,"column":5}},{"start":{},"end":{}}],"line":53},"2":{"loc":{"start":{"line":63,"column":20},"end":{"line":63,"column":30}},"type":"default-arg","locations":[{"start":{"line":63,"column":28},"end":{"line":63,"column":30}}],"line":63},"3":{"loc":{"start":{"line":65,"column":4},"end":{"line":65,"column":38}},"type":"if","locations":[{"start":{"line":65,"column":4},"end":{"line":65,"column":38}},{"start":{},"end":{}}],"line":65},"4":{"loc":{"start":{"line":74,"column":38},"end":{"line":74,"column":48}},"type":"default-arg","locations":[{"start":{"line":74,"column":46},"end":{"line":74,"column":48}}],"line":74},"5":{"loc":{"start":{"line":79,"column":4},"end":{"line":79,"column":43}},"type":"if","locations":[{"start":{"line":79,"column":4},"end":{"line":79,"column":43}},{"start":{},"end":{}}],"line":79},"6":{"loc":{"start":{"line":88,"column":41},"end":{"line":88,"column":51}},"type":"default-arg","locations":[{"start":{"line":88,"column":49},"end":{"line":88,"column":51}}],"line":88},"7":{"loc":{"start":{"line":93,"column":4},"end":{"line":93,"column":43}},"type":"if","locations":[{"start":{"line":93,"column":4},"end":{"line":93,"column":43}},{"start":{},"end":{}}],"line":93},"8":{"loc":{"start":{"line":103,"column":4},"end":{"line":103,"column":43}},"type":"if","locations":[{"start":{"line":103,"column":4},"end":{"line":103,"column":43}},{"start":{},"end":{}}],"line":103},"9":{"loc":{"start":{"line":123,"column":6},"end":{"line":125,"column":7}},"type":"if","locations":[{"start":{"line":123,"column":6},"end":{"line":125,"column":7}},{"start":{},"end":{}}],"line":123},"10":{"loc":{"start":{"line":128,"column":6},"end":{"line":130,"column":7}},"type":"if","locations":[{"start":{"line":128,"column":6},"end":{"line":130,"column":7}},{"start":{},"end":{}}],"line":128},"11":{"loc":{"start":{"line":137,"column":15},"end":{"line":137,"column":49}},"type":"binary-expr","locations":[{"start":{"line":137,"column":15},"end":{"line":137,"column":29}},{"start":{"line":137,"column":33},"end":{"line":137,"column":49}}],"line":137},"12":{"loc":{"start":{"line":166,"column":4},"end":{"line":168,"column":5}},"type":"if","locations":[{"start":{"line":166,"column":4},"end":{"line":168,"column":5}},{"start":{},"end":{}}],"line":166},"13":{"loc":{"start":{"line":173,"column":4},"end":{"line":182,"column":5}},"type":"if","locations":[{"start":{"line":173,"column":4},"end":{"line":182,"column":5}},{"start":{"line":176,"column":11},"end":{"line":182,"column":5}}],"line":173},"14":{"loc":{"start":{"line":173,"column":8},"end":{"line":173,"column":55}},"type":"binary-expr","locations":[{"start":{"line":173,"column":8},"end":{"line":173,"column":30}},{"start":{"line":173,"column":34},"end":{"line":173,"column":55}}],"line":173},"15":{"loc":{"start":{"line":176,"column":11},"end":{"line":182,"column":5}},"type":"if","locations":[{"start":{"line":176,"column":11},"end":{"line":182,"column":5}},{"start":{"line":179,"column":11},"end":{"line":182,"column":5}}],"line":176},"16":{"loc":{"start":{"line":185,"column":4},"end":{"line":194,"column":5}},"type":"if","locations":[{"start":{"line":185,"column":4},"end":{"line":194,"column":5}},{"start":{},"end":{}}],"line":185},"17":{"loc":{"start":{"line":221,"column":4},"end":{"line":229,"column":5}},"type":"if","locations":[{"start":{"line":221,"column":4},"end":{"line":229,"column":5}},{"start":{"line":223,"column":11},"end":{"line":229,"column":5}}],"line":221},"18":{"loc":{"start":{"line":223,"column":11},"end":{"line":229,"column":5}},"type":"if","locations":[{"start":{"line":223,"column":11},"end":{"line":229,"column":5}},{"start":{"line":225,"column":11},"end":{"line":229,"column":5}}],"line":223},"19":{"loc":{"start":{"line":225,"column":11},"end":{"line":229,"column":5}},"type":"if","locations":[{"start":{"line":225,"column":11},"end":{"line":229,"column":5}},{"start":{"line":227,"column":11},"end":{"line":229,"column":5}}],"line":225},"20":{"loc":{"start":{"line":227,"column":11},"end":{"line":229,"column":5}},"type":"if","locations":[{"start":{"line":227,"column":11},"end":{"line":229,"column":5}},{"start":{},"end":{}}],"line":227},"21":{"loc":{"start":{"line":251,"column":4},"end":{"line":265,"column":5}},"type":"if","locations":[{"start":{"line":251,"column":4},"end":{"line":265,"column":5}},{"start":{"line":258,"column":11},"end":{"line":265,"column":5}}],"line":251},"22":{"loc":{"start":{"line":258,"column":11},"end":{"line":265,"column":5}},"type":"if","locations":[{"start":{"line":258,"column":11},"end":{"line":265,"column":5}},{"start":{},"end":{}}],"line":258},"23":{"loc":{"start":{"line":268,"column":4},"end":{"line":280,"column":5}},"type":"if","locations":[{"start":{"line":268,"column":4},"end":{"line":280,"column":5}},{"start":{},"end":{}}],"line":268},"24":{"loc":{"start":{"line":270,"column":8},"end":{"line":272,"column":9}},"type":"if","locations":[{"start":{"line":270,"column":8},"end":{"line":272,"column":9}},{"start":{},"end":{}}],"line":270},"25":{"loc":{"start":{"line":297,"column":6},"end":{"line":299,"column":7}},"type":"if","locations":[{"start":{"line":297,"column":6},"end":{"line":299,"column":7}},{"start":{},"end":{}}],"line":297},"26":{"loc":{"start":{"line":330,"column":4},"end":{"line":336,"column":5}},"type":"if","locations":[{"start":{"line":330,"column":4},"end":{"line":336,"column":5}},{"start":{},"end":{}}],"line":330},"27":{"loc":{"start":{"line":346,"column":4},"end":{"line":352,"column":5}},"type":"if","locations":[{"start":{"line":346,"column":4},"end":{"line":352,"column":5}},{"start":{},"end":{}}],"line":346},"28":{"loc":{"start":{"line":363,"column":4},"end":{"line":365,"column":5}},"type":"if","locations":[{"start":{"line":363,"column":4},"end":{"line":365,"column":5}},{"start":{},"end":{}}],"line":363},"29":{"loc":{"start":{"line":367,"column":4},"end":{"line":375,"column":5}},"type":"if","locations":[{"start":{"line":367,"column":4},"end":{"line":375,"column":5}},{"start":{"line":370,"column":11},"end":{"line":375,"column":5}}],"line":367},"30":{"loc":{"start":{"line":372,"column":6},"end":{"line":374,"column":7}},"type":"if","locations":[{"start":{"line":372,"column":6},"end":{"line":374,"column":7}},{"start":{},"end":{}}],"line":372},"31":{"loc":{"start":{"line":393,"column":22},"end":{"line":393,"column":32}},"type":"default-arg","locations":[{"start":{"line":393,"column":30},"end":{"line":393,"column":32}}],"line":393},"32":{"loc":{"start":{"line":416,"column":6},"end":{"line":416,"column":41}},"type":"if","locations":[{"start":{"line":416,"column":6},"end":{"line":416,"column":41}},{"start":{},"end":{}}],"line":416},"33":{"loc":{"start":{"line":416,"column":10},"end":{"line":416,"column":29}},"type":"binary-expr","locations":[{"start":{"line":416,"column":10},"end":{"line":416,"column":17}},{"start":{"line":416,"column":21},"end":{"line":416,"column":29}}],"line":416},"34":{"loc":{"start":{"line":417,"column":6},"end":{"line":417,"column":40}},"type":"if","locations":[{"start":{"line":417,"column":6},"end":{"line":417,"column":40}},{"start":{},"end":{}}],"line":417},"35":{"loc":{"start":{"line":417,"column":10},"end":{"line":417,"column":29}},"type":"binary-expr","locations":[{"start":{"line":417,"column":10},"end":{"line":417,"column":18}},{"start":{"line":417,"column":22},"end":{"line":417,"column":29}}],"line":417},"36":{"loc":{"start":{"line":426,"column":4},"end":{"line":444,"column":5}},"type":"if","locations":[{"start":{"line":426,"column":4},"end":{"line":444,"column":5}},{"start":{},"end":{}}],"line":426},"37":{"loc":{"start":{"line":437,"column":36},"end":{"line":437,"column":97}},"type":"binary-expr","locations":[{"start":{"line":437,"column":36},"end":{"line":437,"column":52}},{"start":{"line":437,"column":56},"end":{"line":437,"column":97}}],"line":437},"38":{"loc":{"start":{"line":439,"column":17},"end":{"line":439,"column":49}},"type":"binary-expr","locations":[{"start":{"line":439,"column":17},"end":{"line":439,"column":34}},{"start":{"line":439,"column":38},"end":{"line":439,"column":49}}],"line":439}},"s":{"0":2,"1":14,"2":14,"3":14,"4":91,"5":91,"6":91,"7":60,"8":60,"9":31,"10":91,"11":0,"12":91,"13":8,"14":8,"15":2,"16":6,"17":60,"18":6,"19":1,"20":4,"21":1,"22":0,"23":1,"24":3,"25":1,"26":0,"27":0,"28":0,"29":0,"30":0,"31":0,"32":0,"33":5,"34":4,"35":1,"36":1,"37":1,"38":10,"39":1,"40":10,"41":1,"42":4,"43":4,"44":20,"45":20,"46":2,"47":20,"48":20,"49":7,"50":4,"51":2,"52":2,"53":1,"54":0,"55":7,"56":7,"57":7,"58":4,"59":4,"60":4,"61":0,"62":4,"63":2,"64":2,"65":1,"66":1,"67":4,"68":3,"69":3,"70":4,"71":2,"72":2,"73":2,"74":1,"75":1,"76":1,"77":3,"78":2,"79":1,"80":1,"81":0,"82":0,"83":0,"84":0,"85":0,"86":2,"87":2,"88":2,"89":2,"90":2,"91":2,"92":2,"93":2,"94":2,"95":0,"96":0,"97":0,"98":0,"99":0,"100":0,"101":2,"102":0,"103":0,"104":0,"105":0,"106":0,"107":0,"108":0,"109":2,"110":1,"111":1,"112":1,"113":1,"114":2,"115":2,"116":1,"117":0,"118":1,"119":1,"120":1,"121":1,"122":1,"123":1,"124":0,"125":1,"126":0,"127":1,"128":0,"129":1,"130":1,"131":1,"132":0,"133":1,"134":0,"135":0,"136":1,"137":1,"138":1,"139":1,"140":0,"141":0,"142":0,"143":0,"144":0,"145":0,"146":0,"147":0,"148":0,"149":0,"150":0,"151":0,"152":0,"153":0,"154":0,"155":0,"156":0,"157":0,"158":0,"159":0,"160":0,"161":0,"162":0,"163":0,"164":0,"165":0,"166":0,"167":0,"168":0,"169":0,"170":0,"171":0,"172":0},"f":{"0":14,"1":91,"2":8,"3":60,"4":1,"5":4,"6":3,"7":0,"8":0,"9":0,"10":5,"11":10,"12":10,"13":4,"14":20,"15":2,"16":1,"17":0,"18":7,"19":4,"20":2,"21":1,"22":3,"23":2,"24":0,"25":0,"26":0,"27":1,"28":1,"29":1,"30":0,"31":1,"32":0,"33":0,"34":0,"35":0,"36":0,"37":0,"38":0,"39":0},"b":{"0":[60,31],"1":[0,91],"2":[0],"3":[2,6],"4":[1],"5":[0,1],"6":[0],"7":[0,0],"8":[4,1],"9":[2,18],"10":[7,13],"11":[2,1],"12":[0,4],"13":[2,2],"14":[4,2],"15":[1,1],"16":[3,1],"17":[2,1],"18":[1,0],"19":[0,0],"20":[0,0],"21":[2,0],"22":[0,0],"23":[0,2],"24":[0,0],"25":[1,1],"26":[0,1],"27":[0,1],"28":[0,1],"29":[0,1],"30":[1,0],"31":[0],"32":[0,0],"33":[0,0],"34":[0,0],"35":[0,0],"36":[0,0],"37":[0,0],"38":[0,0]},"_coverageSchema":"1a1c01bbd47fc00a2c39e90264f33305004495a9","hash":"b53ec01375e3b6bb8b9275b35f13fb35f582d956"}
,"/Users/jonathangadeaharder/Documents/projects/games/Poker/src/core/gamification.js": {"path":"/Users/jonathangadeaharder/Documents/projects/games/Poker/src/core/gamification.js","statementMap":{"0":{"start":{"line":11,"column":26},"end":{"line":41,"column":1}},"1":{"start":{"line":44,"column":22},"end":{"line":55,"column":1}},"2":{"start":{"line":58,"column":21},"end":{"line":58,"column":22}},"3":{"start":{"line":59,"column":23},"end":{"line":59,"column":43}},"4":{"start":{"line":61,"column":2},"end":{"line":68,"column":3}},"5":{"start":{"line":61,"column":19},"end":{"line":61,"column":20}},"6":{"start":{"line":62,"column":4},"end":{"line":67,"column":5}},"7":{"start":{"line":63,"column":6},"end":{"line":63,"column":27}},"8":{"start":{"line":64,"column":6},"end":{"line":64,"column":78}},"9":{"start":{"line":66,"column":6},"end":{"line":66,"column":12}},"10":{"start":{"line":70,"column":2},"end":{"line":77,"column":4}},"11":{"start":{"line":81,"column":28},"end":{"line":197,"column":1}},"12":{"start":{"line":202,"column":4},"end":{"line":202,"column":34}},"13":{"start":{"line":202,"column":25},"end":{"line":202,"column":34}},"14":{"start":{"line":204,"column":17},"end":{"line":204,"column":41}},"15":{"start":{"line":205,"column":20},"end":{"line":205,"column":41}},"16":{"start":{"line":208,"column":4},"end":{"line":208,"column":30}},"17":{"start":{"line":209,"column":4},"end":{"line":209,"column":33}},"18":{"start":{"line":211,"column":21},"end":{"line":211,"column":73}},"19":{"start":{"line":213,"column":4},"end":{"line":213,"column":20}},"20":{"start":{"line":217,"column":17},"end":{"line":217,"column":53}},"21":{"start":{"line":218,"column":4},"end":{"line":218,"column":21}},"22":{"start":{"line":222,"column":4},"end":{"line":222,"column":85}},"23":{"start":{"line":222,"column":29},"end":{"line":222,"column":85}},"24":{"start":{"line":223,"column":4},"end":{"line":223,"column":73}},"25":{"start":{"line":223,"column":27},"end":{"line":223,"column":73}},"26":{"start":{"line":224,"column":4},"end":{"line":224,"column":68}},"27":{"start":{"line":224,"column":27},"end":{"line":224,"column":68}},"28":{"start":{"line":225,"column":4},"end":{"line":225,"column":70}},"29":{"start":{"line":225,"column":28},"end":{"line":225,"column":70}},"30":{"start":{"line":226,"column":4},"end":{"line":226,"column":77}},"31":{"start":{"line":226,"column":29},"end":{"line":226,"column":77}},"32":{"start":{"line":227,"column":4},"end":{"line":227,"column":49}},"33":{"start":{"line":231,"column":4},"end":{"line":231,"column":46}},"34":{"start":{"line":231,"column":29},"end":{"line":231,"column":46}},"35":{"start":{"line":232,"column":4},"end":{"line":232,"column":44}},"36":{"start":{"line":232,"column":27},"end":{"line":232,"column":44}},"37":{"start":{"line":233,"column":4},"end":{"line":233,"column":45}},"38":{"start":{"line":233,"column":28},"end":{"line":233,"column":45}},"39":{"start":{"line":234,"column":4},"end":{"line":234,"column":46}},"40":{"start":{"line":234,"column":29},"end":{"line":234,"column":46}},"41":{"start":{"line":235,"column":4},"end":{"line":235,"column":21}},"42":{"start":{"line":240,"column":27},"end":{"line":244,"column":1}},"43":{"start":{"line":247,"column":2},"end":{"line":253,"column":4}},"44":{"start":{"line":259,"column":4},"end":{"line":259,"column":42}},"45":{"start":{"line":260,"column":4},"end":{"line":260,"column":23}},"46":{"start":{"line":267,"column":26},"end":{"line":267,"column":28}},"47":{"start":{"line":269,"column":4},"end":{"line":276,"column":7}},"48":{"start":{"line":270,"column":6},"end":{"line":270,"column":53}},"49":{"start":{"line":270,"column":46},"end":{"line":270,"column":53}},"50":{"start":{"line":272,"column":6},"end":{"line":275,"column":7}},"51":{"start":{"line":273,"column":8},"end":{"line":273,"column":43}},"52":{"start":{"line":274,"column":8},"end":{"line":274,"column":40}},"53":{"start":{"line":278,"column":4},"end":{"line":278,"column":25}},"54":{"start":{"line":285,"column":28},"end":{"line":285,"column":39}},"55":{"start":{"line":287,"column":4},"end":{"line":310,"column":5}},"56":{"start":{"line":289,"column":8},"end":{"line":289,"column":48}},"57":{"start":{"line":291,"column":8},"end":{"line":291,"column":44}},"58":{"start":{"line":293,"column":8},"end":{"line":293,"column":47}},"59":{"start":{"line":295,"column":8},"end":{"line":295,"column":45}},"60":{"start":{"line":297,"column":8},"end":{"line":297,"column":48}},"61":{"start":{"line":299,"column":8},"end":{"line":299,"column":47}},"62":{"start":{"line":301,"column":8},"end":{"line":301,"column":49}},"63":{"start":{"line":303,"column":8},"end":{"line":303,"column":43}},"64":{"start":{"line":305,"column":8},"end":{"line":305,"column":46}},"65":{"start":{"line":307,"column":8},"end":{"line":307,"column":52}},"66":{"start":{"line":309,"column":8},"end":{"line":309,"column":21}},"67":{"start":{"line":317,"column":24},"end":{"line":317,"column":51}},"68":{"start":{"line":318,"column":4},"end":{"line":318,"column":34}},"69":{"start":{"line":318,"column":22},"end":{"line":318,"column":34}},"70":{"start":{"line":320,"column":28},"end":{"line":320,"column":51}},"71":{"start":{"line":321,"column":20},"end":{"line":321,"column":36}},"72":{"start":{"line":323,"column":4},"end":{"line":328,"column":6}},"73":{"start":{"line":335,"column":4},"end":{"line":335,"column":77}},"74":{"start":{"line":335,"column":59},"end":{"line":335,"column":75}},"75":{"start":{"line":342,"column":4},"end":{"line":347,"column":10}},"76":{"start":{"line":343,"column":24},"end":{"line":343,"column":58}},"77":{"start":{"line":344,"column":35},"end":{"line":347,"column":7}},"78":{"start":{"line":352,"column":26},"end":{"line":371,"column":1}},"79":{"start":{"line":375,"column":4},"end":{"line":375,"column":39}},"80":{"start":{"line":382,"column":26},"end":{"line":382,"column":28}},"81":{"start":{"line":385,"column":4},"end":{"line":391,"column":7}},"82":{"start":{"line":386,"column":18},"end":{"line":386,"column":45}},"83":{"start":{"line":387,"column":6},"end":{"line":390,"column":7}},"84":{"start":{"line":388,"column":8},"end":{"line":388,"column":40}},"85":{"start":{"line":389,"column":8},"end":{"line":389,"column":57}},"86":{"start":{"line":394,"column":4},"end":{"line":400,"column":7}},"87":{"start":{"line":395,"column":18},"end":{"line":395,"column":52}},"88":{"start":{"line":396,"column":6},"end":{"line":399,"column":7}},"89":{"start":{"line":397,"column":8},"end":{"line":397,"column":40}},"90":{"start":{"line":398,"column":8},"end":{"line":398,"column":64}},"91":{"start":{"line":403,"column":4},"end":{"line":409,"column":7}},"92":{"start":{"line":404,"column":18},"end":{"line":404,"column":50}},"93":{"start":{"line":405,"column":6},"end":{"line":408,"column":7}},"94":{"start":{"line":406,"column":8},"end":{"line":406,"column":40}},"95":{"start":{"line":407,"column":8},"end":{"line":407,"column":62}},"96":{"start":{"line":411,"column":4},"end":{"line":411,"column":25}},"97":{"start":{"line":418,"column":17},"end":{"line":418,"column":19}},"98":{"start":{"line":421,"column":19},"end":{"line":421,"column":77}},"99":{"start":{"line":421,"column":49},"end":{"line":421,"column":76}},"100":{"start":{"line":422,"column":4},"end":{"line":428,"column":5}},"101":{"start":{"line":423,"column":6},"end":{"line":427,"column":9}},"102":{"start":{"line":431,"column":18},"end":{"line":431,"column":93}},"103":{"start":{"line":431,"column":55},"end":{"line":431,"column":92}},"104":{"start":{"line":432,"column":4},"end":{"line":438,"column":5}},"105":{"start":{"line":433,"column":6},"end":{"line":437,"column":9}},"106":{"start":{"line":441,"column":18},"end":{"line":441,"column":88}},"107":{"start":{"line":441,"column":54},"end":{"line":441,"column":87}},"108":{"start":{"line":442,"column":4},"end":{"line":448,"column":5}},"109":{"start":{"line":443,"column":6},"end":{"line":447,"column":9}},"110":{"start":{"line":450,"column":4},"end":{"line":450,"column":16}},"111":{"start":{"line":457,"column":4},"end":{"line":462,"column":6}},"112":{"start":{"line":467,"column":4},"end":{"line":467,"column":16}}},"fnMap":{"0":{"name":"calculateLevel","decl":{"start":{"line":57,"column":16},"end":{"line":57,"column":30}},"loc":{"start":{"line":57,"column":40},"end":{"line":78,"column":1}},"line":57},"1":{"name":"(anonymous_1)","decl":{"start":{"line":201,"column":2},"end":{"line":201,"column":3}},"loc":{"start":{"line":201,"column":67},"end":{"line":214,"column":3}},"line":201},"2":{"name":"(anonymous_2)","decl":{"start":{"line":216,"column":2},"end":{"line":216,"column":3}},"loc":{"start":{"line":216,"column":40},"end":{"line":219,"column":3}},"line":216},"3":{"name":"(anonymous_3)","decl":{"start":{"line":221,"column":2},"end":{"line":221,"column":3}},"loc":{"start":{"line":221,"column":40},"end":{"line":228,"column":3}},"line":221},"4":{"name":"(anonymous_4)","decl":{"start":{"line":230,"column":2},"end":{"line":230,"column":3}},"loc":{"start":{"line":230,"column":39},"end":{"line":236,"column":3}},"line":230},"5":{"name":"getDailyGoalProgress","decl":{"start":{"line":246,"column":16},"end":{"line":246,"column":36}},"loc":{"start":{"line":246,"column":81},"end":{"line":254,"column":1}},"line":246},"6":{"name":"(anonymous_6)","decl":{"start":{"line":258,"column":2},"end":{"line":258,"column":3}},"loc":{"start":{"line":258,"column":16},"end":{"line":261,"column":3}},"line":258},"7":{"name":"(anonymous_7)","decl":{"start":{"line":266,"column":2},"end":{"line":266,"column":3}},"loc":{"start":{"line":266,"column":27},"end":{"line":279,"column":3}},"line":266},"8":{"name":"(anonymous_8)","decl":{"start":{"line":269,"column":41},"end":{"line":269,"column":42}},"loc":{"start":{"line":269,"column":65},"end":{"line":276,"column":5}},"line":269},"9":{"name":"(anonymous_9)","decl":{"start":{"line":284,"column":2},"end":{"line":284,"column":3}},"loc":{"start":{"line":284,"column":39},"end":{"line":311,"column":3}},"line":284},"10":{"name":"(anonymous_10)","decl":{"start":{"line":316,"column":2},"end":{"line":316,"column":3}},"loc":{"start":{"line":316,"column":36},"end":{"line":329,"column":3}},"line":316},"11":{"name":"(anonymous_11)","decl":{"start":{"line":334,"column":2},"end":{"line":334,"column":3}},"loc":{"start":{"line":334,"column":28},"end":{"line":336,"column":3}},"line":334},"12":{"name":"(anonymous_12)","decl":{"start":{"line":335,"column":53},"end":{"line":335,"column":54}},"loc":{"start":{"line":335,"column":59},"end":{"line":335,"column":75}},"line":335},"13":{"name":"(anonymous_13)","decl":{"start":{"line":341,"column":2},"end":{"line":341,"column":3}},"loc":{"start":{"line":341,"column":31},"end":{"line":348,"column":3}},"line":341},"14":{"name":"(anonymous_14)","decl":{"start":{"line":343,"column":14},"end":{"line":343,"column":15}},"loc":{"start":{"line":343,"column":24},"end":{"line":343,"column":58}},"line":343},"15":{"name":"(anonymous_15)","decl":{"start":{"line":344,"column":11},"end":{"line":344,"column":12}},"loc":{"start":{"line":344,"column":35},"end":{"line":347,"column":7}},"line":344},"16":{"name":"(anonymous_16)","decl":{"start":{"line":374,"column":2},"end":{"line":374,"column":3}},"loc":{"start":{"line":374,"column":16},"end":{"line":376,"column":3}},"line":374},"17":{"name":"(anonymous_17)","decl":{"start":{"line":381,"column":2},"end":{"line":381,"column":3}},"loc":{"start":{"line":381,"column":25},"end":{"line":412,"column":3}},"line":381},"18":{"name":"(anonymous_18)","decl":{"start":{"line":385,"column":32},"end":{"line":385,"column":33}},"loc":{"start":{"line":385,"column":45},"end":{"line":391,"column":5}},"line":385},"19":{"name":"(anonymous_19)","decl":{"start":{"line":394,"column":39},"end":{"line":394,"column":40}},"loc":{"start":{"line":394,"column":52},"end":{"line":400,"column":5}},"line":394},"20":{"name":"(anonymous_20)","decl":{"start":{"line":403,"column":38},"end":{"line":403,"column":39}},"loc":{"start":{"line":403,"column":51},"end":{"line":409,"column":5}},"line":403},"21":{"name":"(anonymous_21)","decl":{"start":{"line":417,"column":2},"end":{"line":417,"column":3}},"loc":{"start":{"line":417,"column":27},"end":{"line":451,"column":3}},"line":417},"22":{"name":"(anonymous_22)","decl":{"start":{"line":421,"column":44},"end":{"line":421,"column":45}},"loc":{"start":{"line":421,"column":49},"end":{"line":421,"column":76}},"line":421},"23":{"name":"(anonymous_23)","decl":{"start":{"line":431,"column":50},"end":{"line":431,"column":51}},"loc":{"start":{"line":431,"column":55},"end":{"line":431,"column":92}},"line":431},"24":{"name":"(anonymous_24)","decl":{"start":{"line":441,"column":49},"end":{"line":441,"column":50}},"loc":{"start":{"line":441,"column":54},"end":{"line":441,"column":87}},"line":441},"25":{"name":"(anonymous_25)","decl":{"start":{"line":456,"column":2},"end":{"line":456,"column":3}},"loc":{"start":{"line":456,"column":30},"end":{"line":463,"column":3}},"line":456},"26":{"name":"(anonymous_26)","decl":{"start":{"line":465,"column":2},"end":{"line":465,"column":3}},"loc":{"start":{"line":465,"column":42},"end":{"line":468,"column":3}},"line":465}},"branchMap":{"0":{"loc":{"start":{"line":62,"column":4},"end":{"line":67,"column":5}},"type":"if","locations":[{"start":{"line":62,"column":4},"end":{"line":67,"column":5}},{"start":{"line":65,"column":11},"end":{"line":67,"column":5}}],"line":62},"1":{"loc":{"start":{"line":64,"column":23},"end":{"line":64,"column":77}},"type":"binary-expr","locations":[{"start":{"line":64,"column":23},"end":{"line":64,"column":52}},{"start":{"line":64,"column":56},"end":{"line":64,"column":77}}],"line":64},"2":{"loc":{"start":{"line":201,"column":41},"end":{"line":201,"column":65}},"type":"default-arg","locations":[{"start":{"line":201,"column":55},"end":{"line":201,"column":65}}],"line":201},"3":{"loc":{"start":{"line":202,"column":4},"end":{"line":202,"column":34}},"type":"if","locations":[{"start":{"line":202,"column":4},"end":{"line":202,"column":34}},{"start":{},"end":{}}],"line":202},"4":{"loc":{"start":{"line":222,"column":4},"end":{"line":222,"column":85}},"type":"if","locations":[{"start":{"line":222,"column":4},"end":{"line":222,"column":85}},{"start":{},"end":{}}],"line":222},"5":{"loc":{"start":{"line":223,"column":4},"end":{"line":223,"column":73}},"type":"if","locations":[{"start":{"line":223,"column":4},"end":{"line":223,"column":73}},{"start":{},"end":{}}],"line":223},"6":{"loc":{"start":{"line":224,"column":4},"end":{"line":224,"column":68}},"type":"if","locations":[{"start":{"line":224,"column":4},"end":{"line":224,"column":68}},{"start":{},"end":{}}],"line":224},"7":{"loc":{"start":{"line":225,"column":4},"end":{"line":225,"column":70}},"type":"if","locations":[{"start":{"line":225,"column":4},"end":{"line":225,"column":70}},{"start":{},"end":{}}],"line":225},"8":{"loc":{"start":{"line":226,"column":4},"end":{"line":226,"column":77}},"type":"if","locations":[{"start":{"line":226,"column":4},"end":{"line":226,"column":77}},{"start":{},"end":{}}],"line":226},"9":{"loc":{"start":{"line":231,"column":4},"end":{"line":231,"column":46}},"type":"if","locations":[{"start":{"line":231,"column":4},"end":{"line":231,"column":46}},{"start":{},"end":{}}],"line":231},"10":{"loc":{"start":{"line":232,"column":4},"end":{"line":232,"column":44}},"type":"if","locations":[{"start":{"line":232,"column":4},"end":{"line":232,"column":44}},{"start":{},"end":{}}],"line":232},"11":{"loc":{"start":{"line":233,"column":4},"end":{"line":233,"column":45}},"type":"if","locations":[{"start":{"line":233,"column":4},"end":{"line":233,"column":45}},{"start":{},"end":{}}],"line":233},"12":{"loc":{"start":{"line":234,"column":4},"end":{"line":234,"column":46}},"type":"if","locations":[{"start":{"line":234,"column":4},"end":{"line":234,"column":46}},{"start":{},"end":{}}],"line":234},"13":{"loc":{"start":{"line":246,"column":46},"end":{"line":246,"column":79}},"type":"default-arg","locations":[{"start":{"line":246,"column":53},"end":{"line":246,"column":79}}],"line":246},"14":{"loc":{"start":{"line":270,"column":6},"end":{"line":270,"column":53}},"type":"if","locations":[{"start":{"line":270,"column":6},"end":{"line":270,"column":53}},{"start":{},"end":{}}],"line":270},"15":{"loc":{"start":{"line":272,"column":6},"end":{"line":275,"column":7}},"type":"if","locations":[{"start":{"line":272,"column":6},"end":{"line":275,"column":7}},{"start":{},"end":{}}],"line":272},"16":{"loc":{"start":{"line":287,"column":4},"end":{"line":310,"column":5}},"type":"switch","locations":[{"start":{"line":288,"column":6},"end":{"line":289,"column":48}},{"start":{"line":290,"column":6},"end":{"line":291,"column":44}},{"start":{"line":292,"column":6},"end":{"line":293,"column":47}},{"start":{"line":294,"column":6},"end":{"line":295,"column":45}},{"start":{"line":296,"column":6},"end":{"line":297,"column":48}},{"start":{"line":298,"column":6},"end":{"line":299,"column":47}},{"start":{"line":300,"column":6},"end":{"line":301,"column":49}},{"start":{"line":302,"column":6},"end":{"line":303,"column":43}},{"start":{"line":304,"column":6},"end":{"line":305,"column":46}},{"start":{"line":306,"column":6},"end":{"line":307,"column":52}},{"start":{"line":308,"column":6},"end":{"line":309,"column":21}}],"line":287},"17":{"loc":{"start":{"line":318,"column":4},"end":{"line":318,"column":34}},"type":"if","locations":[{"start":{"line":318,"column":4},"end":{"line":318,"column":34}},{"start":{},"end":{}}],"line":318},"18":{"loc":{"start":{"line":321,"column":20},"end":{"line":321,"column":36}},"type":"binary-expr","locations":[{"start":{"line":321,"column":20},"end":{"line":321,"column":31}},{"start":{"line":321,"column":35},"end":{"line":321,"column":36}}],"line":321},"19":{"loc":{"start":{"line":387,"column":6},"end":{"line":390,"column":7}},"type":"if","locations":[{"start":{"line":387,"column":6},"end":{"line":390,"column":7}},{"start":{},"end":{}}],"line":387},"20":{"loc":{"start":{"line":387,"column":10},"end":{"line":387,"column":82}},"type":"binary-expr","locations":[{"start":{"line":387,"column":10},"end":{"line":387,"column":42}},{"start":{"line":387,"column":46},"end":{"line":387,"column":82}}],"line":387},"21":{"loc":{"start":{"line":396,"column":6},"end":{"line":399,"column":7}},"type":"if","locations":[{"start":{"line":396,"column":6},"end":{"line":399,"column":7}},{"start":{},"end":{}}],"line":396},"22":{"loc":{"start":{"line":396,"column":10},"end":{"line":396,"column":92}},"type":"binary-expr","locations":[{"start":{"line":396,"column":10},"end":{"line":396,"column":42}},{"start":{"line":396,"column":46},"end":{"line":396,"column":92}}],"line":396},"23":{"loc":{"start":{"line":405,"column":6},"end":{"line":408,"column":7}},"type":"if","locations":[{"start":{"line":405,"column":6},"end":{"line":408,"column":7}},{"start":{},"end":{}}],"line":405},"24":{"loc":{"start":{"line":405,"column":10},"end":{"line":405,"column":88}},"type":"binary-expr","locations":[{"start":{"line":405,"column":10},"end":{"line":405,"column":42}},{"start":{"line":405,"column":46},"end":{"line":405,"column":88}}],"line":405},"25":{"loc":{"start":{"line":422,"column":4},"end":{"line":428,"column":5}},"type":"if","locations":[{"start":{"line":422,"column":4},"end":{"line":428,"column":5}},{"start":{},"end":{}}],"line":422},"26":{"loc":{"start":{"line":432,"column":4},"end":{"line":438,"column":5}},"type":"if","locations":[{"start":{"line":432,"column":4},"end":{"line":438,"column":5}},{"start":{},"end":{}}],"line":432},"27":{"loc":{"start":{"line":442,"column":4},"end":{"line":448,"column":5}},"type":"if","locations":[{"start":{"line":442,"column":4},"end":{"line":448,"column":5}},{"start":{},"end":{}}],"line":442}},"s":{"0":2,"1":2,"2":3,"3":3,"4":3,"5":3,"6":11,"7":8,"8":8,"9":3,"10":3,"11":2,"12":3,"13":0,"14":3,"15":3,"16":3,"17":3,"18":3,"19":3,"20":2,"21":2,"22":1,"23":0,"24":1,"25":0,"26":1,"27":1,"28":0,"29":0,"30":0,"31":0,"32":0,"33":0,"34":0,"35":0,"36":0,"37":0,"38":0,"39":0,"40":0,"41":0,"42":2,"43":2,"44":3,"45":3,"46":3,"47":3,"48":39,"49":1,"50":38,"51":2,"52":2,"53":3,"54":38,"55":38,"56":5,"57":9,"58":3,"59":3,"60":3,"61":3,"62":3,"63":3,"64":3,"65":3,"66":0,"67":1,"68":1,"69"
[...]
ymous_0)","decl":{"start":{"line":10,"column":2},"end":{"line":10,"column":3}},"loc":{"start":{"line":10,"column":16},"end":{"line":17,"column":3}},"line":10},"1":{"name":"(anonymous_1)","decl":{"start":{"line":22,"column":2},"end":{"line":22,"column":3}},"loc":{"start":{"line":22,"column":17},"end":{"line":34,"column":3}},"line":22},"2":{"name":"(anonymous_2)","decl":{"start":{"line":39,"column":2},"end":{"line":39,"column":3}},"loc":{"start":{"line":39,"column":15},"end":{"line":46,"column":3}},"line":39},"3":{"name":"(anonymous_3)","decl":{"start":{"line":51,"column":2},"end":{"line":51,"column":3}},"loc":{"start":{"line":51,"column":17},"end":{"line":63,"column":3}},"line":51},"4":{"name":"(anonymous_4)","decl":{"start":{"line":56,"column":32},"end":{"line":56,"column":33}},"loc":{"start":{"line":56,"column":38},"end":{"line":58,"column":5}},"line":56},"5":{"name":"(anonymous_5)","decl":{"start":{"line":68,"column":2},"end":{"line":68,"column":3}},"loc":{"start":{"line":68,"column":17},"end":{"line":73,"column":3}},"line":68},"6":{"name":"(anonymous_6)","decl":{"start":{"line":78,"column":2},"end":{"line":78,"column":3}},"loc":{"start":{"line":78,"column":25},"end":{"line":86,"column":3}},"line":78},"7":{"name":"(anonymous_7)","decl":{"start":{"line":91,"column":2},"end":{"line":91,"column":3}},"loc":{"start":{"line":91,"column":29},"end":{"line":93,"column":3}},"line":91},"8":{"name":"(anonymous_8)","decl":{"start":{"line":98,"column":2},"end":{"line":98,"column":3}},"loc":{"start":{"line":98,"column":24},"end":{"line":100,"column":3}},"line":98},"9":{"name":"(anonymous_9)","decl":{"start":{"line":105,"column":2},"end":{"line":105,"column":3}},"loc":{"start":{"line":105,"column":31},"end":{"line":128,"column":3}},"line":105},"10":{"name":"(anonymous_10)","decl":{"start":{"line":133,"column":2},"end":{"line":133,"column":3}},"loc":{"start":{"line":133,"column":31},"end":{"line":139,"column":3}},"line":133},"11":{"name":"(anonymous_11)","decl":{"start":{"line":144,"column":2},"end":{"line":144,"column":3}},"loc":{"start":{"line":144,"column":32},"end":{"line":150,"column":3}},"line":144},"12":{"name":"(anonymous_12)","decl":{"start":{"line":155,"column":2},"end":{"line":155,"column":3}},"loc":{"start":{"line":155,"column":26},"end":{"line":165,"column":3}},"line":155},"13":{"name":"(anonymous_13)","decl":{"start":{"line":156,"column":64},"end":{"line":156,"column":65}},"loc":{"start":{"line":156,"column":82},"end":{"line":164,"column":5}},"line":156},"14":{"name":"(anonymous_14)","decl":{"start":{"line":170,"column":2},"end":{"line":170,"column":3}},"loc":{"start":{"line":170,"column":27},"end":{"line":175,"column":3}},"line":170},"15":{"name":"(anonymous_15)","decl":{"start":{"line":180,"column":2},"end":{"line":180,"column":3}},"loc":{"start":{"line":180,"column":26},"end":{"line":195,"column":3}},"line":180},"16":{"name":"(anonymous_16)","decl":{"start":{"line":200,"column":2},"end":{"line":200,"column":3}},"loc":{"start":{"line":200,"column":24},"end":{"line":207,"column":3}},"line":200},"17":{"name":"(anonymous_17)","decl":{"start":{"line":213,"column":2},"end":{"line":213,"column":3}},"loc":{"start":{"line":213,"column":19},"end":{"line":219,"column":3}},"line":213},"18":{"name":"(anonymous_18)","decl":{"start":{"line":224,"column":2},"end":{"line":224,"column":3}},"loc":{"start":{"line":224,"column":21},"end":{"line":233,"column":3}},"line":224},"19":{"name":"(anonymous_19)","decl":{"start":{"line":238,"column":2},"end":{"line":238,"column":3}},"loc":{"start":{"line":238,"column":24},"end":{"line":240,"column":3}},"line":238},"20":{"name":"(anonymous_20)","decl":{"start":{"line":245,"column":2},"end":{"line":245,"column":3}},"loc":{"start":{"line":245,"column":30},"end":{"line":251,"column":3}},"line":245},"21":{"name":"(anonymous_21)","decl":{"start":{"line":256,"column":2},"end":{"line":256,"column":3}},"loc":{"start":{"line":256,"column":13},"end":{"line":258,"column":3}},"line":256}},"branchMap":{"0":{"loc":{"start":{"line":69,"column":4},"end":{"line":72,"column":5}},"type":"if","locations":[{"start":{"line":69,"column":4},"end":{"line":72,"column":5}},{"start":{},"end":{}}],"line":69},"1":{"loc":{"start":{"line":81,"column":4},"end":{"line":83,"column":5}},"type":"if","locations":[{"start":{"line":81,"column":4},"end":{"line":83,"column":5}},{"start":{},"end":{}}],"line":81},"2":{"loc":{"start":{"line":109,"column":6},"end":{"line":111,"column":7}},"type":"if","locations":[{"start":{"line":109,"column":6},"end":{"line":111,"column":7}},{"start":{},"end":{}}],"line":109},"3":{"loc":{"start":{"line":118,"column":6},"end":{"line":121,"column":7}},"type":"if","locations":[{"start":{"line":118,"column":6},"end":{"line":121,"column":7}},{"start":{},"end":{}}],"line":118},"4":{"loc":{"start":{"line":157,"column":6},"end":{"line":163,"column":7}},"type":"if","locations":[{"start":{"line":157,"column":6},"end":{"line":163,"column":7}},{"start":{"line":160,"column":13},"end":{"line":163,"column":7}}],"line":157},"5":{"loc":{"start":{"line":160,"column":13},"end":{"line":163,"column":7}},"type":"if","locations":[{"start":{"line":160,"column":13},"end":{"line":163,"column":7}},{"start":{},"end":{}}],"line":160},"6":{"loc":{"start":{"line":160,"column":17},"end":{"line":160,"column":77}},"type":"binary-expr","locations":[{"start":{"line":160,"column":17},"end":{"line":160,"column":46}},{"start":{"line":160,"column":50},"end":{"line":160,"column":77}}],"line":160},"7":{"loc":{"start":{"line":171,"column":4},"end":{"line":174,"column":5}},"type":"if","locations":[{"start":{"line":171,"column":4},"end":{"line":174,"column":5}},{"start":{},"end":{}}],"line":171},"8":{"loc":{"start":{"line":181,"column":4},"end":{"line":183,"column":5}},"type":"if","locations":[{"start":{"line":181,"column":4},"end":{"line":183,"column":5}},{"start":{},"end":{}}],"line":181},"9":{"loc":{"start":{"line":188,"column":4},"end":{"line":194,"column":5}},"type":"if","locations":[{"start":{"line":188,"column":4},"end":{"line":194,"column":5}},{"start":{"line":191,"column":11},"end":{"line":194,"column":5}}],"line":188},"10":{"loc":{"start":{"line":201,"column":4},"end":{"line":203,"column":5}},"type":"if","locations":[{"start":{"line":201,"column":4},"end":{"line":203,"column":5}},{"start":{},"end":{}}],"line":201},"11":{"loc":{"start":{"line":214,"column":4},"end":{"line":216,"column":5}},"type":"if","locations":[{"start":{"line":214,"column":4},"end":{"line":216,"column":5}},{"start":{},"end":{}}],"line":214},"12":{"loc":{"start":{"line":225,"column":4},"end":{"line":227,"column":5}},"type":"if","locations":[{"start":{"line":225,"column":4},"end":{"line":227,"column":5}},{"start":{},"end":{}}],"line":225},"13":{"loc":{"start":{"line":248,"column":4},"end":{"line":250,"column":5}},"type":"if","locations":[{"start":{"line":248,"column":4},"end":{"line":250,"column":5}},{"start":{},"end":{}}],"line":248}},"s":{"0":2,"1":2,"2":2,"3":2,"4":2,"5":2,"6":0,"7":0,"8":0,"9":0,"10":0,"11":0,"12":0,"13":0,"14":0,"15":0,"16":0,"17":0,"18":0,"19":0,"20":0,"21":0,"22":0,"23":0,"24":0,"25":0,"26":0,"27":0,"28":0,"29":0,"30":0,"31":0,"32":0,"33":0,"34":0,"35":0,"36":0,"37":0,"38":0,"39":0,"40":0,"41":0,"42":0,"43":0,"44":0,"45":0,"46":0,"47":0,"48":0,"49":0,"50":0,"51":0,"52":0,"53":0,"54":0,"55":0,"56":0,"57":0,"58":0,"59":0,"60":0,"61":0,"62":0,"63":0,"64":0,"65":0,"66":0,"67":0,"68":0,"69":0,"70":0,"71":0,"72":0,"73":0,"74":0,"75":0,"76":0,"77":0,"78":0,"79":0,"80":2},"f":{"0":2,"1":0,"2":0,"3":0,"4":0,"5":0,"6":0,"7":0,"8":0,"9":0,"10":0,"11":0,"12":0,"13":0,"14":0,"15":0,"16":0,"17":0,"18":0,"19":0,"20":0,"21":0},"b":{"0":[0,0],"1":[0,0],"2":[0,0],"3":[0,0],"4":[0,0],"5":[0,0],"6":[0,0],"7":[0,0],"8":[0,0],"9":[0,0],"10":[0,0],"11":[0,0],"12":[0,0],"13":[0,0]},"_coverageSchema":"1a1c01bbd47fc00a2c39e90264f33305004495a9","hash":"8cb94a56f7da90e1e0d8f6af051cea409328b620"}
,"/Users/jonathangadeaharder/Documents/projects/games/Poker/src/utils/validation.js": {"path":"/Users/jonathangadeaharder/Documents/projects/games/Poker/src/utils/validation.js","statementMap":{"0":{"start":{"line":10,"column":2},"end":{"line":12,"column":3}},"1":{"start":{"line":11,"column":4},"end":{"line":11,"column":56}},"2":{"start":{"line":14,"column":21},"end":{"line":14,"column":49}},"3":{"start":{"line":15,"column":2},"end":{"line":17,"column":3}},"4":{"start":{"line":16,"column":4},"end":{"line":16,"column":59}},"5":{"start":{"line":19,"column":2},"end":{"line":19,"column":25}},"6":{"start":{"line":26,"column":2},"end":{"line":28,"column":3}},"7":{"start":{"line":27,"column":4},"end":{"line":27,"column":59}},"8":{"start":{"line":30,"column":2},"end":{"line":32,"column":3}},"9":{"start":{"line":31,"column":4},"end":{"line":31,"column":77}},"10":{"start":{"line":34,"column":2},"end":{"line":36,"column":3}},"11":{"start":{"line":35,"column":4},"end":{"line":35,"column":80}},"12":{"start":{"line":38,"column":2},"end":{"line":40,"column":3}},"13":{"start":{"line":39,"column":4},"end":{"line":39,"column":79}},"14":{"start":{"line":42,"column":2},"end":{"line":44,"column":3}},"15":{"start":{"line":43,"column":4},"end":{"line":43,"column":69}},"16":{"start":{"line":46,"column":2},"end":{"line":46,"column":25}},"17":{"start":{"line":53,"column":2},"end":{"line":55,"column":3}},"18":{"start":{"line":54,"column":4},"end":{"line":54,"column":59}},"19":{"start":{"line":57,"column":2},"end":{"line":59,"column":3}},"20":{"start":{"line":58,"column":4},"end":{"line":58,"column":77}},"21":{"start":{"line":61,"column":2},"end":{"line":63,"column":3}},"22":{"start":{"line":62,"column":4},"end":{"line":62,"column":79}},"23":{"start":{"line":65,"column":2},"end":{"line":67,"column":3}},"24":{"start":{"line":66,"column":4},"end":{"line":66,"column":98}},"25":{"start":{"line":69,"column":2},"end":{"line":69,"column":25}},"26":{"start":{"line":76,"column":2},"end":{"line":78,"column":3}},"27":{"start":{"line":77,"column":4},"end":{"line":77,"column":63}},"28":{"start":{"line":80,"column":2},"end":{"line":80,"column":25}},"29":{"start":{"line":87,"column":2},"end":{"line":92,"column":3}},"30":{"start":{"line":88,"column":4},"end":{"line":91,"column":6}},"31":{"start":{"line":94,"column":2},"end":{"line":94,"column":25}},"32":{"start":{"line":101,"column":2},"end":{"line":106,"column":3}},"33":{"start":{"line":102,"column":4},"end":{"line":105,"column":6}},"34":{"start":{"line":108,"column":2},"end":{"line":108,"column":25}},"35":{"start":{"line":115,"column":2},"end":{"line":117,"column":3}},"36":{"start":{"line":116,"column":4},"end":{"line":116,"column":68}},"37":{"start":{"line":119,"column":2},"end":{"line":119,"column":25}},"38":{"start":{"line":126,"column":14},"end":{"line":126,"column":27}},"39":{"start":{"line":128,"column":2},"end":{"line":130,"column":3}},"40":{"start":{"line":129,"column":4},"end":{"line":129,"column":68}},"41":{"start":{"line":132,"column":2},"end":{"line":137,"column":3}},"42":{"start":{"line":133,"column":4},"end":{"line":136,"column":6}},"43":{"start":{"line":139,"column":2},"end":{"line":139,"column":25}},"44":{"start":{"line":146,"column":17},"end":{"line":146,"column":19}},"45":{"start":{"line":147,"column":16},"end":{"line":147,"column":20}},"46":{"start":{"line":149,"column":2},"end":{"line":158,"column":5}},"47":{"start":{"line":150,"column":4},"end":{"line":157,"column":5}},"48":{"start":{"line":151,"column":21},"end":{"line":151,"column":37}},"49":{"start":{"line":152,"column":6},"end":{"line":156,"column":7}},"50":{"start":{"line":153,"column":8},"end":{"line":153,"column":41}},"51":{"start":{"line":154,"column":8},"end":{"line":154,"column":24}},"52":{"start":{"line":155,"column":8},"end":{"line":155,"column":14}},"53":{"start":{"line":160,"column":2},"end":{"line":160,"column":36}}},"fnMap":{"0":{"name":"validateEmail","decl":{"start":{"line":9,"column":16},"end":{"line":9,"column":29}},"loc":{"start":{"line":9,"column":37},"end":{"line":20,"column":1}},"line":9},"1":{"name":"validatePassword","decl":{"start":{"line":25,"column":16},"end":{"line":25,"column":32}},"loc":{"start":{"line":25,"column":43},"end":{"line":47,"column":1}},"line":25},"2":{"name":"validateUsername","decl":{"start":{"line":52,"column":16},"end":{"line":52,"column":32}},"loc":{"start":{"line":52,"column":43},"end":{"line":70,"column":1}},"line":52},"3":{"name":"validateRequired","decl":{"start":{"line":75,"column":16},"end":{"line":75,"column":32}},"loc":{"start":{"line":75,"column":66},"end":{"line":81,"column":1}},"line":75},"4":{"name":"validateMinLength","decl":{"start":{"line":86,"column":16},"end":{"line":86,"column":33}},"loc":{"start":{"line":86,"column":78},"end":{"line":95,"column":1}},"line":86},"5":{"name":"validateMaxLength","decl":{"start":{"line":100,"column":16},"end":{"line":100,"column":33}},"loc":{"start":{"line":100,"column":78},"end":{"line":109,"column":1}},"line":100},"6":{"name":"validateNumeric","decl":{"start":{"line":114,"column":16},"end":{"line":114,"column":31}},"loc":{"start":{"line":114,"column":65},"end":{"line":120,"column":1}},"line":114},"7":{"name":"validateRange","decl":{"start":{"line":125,"column":16},"end":{"line":125,"column":29}},"loc":{"start":{"line":125,"column":73},"end":{"line":140,"column":1}},"line":125},"8":{"name":"validateForm","decl":{"start":{"line":145,"column":16},"end":{"line":145,"column":28}},"loc":{"start":{"line":145,"column":37},"end":{"line":161,"column":1}},"line":145},"9":{"name":"(anonymous_9)","decl":{"start":{"line":149,"column":33},"end":{"line":149,"column":34}},"loc":{"start":{"line":149,"column":73},"end":{"line":158,"column":3}},"line":149}},"branchMap":{"0":{"loc":{"start":{"line":10,"column":2},"end":{"line":12,"column":3}},"type":"if","locations":[{"start":{"line":10,"column":2},"end":{"line":12,"column":3}},{"start":{},"end":{}}],"line":10},"1":{"loc":{"start":{"line":15,"column":2},"end":{"line":17,"column":3}},"type":"if","locations":[{"start":{"line":15,"column":2},"end":{"line":17,"column":3}},{"start":{},"end":{}}],"line":15},"2":{"loc":{"start":{"line":26,"column":2},"end":{"line":28,"column":3}},"type":"if","locations":[{"start":{"line":26,"column":2},"end":{"line":28,"column":3}},{"start":{},"end":{}}],"line":26},"3":{"loc":{"start":{"line":30,"column":2},"end":{"line":32,"column":3}},"type":"if","locations":[{"start":{"line":30,"column":2},"end":{"line":32,"column":3}},{"start":{},"end":{}}],"line":30},"4":{"loc":{"start":{"line":34,"column":2},"end":{"line":36,"column":3}},"type":"if","locations":[{"start":{"line":34,"column":2},"end":{"line":36,"column":3}},{"start":{},"end":{}}],"line":34},"5":{"loc":{"start":{"line":38,"column":2},"end":{"line":40,"column":3}},"type":"if","locations":[{"start":{"line":38,"column":2},"end":{"line":40,"column":3}},{"start":{},"end":{}}],"line":38},"6":{"loc":{"start":{"line":42,"column":2},"end":{"line":44,"column":3}},"type":"if","locations":[{"start":{"line":42,"column":2},"end":{"line":44,"column":3}},{"start":{},"end":{}}],"line":42},"7":{"loc":{"start":{"line":53,"column":2},"end":{"line":55,"column":3}},"type":"if","locations":[{"start":{"line":53,"column":2},"end":{"line":55,"column":3}},{"start":{},"end":{}}],"line":53},"8":{"loc":{"start":{"line":57,"column":2},"end":{"line":59,"column":3}},"type":"if","locations":[{"start":{"line":57,"column":2},"end":{"line":59,"column":3}},{"start":{},"end":{}}],"line":57},"9":{"loc":{"start":{"line":61,"column":2},"end":{"line":63,"column":3}},"type":"if","locations":[{"start":{"line":61,"column":2},"end":{"line":63,"column":3}},{"start":{},"end":{}}],"line":61},"10":{"loc":{"start":{"line":65,"column":2},"end":{"line":67,"column":3}},"type":"if","locations":[{"start":{"line":65,"column":2},"end":{"line":67,"column":3}},{"start":{},"end":{}}],"line":65},"11":{"loc":{"start":{"line":75,"column":40},"end":{"line":75,"column":64}},"type":"default-arg","locations":[{"start":{"line":75,"column":52},"end":{"line":75,"column":64}}],"line":75},"12":{"loc":{"start":{"line":76,"column":2},"end":{"line":78,"column":3}},"type":"if","locations":[{"start":{"line":76,"column":2},"end":{"line":78,"column":3}},{"start":{},"end":{}}],"line":76},"13":{"loc":{"start":{"line":76,"column":6},"end":{"line":76,"column":66}},"type":"binary-expr","locations":[{"start":{"line":76,"column":6},"end":{"line":76,"column":12}},{"start":{"line":76,"column":17},"end":{"line":76,"column":42}},{"start":{"line":76,"column":46},"end":{"line":76,"column":65}}],"line":76},"14":{"loc":{"start":{"line":86,"column":52},"end":{"line":86,"column":76}},"type":"default-arg","locations":[{"start":{"line":86,"column":64},"end":{"line":86,"column":76}}],"line":86},"15":{"loc":{"start":{"line":87,"column":2},"end":{"line":92,"column":3}},"type":"if","locations":[{"start":{"line":87,"column":2},"end":{"line":92,"column":3}},{"start":{},"end":{}}],"line":87},"16":{"loc":{"start":{"line":87,"column":6},"end":{"line":87,"column":40}},"type":"binary-expr","locations":[{"start":{"line":87,"column":6},"end":{"line":87,"column":12}},{"start":{"line":87,"column":16},"end":{"line":87,"column":40}}],"line":87},"17":{"loc":{"start":{"line":100,"column":52},"end":{"line":100,"column":76}},"type":"default-arg","locations":[{"start":{"line":100,"column":64},"end":{"line":100,"column":76}}],"line":100},"18":{"loc":{"start":{"line":101,"column":2},"end":{"line":106,"column":3}},"type":"if","locations":[{"start":{"line":101,"column":2},"end":{"line":106,"column":3}},{"start":{},"end":{}}],"line":101},"19":{"loc":{"start":{"line":101,"column":6},"end":{"line":101,"column":39}},"type":"binary-expr","locations":[{"start":{"line":101,"column":6},"end":{"line":101,"column":11}},{"start":{"line":101,"column":15},"end":{"line":101,"column":39}}],"line":101},"20":{"loc":{"start":{"line":114,"column":39},"end":{"line":114,"column":63}},"type":"default-arg","locations":[{"start":{"line":114,"column":51},"end":{"line":114,"column":63}}],"line":114},"21":{"loc":{"start":{"line":115,"column":2},"end":{"line":117,"column":3}},"type":"if","locations":[{"start":{"line":115,"column":2},"end":{"line":117,"column":3}},{"start":{},"end":{}}],"line":115},"22":{"loc":{"start":{"line":125,"column":47},"end":{"line":125,"column":71}},"type":"default-arg","locations":[{"start":{"line":125,"column":59},"end":{"line":125,"column":71}}],"line":125},"23":{"loc":{"start":{"line":128,"column":2},"end":{"line":130,"column":3}},"type":"if","locations":[{"start":{"line":128,"column":2},"end":{"line":130,"column":3}},{"start":{},"end":{}}],"line":128},"24":{"loc":{"start":{"line":132,"column":2},"end":{"line":137,"column":3}},"type":"if","locations":[{"start":{"line":132,"column":2},"end":{"line":137,"column":3}},{"start":{},"end":{}}],"line":132},"25":{"loc":{"start":{"line":132,"column":6},"end":{"line":132,"column":28}},"type":"binary-expr","locations":[{"start":{"line":132,"column":6},"end":{"line":132,"column":15}},{"start":{"line":132,"column":19},"end":{"line":132,"column":28}}],"line":132},"26":{"loc":{"start":{"line":152,"column":6},"end":{"line":156,"column":7}},"type":"if","locations":[{"start":{"line":152,"column":6},"end":{"line":156,"column":7}},{"start":{},"end":{}}],"line":152}},"s":{"0":0,"1":0,"2":0,"3":0,"4":0,"5":0,"6":0,"7":0,"8":0,"9":0,"10":0,"11":0,"12":0,"13":0,"14":0,"15":0,"16":0,"17":0,"18":0,"19":0,"20":0,"21":0,"22":0,"23":0,"24":0,"25":0,"26":0,"27":0,"28":0,"29":0,"30":0,"31":0,"32":0,"33":0,"34":0,"35":0,"36":0,"37":0,"38":0,"39":0,"40":0,"41":0,"42":0,"43":0,"44":0,"45":0,"46":0,"47":0,"48":0,"49":0,"50":0,"51":0,"52":0,"53":0},"f":{"0":0,"1":0,"2":0,"3":0,"4":0,"5":0,"6":0,"7":0,"8":0,"9":0},"b":{"0":[0,0],"1":[0,0],"2":[0,0],"3":[0,0],"4":[0,0],"5":[0,0],"6":[0,0],"7":[0,0],"8":[0,0],"9":[0,0],"10":[0,0],"11":[0],"12":[0,0],"13":[0,0,0],"14":[0],"15":[0,0],"16":[0,0],"17":[0],"18":[0,0],"19":[0,0],"20":[0],"21":[0,0],"22":[0],"23":[0,0],"24":[0,0],"25":[0,0],"26":[0,0]},"_coverageSchema":"1a1c01bbd47fc00a2c39e90264f33305004495a9","hash":"604e70745f748fbfb4963e80a1bb2a72ae85cff2"}
}
