TN:
SF:src/components/AchievementBadge.js
FN:5,AchievementUnlocked
FN:9,(anonymous_1)
FN:76,AchievementList
FN:79,(anonymous_3)
FNF:4
FNH:0
FNDA:0,AchievementUnlocked
FNDA:0,(anonymous_1)
FNDA:0,AchievementList
FNDA:0,(anonymous_3)
DA:6,0
DA:7,0
DA:9,0
DA:10,0
DA:11,0
DA:25,0
DA:26,0
DA:30,0
DA:32,0
DA:77,0
DA:80,0
DA:81,0
DA:112,0
LF:13
LH:0
BRDA:10,0,0,0
BRDA:10,0,1,0
BRDA:30,1,0,0
BRDA:30,1,1,0
BRDA:76,2,0,0
BRDA:86,3,0,0
BRDA:86,3,1,0
BRDA:90,4,0,0
BRDA:90,4,1,0
BRDA:91,5,0,0
BRDA:91,5,1,0
BRDA:94,6,0,0
BRDA:94,6,1,0
BRDA:97,7,0,0
BRDA:97,7,1,0
BRF:15
BRH:0
end_of_record
TN:
SF:src/components/EmptyState.js
FN:10,EmptyState
FNF:1
FNH:0
FNDA:0,EmptyState
DA:17,0
DA:37,0
LF:2
LH:0
BRDA:11,0,0,0
BRDA:12,1,0,0
BRDA:21,2,0,0
BRDA:21,2,1,0
BRDA:23,3,0,0
BRDA:23,3,1,0
BRF:6
BRH:0
end_of_record
TN:
SF:src/components/ErrorBoundary.js
FN:11,(anonymous_0)
FN:20,(anonymous_1)
FN:24,(anonymous_2)
FN:40,(anonymous_3)
FN:48,(anonymous_4)
FN:77,(anonymous_5)
FNF:6
FNH:0
FNDA:0,(anonymous_0)
FNDA:0,(anonymous_1)
FNDA:0,(anonymous_2)
FNDA:0,(anonymous_3)
FNDA:0,(anonymous_4)
FNDA:0,(anonymous_5)
DA:12,0
DA:13,0
DA:21,0
DA:25,0
DA:27,0
DA:33,0
DA:40,0
DA:41,0
DA:49,0
DA:50,0
DA:79,0
DA:80,0
DA:82,0
DA:94,0
DA:98,0
LF:15
LH:0
BRDA:49,0,0,0
BRDA:49,0,1,0
BRDA:59,1,0,0
BRDA:59,1,1,0
BRDA:59,1,2,0
BRDA:63,2,0,0
BRDA:63,2,1,0
BRDA:79,3,0,0
BRDA:79,3,1,0
BRF:9
BRH:0
end_of_record
TN:
SF:src/components/ErrorMessage.js
FN:10,ErrorMessage
FNF:1
FNH:0
FNDA:0,ErrorMessage
DA:16,0
DA:18,0
DA:41,0
LF:3
LH:0
BRDA:13,0,0,0
BRDA:16,1,0,0
BRDA:16,1,1,0
BRDA:16,1,2,0
BRDA:26,2,0,0
BRDA:26,2,1,0
BRF:6
BRH:0
end_of_record
TN:
SF:src/components/LoadingSpinner.js
FN:10,LoadingSpinner
FNF:1
FNH:0
FNDA:0,LoadingSpinner
DA:16,0
DA:24,0
LF:2
LH:0
BRDA:11,0,0,0
BRDA:12,1,0,0
BRDA:13,2,0,0
BRDA:19,3,0,0
BRDA:19,3,1,0
BRF:5
BRH:0
end_of_record
TN:
SF:src/components/StreakFlame.js
FN:6,StreakFlame
FN:11,(anonymous_1)
FNF:2
FNH:0
FNDA:0,StreakFlame
FNDA:0,(anonymous_1)
DA:7,0
DA:8,0
DA:9,0
DA:11,0
DA:13,0
DA:14,0
DA:31,0
DA:32,0
DA:49,0
DA:77,0
LF:10
LH:0
BRDA:6,0,0,0
BRDA:13,1,0,0
BRDA:13,1,1,0
BRDA:31,2,0,0
BRDA:31,2,1,0
BRDA:66,3,0,0
BRDA:66,3,1,0
BRF:7
BRH:0
end_of_record
TN:
SF:src/components/XPBar.js
FN:6,XPBar
FN:10,(anonymous_1)
FNF:2
FNH:0
FNDA:0,XPBar
FNDA:0,(anonymous_1)
DA:7,0
DA:8,0
DA:10,0
DA:11,0
DA:18,0
DA:19,0
DA:36,0
DA:75,0
LF:8
LH:0
BRDA:6,0,0,0
BRDA:6,1,0,0
BRDA:18,2,0,0
BRDA:18,2,1,0
BRDA:38,3,0,0
BRDA:38,3,1,0
BRDA:66,4,0,0
BRDA:66,4,1,0
BRF:8
BRH:0
end_of_record
TN:
SF:src/context/AuthContext.js
FN:14,AuthProvider
FN:22,(anonymous_1)
FN:26,(anonymous_2)
FN:68,(anonymous_3)
FN:101,(anonymous_4)
FN:134,(anonymous_5)
FN:150,(anonymous_6)
FN:163,(anonymous_7)
FN:184,(anonymous_8)
FN:212,(anonymous_9)
FN:213,(anonymous_10)
FN:220,(anonymous_11)
FN:242,useAuth
FNF:13
FNH:0
FNDA:0,AuthProvider
FNDA:0,(anonymous_1)
FNDA:0,(anonymous_2)
FNDA:0,(anonymous_3)
FNDA:0,(anonymous_4)
FNDA:0,(anonymous_5)
FNDA:0,(anonymous_6)
FNDA:0,(anonymous_7)
FNDA:0,(anonymous_8)
FNDA:0,(anonymous_9)
FNDA:0,(anonymous_10)
FNDA:0,(anonymous_11)
FNDA:0,useAuth
DA:12,1
DA:15,0
DA:16,0
DA:17,0
DA:22,0
DA:23,0
DA:26,0
DA:27,0
DA:28,0
DA:31,0
DA:32,0
DA:34,0
DA:36,0
DA:39,0
DA:43,0
DA:44,0
DA:45,0
DA:48,0
DA:51,0
DA:54,0
DA:58,0
DA:59,0
DA:61,0
DA:68,0
DA:69,0
DA:70,0
DA:72,0
DA:73,0
DA:74,0
DA:77,0
DA:80,0
DA:82,0
DA:85,0
DA:90,0
DA:91,0
DA:101,0
DA:102,0
DA:103,0
DA:105,0
DA:106,0
DA:107,0
DA:110,0
DA:113,0
DA:115,0
DA:118,0
DA:123,0
DA:124,0
DA:134,0
DA:135,0
DA:137,0
DA:141,0
DA:143,0
DA:150,0
DA:151,0
DA:152,0
DA:153,0
DA:154,0
DA:157,0
DA:163,0
DA:164,0
DA:165,0
DA:169,0
DA:170,0
DA:171,0
DA:174,0
DA:176,0
DA:177,0
DA:184,0
DA:185,0
DA:186,0
DA:191,0
DA:192,0
DA:193,0
DA:196,0
DA:201,0
DA:202,0
DA:212,0
DA:213,0
DA:214,0
DA:215,0
DA:218,0
DA:220,0
DA:221,0
DA:225,0
DA:236,0
DA:243,0
DA:245,0
DA:246,0
DA:249,0
LF:89
LH:1
BRDA:34,0,0,0
BRDA:34,0,1,0
BRDA:34,1,0,0
BRDA:34,1,1,0
BRDA:43,2,0,0
BRDA:43,2,1,0
BRDA:43,3,0,0
BRDA:43,3,1,0
BRDA:72,4,0,0
BRDA:72,4,1,0
BRDA:72,5,0,0
BRDA:72,5,1,0
BRDA:87,6,0,0
BRDA:87,6,1,0
BRDA:105,7,0,0
BRDA:105,7,1,0
BRDA:105,8,0,0
BRDA:105,8,1,0
BRDA:120,9,0,0
BRDA:120,9,1,0
BRDA:169,10,0,0
BRDA:169,10,1,0
BRDA:169,11,0,0
BRDA:169,11,1,0
BRDA:191,12,0,0
BRDA:191,12,1,0
BRDA:191,13,0,0
BRDA:191,13,1,0
BRDA:198,14,0,0
BRDA:198,14,1,0
BRDA:245,15,0,0
BRDA:245,15,1,0
BRF:32
BRH:0
end_of_record
TN:
SF:src/core/adaptiveEngine.js
FN:24,(anonymous_0)
FN:33,(anonymous_1)
FN:63,(anonymous_2)
FN:67,(anonymous_3)
FN:74,(anonymous_4)
FN:76,(anonymous_5)
FN:81,(anonymous_6)
FN:88,(anonymous_7)
FN:90,(anonymous_8)
FN:95,(anonymous_9)
FN:102,(anonymous_10)
FN:109,(anonymous_11)
FN:110,(anonymous_12)
FN:118,(anonymous_13)
FN:121,(anonymous_14)
FN:135,(anonymous_15)
FN:139,(anonymous_16)
FN:144,(anonymous_17)
FN:152,(anonymous_18)
FN:161,(anonymous_19)
FN:202,(anonymous_20)
FN:211,(anonymous_21)
FN:220,(anonymous_22)
FN:237,(anonymous_23)
FN:269,(anonymous_24)
FN:276,(anonymous_25)
FN:277,(anonymous_26)
FN:288,(anonymous_27)
FN:309,(anonymous_28)
FN:327,(anonymous_29)
FN:338,(anonymous_30)
FN:360,(anonymous_31)
FN:385,(anonymous_32)
FN:393,(anonymous_33)
FN:398,(anonymous_34)
FN:404,(anonymous_35)
FN:412,(anonymous_36)
FN:428,(anonymous_37)
FN:436,(anonymous_38)
FN:452,(anonymous_39)
FNF:40
FNH:24
FNDA:14,(anonymous_0)
FNDA:91,(anonymous_1)
FNDA:8,(anonymous_2)
FNDA:60,(anonymous_3)
FNDA:1,(anonymous_4)
FNDA:4,(anonymous_5)
FNDA:3,(anonymous_6)
FNDA:0,(anonymous_7)
FNDA:0,(anonymous_8)
FNDA:0,(anonymous_9)
FNDA:5,(anonymous_10)
FNDA:10,(anonymous_11)
FNDA:10,(anonymous_12)
FNDA:4,(anonymous_13)
FNDA:20,(anonymous_14)
FNDA:2,(anonymous_15)
FNDA:1,(anonymous_16)
FNDA:0,(anonymous_17)
FNDA:7,(anonymous_18)
FNDA:4,(anonymous_19)
FNDA:2,(anonymous_20)
FNDA:1,(anonymous_21)
FNDA:3,(anonymous_22)
FNDA:2,(anonymous_23)
FNDA:0,(anonymous_24)
FNDA:0,(anonymous_25)
FNDA:0,(anonymous_26)
FNDA:1,(anonymous_27)
FNDA:1,(anonymous_28)
FNDA:1,(anonymous_29)
FNDA:0,(anonymous_30)
FNDA:1,(anonymous_31)
FNDA:0,(anonymous_32)
FNDA:0,(anonymous_33)
FNDA:0,(anonymous_34)
FNDA:0,(anonymous_35)
FNDA:0,(anonymous_36)
FNDA:0,(anonymous_37)
FNDA:0,(anonymous_38)
FNDA:0,(anonymous_39)
DA:12,2
DA:25,14
DA:26,14
DA:27,14
DA:34,91
DA:42,91
DA:45,91
DA:46,60
DA:47,60
DA:49,31
DA:53,91
DA:54,0
DA:57,91
DA:64,8
DA:65,8
DA:67,60
DA:68,6
DA:75,1
DA:76,4
DA:79,1
DA:81,3
DA:82,1
DA:89,0
DA:90,0
DA:93,0
DA:95,0
DA:96,0
DA:103,5
DA:106,1
DA:107,1
DA:109,10
DA:110,10
DA:112,1
DA:119,4
DA:121,4
DA:122,20
DA:123,20
DA:124,2
DA:127,20
DA:128,20
DA:129,7
DA:134,4
DA:136,2
DA:137,2
DA:139,1
DA:144,0
DA:153,7
DA:154,7
DA:155,7
DA:162,4
DA:163,4
DA:166,4
DA:167,0
DA:173,4
DA:175,2
DA:176,2
DA:178,1
DA:181,1
DA:185,4
DA:186,3
DA:193,3
DA:196,4
DA:203,2
DA:204,2
DA:205,2
DA:212,1
DA:213,1
DA:214,1
DA:221,3
DA:222,2
DA:223,1
DA:224,1
DA:225,0
DA:226,0
DA:227,0
DA:228,0
DA:230,0
DA:238,2
DA:239,2
DA:242,2
DA:251,2
DA:253,2
DA:254,2
DA:255,2
DA:256,2
DA:257,2
DA:258,0
DA:260,0
DA:261,0
DA:262,0
DA:263,0
DA:264,0
DA:268,2
DA:269,0
DA:270,0
DA:271,0
DA:276,0
DA:277,0
DA:278,0
DA:282,2
DA:289,1
DA:292,1
DA:293,1
DA:295,1
DA:296,2
DA:297,2
DA:298,1
DA:303,0
DA:310,1
DA:311,1
DA:312,1
DA:314,1
DA:328,1
DA:330,1
DA:331,0
DA:338,1
DA:339,0
DA:346,1
DA:347,0
DA:354,1
DA:361,1
DA:363,1
DA:364,0
DA:367,1
DA:368,0
DA:369,0
DA:371,1
DA:372,1
DA:373,1
DA:377,1
DA:386,0
DA:387,0
DA:394,0
DA:397,0
DA:398,0
DA:399,0
DA:403,0
DA:404,0
DA:412,0
DA:413,0
DA:414,0
DA:416,0
DA:417,0
DA:420,0
DA:423,0
DA:426,0
DA:427,0
DA:428,0
DA:429,0
DA:432,0
DA:435,0
DA:437,0
DA:438,0
DA:439,0
DA:443,0
DA:446,0
DA:454,0
DA:457,0
DA:465,0
DA:467,0
LF:160
LH:98
BRDA:45,0,0,60
BRDA:45,0,1,31
BRDA:53,1,0,0
BRDA:53,1,1,91
BRDA:63,2,0,0
BRDA:65,3,0,2
BRDA:65,3,1,6
BRDA:74,4,0,1
BRDA:79,5,0,0
BRDA:79,5,1,1
BRDA:88,6,0,0
BRDA:93,7,0,0
BRDA:93,7,1,0
BRDA:103,8,0,4
BRDA:103,8,1,1
BRDA:123,9,0,2
BRDA:123,9,1,18
BRDA:128,10,0,7
BRDA:128,10,1,13
BRDA:137,11,0,2
BRDA:137,11,1,1
BRDA:166,12,0,0
BRDA:166,12,1,4
BRDA:173,13,0,2
BRDA:173,13,1,2
BRDA:173,14,0,4
BRDA:173,14,1,2
BRDA:176,15,0,1
BRDA:176,15,1,1
BRDA:185,16,0,3
BRDA:185,16,1,1
BRDA:221,17,0,2
BRDA:221,17,1,1
BRDA:223,18,0,1
BRDA:223,18,1,0
BRDA:225,19,0,0
BRDA:225,19,1,0
BRDA:227,20,0,0
BRDA:227,20,1,0
BRDA:251,21,0,2
BRDA:251,21,1,0
BRDA:258,22,0,0
BRDA:258,22,1,0
BRDA:268,23,0,0
BRDA:268,23,1,2
BRDA:270,24,0,0
BRDA:270,24,1,0
BRDA:297,25,0,1
BRDA:297,25,1,1
BRDA:330,26,0,0
BRDA:330,26,1,1
BRDA:346,27,0,0
BRDA:346,27,1,1
BRDA:363,28,0,0
BRDA:363,28,1,1
BRDA:367,29,0,0
BRDA:367,29,1,1
BRDA:372,30,0,1
BRDA:372,30,1,0
BRDA:393,31,0,0
BRDA:416,32,0,0
BRDA:416,32,1,0
BRDA:416,33,0,0
BRDA:416,33,1,0
BRDA:417,34,0,0
BRDA:417,34,1,0
BRDA:417,35,0,0
BRDA:417,35,1,0
BRDA:426,36,0,0
BRDA:426,36,1,0
BRDA:437,37,0,0
BRDA:437,37,1,0
BRDA:439,38,0,0
BRDA:439,38,1,0
BRF:74
BRH:36
end_of_record
TN:
SF:src/core/gamification.js
FN:57,calculateLevel
FN:201,(anonymous_1)
FN:216,(anonymous_2)
FN:221,(anonymous_3)
FN:230,(anonymous_4)
FN:246,getDailyGoalProgress
FN:258,(anonymous_6)
FN:266,(anonymous_7)
FN:269,(anonymous_8)
FN:284,(anonymous_9)
FN:316,(anonymous_10)
FN:334,(anonymous_11)
FN:335,(anonymous_12)
FN:341,(anonymous_13)
FN:343,(anonymous_14)
FN:344,(anonymous_15)
FN:374,(anonymous_16)
FN:381,(anonymous_17)
FN:385,(anonymous_18)
FN:394,(anonymous_19)
FN:403,(anonymous_20)
FN:417,(anonymous_21)
FN:421,(anonymous_22)
FN:431,(anonymous_23)
FN:441,(anonymous_24)
FN:456,(anonymous_25)
FN:465,(anonymous_26)
FNF:27
FNH:19
FNDA:3,calculateLevel
FNDA:3,(anonymous_1)
FNDA:2,(anonymous_2)
FNDA:1,(anonymous_3)
FNDA:0,(anonymous_4)
FNDA:2,getDailyGoalProgress
FNDA:3,(anonymous_6)
FNDA:3,(anonymous_7)
FNDA:39,(anonymous_8)
FNDA:38,(anonymous_9)
FNDA:1,(anonymous_10)
FNDA:0,(anonymous_11)
FNDA:0,(anonymous_12)
FNDA:0,(anonymous_13)
FNDA:0,(anonymous_14)
FNDA:0,(anonymous_15)
FNDA:2,(anonymous_16)
FNDA:1,(anonymous_17)
FNDA:5,(anonymous_18)
FNDA:4,(anonymous_19)
FNDA:3,(anonymous_20)
FNDA:1,(anonymous_21)
FNDA:1,(anonymous_22)
FNDA:1,(anonymous_23)
FNDA:1,(anonymous_24)
FNDA:0,(anonymous_25)
FNDA:0,(anonymous_26)
DA:11,2
DA:44,2
DA:58,3
DA:59,3
DA:61,3
DA:62,11
DA:63,8
DA:64,8
DA:66,3
DA:70,3
DA:81,2
DA:202,3
DA:204,3
DA:205,3
DA:208,3
DA:209,3
DA:211,3
DA:213,3
DA:217,2
DA:218,2
DA:222,1
DA:223,1
DA:224,1
DA:225,0
DA:226,0
DA:227,0
DA:231,0
DA:232,0
DA:233,0
DA:234,0
DA:235,0
DA:240,2
DA:247,2
DA:259,3
DA:260,3
DA:267,3
DA:269,3
DA:270,39
DA:272,38
DA:273,2
DA:274,2
DA:278,3
DA:285,38
DA:287,38
DA:289,5
DA:291,9
DA:293,3
DA:295,3
DA:297,3
DA:299,3
DA:301,3
DA:303,3
DA:305,3
DA:307,3
DA:309,0
DA:317,1
DA:318,1
DA:320,1
DA:321,1
DA:323,1
DA:335,0
DA:342,0
DA:343,0
DA:344,0
DA:352,2
DA:375,2
DA:382,1
DA:385,1
DA:386,5
DA:387,5
DA:388,1
DA:389,1
DA:394,1
DA:395,4
DA:396,4
DA:397,0
DA:398,0
DA:403,1
DA:404,3
DA:405,3
DA:406,0
DA:407,0
DA:411,1
DA:418,1
DA:421,1
DA:422,1
DA:423,1
DA:431,1
DA:432,1
DA:433,1
DA:441,1
DA:442,1
DA:443,1
DA:450,1
DA:457,0
DA:467,0
LF:96
LH:77
BRDA:62,0,0,8
BRDA:62,0,1,3
BRDA:64,1,0,8
BRDA:64,1,1,0
BRDA:201,2,0,2
BRDA:202,3,0,0
BRDA:202,3,1,3
BRDA:222,4,0,0
BRDA:222,4,1,1
BRDA:223,5,0,0
BRDA:223,5,1,1
BRDA:224,6,0,1
BRDA:224,6,1,0
BRDA:225,7,0,0
BRDA:225,7,1,0
BRDA:226,8,0,0
BRDA:226,8,1,0
BRDA:231,9,0,0
BRDA:231,9,1,0
BRDA:232,10,0,0
BRDA:232,10,1,0
BRDA:233,11,0,0
BRDA:233,11,1,0
BRDA:234,12,0,0
BRDA:234,12,1,0
BRDA:246,13,0,0
BRDA:270,14,0,1
BRDA:270,14,1,38
BRDA:272,15,0,2
BRDA:272,15,1,36
BRDA:287,16,0,5
BRDA:287,16,1,9
BRDA:287,16,2,3
BRDA:287,16,3,3
BRDA:287,16,4,3
BRDA:287,16,5,3
BRDA:287,16,6,3
BRDA:287,16,7,3
BRDA:287,16,8,3
BRDA:287,16,9,3
BRDA:287,16,10,0
BRDA:318,17,0,0
BRDA:318,17,1,1
BRDA:321,18,0,1
BRDA:321,18,1,0
BRDA:387,19,0,1
BRDA:387,19,1,4
BRDA:387,20,0,5
BRDA:387,20,1,5
BRDA:396,21,0,0
BRDA:396,21,1,4
BRDA:396,22,0,4
BRDA:396,22,1,4
BRDA:405,23,0,0
BRDA:405,23,1,3
BRDA:405,24,0,3
BRDA:405,24,1,3
BRDA:422,25,0,1
BRDA:422,25,1,0
BRDA:432,26,0,1
BRDA:432,26,1,0
BRDA:442,27,0,1
BRDA:442,27,1,0
BRF:63
BRH:37
end_of_record
TN:
SF:src/core/soundManager.js
FN:49,(anonymous_0)
FN:61,(anonymous_1)
FN:71,(anonymous_2)
FN:108,(anonymous_3)
FN:138,(anonymous_4)
FN:142,(anonymous_5)
FN:146,(anonymous_6)
FN:150,(anonymous_7)
FN:169,playSuccessSound
FN:173,playErrorSound
FN:177,playXPSound
FN:181,playLevelUpSound
FN:185,playAchievementSound
FN:189,hapticLight
FN:193,hapticSuccess
FN:197,hapticError
FNF:16
FNH:1
FNDA:1,(anonymous_0)
FNDA:0,(anonymous_1)
FNDA:0,(anonymous_2)
FNDA:0,(anonymous_3)
FNDA:0,(anonymous_4)
FNDA:0,(anonymous_5)
FNDA:0,(anonymous_6)
FNDA:0,(anonymous_7)
FNDA:0,playSuccessSound
FNDA:0,playErrorSound
FNDA:0,playXPSound
FNDA:0,playLevelUpSound
FNDA:0,playAchievementSound
FNDA:0,hapticLight
FNDA:0,hapticSuccess
FNDA:0,hapticError
DA:16,1
DA:39,1
DA:50,1
DA:51,1
DA:52,1
DA:53,1
DA:68,0
DA:72,0
DA:74,0
DA:76,0
DA:79,0
DA:82,0
DA:83,0
DA:88,0
DA:89,0
DA:92,0
DA:93,0
DA:96,0
DA:97,0
DA:101,0
DA:104,0
DA:109,0
DA:111,0
DA:112,0
DA:114,0
DA:115,0
DA:117,0
DA:118,0
DA:120,0
DA:121,0
DA:123,0
DA:124,0
DA:126,0
DA:127,0
DA:129,0
DA:130,0
DA:134,0
DA:139,0
DA:143,0
DA:147,0
DA:152,0
DA:153,0
DA:154,0
DA:157,0
DA:162,1
DA:170,0
DA:174,0
DA:178,0
DA:182,0
DA:186,0
DA:190,0
DA:194,0
DA:198,0
LF:53
LH:7
BRDA:72,0,0,0
BRDA:72,0,1,0
BRDA:79,1,0,0
BRDA:79,1,1,0
BRDA:79,1,2,0
BRDA:79,1,3,0
BRDA:79,1,4,0
BRDA:79,1,5,0
BRDA:79,1,6,0
BRDA:79,1,7,0
BRDA:109,2,0,0
BRDA:109,2,1,0
BRDA:112,3,0,0
BRDA:112,3,1,0
BRDA:112,3,2,0
BRDA:112,3,3,0
BRDA:112,3,4,0
BRDA:112,3,5,0
BRDA:153,4,0,0
BRDA:153,4,1,0
BRDA:153,5,0,0
BRDA:153,5,1,0
BRF:22
BRH:0
end_of_record
TN:
SF:src/core/spacedRepetition.js
FN:26,(anonymous_0)
FN:52,(anonymous_1)
FN:99,(anonymous_2)
FN:103,(anonymous_3)
FN:112,(anonymous_4)
FN:119,(anonymous_5)
FN:123,(anonymous_6)
FN:124,(anonymous_7)
FN:127,(anonymous_8)
FN:128,(anonymous_9)
FN:131,(anonymous_10)
FN:132,(anonymous_11)
FN:135,(anonymous_12)
FN:140,(anonymous_13)
FN:142,(anonymous_14)
FN:143,(anonymous_15)
FN:160,createPokerDecks
FN:291,(anonymous_17)
FN:305,(anonymous_18)
FN:311,(anonymous_19)
FN:321,(anonymous_20)
FN:326,(anonymous_21)
FN:351,(anonymous_22)
FNF:23
FNH:22
FNDA:75,(anonymous_0)
FNDA:58,(anonymous_1)
FNDA:65,(anonymous_2)
FNDA:1,(anonymous_3)
FNDA:10,(anonymous_4)
FNDA:67,(anonymous_5)
FNDA:6,(anonymous_6)
FNDA:63,(anonymous_7)
FNDA:6,(anonymous_8)
FNDA:64,(anonymous_9)
FNDA:2,(anonymous_10)
FNDA:3,(anonymous_11)
FNDA:1,(anonymous_12)
FNDA:2,(anonymous_13)
FNDA:2,(anonymous_14)
FNDA:2,(anonymous_15)
FNDA:0,createPokerDecks
FNDA:4,(anonymous_17)
FNDA:4,(anonymous_18)
FNDA:250,(anonymous_19)
FNDA:43,(anonymous_20)
FNDA:21,(anonymous_21)
FNDA:1,(anonymous_22)
DA:18,4
DA:27,75
DA:28,75
DA:29,75
DA:30,75
DA:31,75
DA:34,75
DA:35,75
DA:36,75
DA:37,75
DA:38,75
DA:41,75
DA:42,75
DA:43,75
DA:44,75
DA:53,58
DA:54,58
DA:59,58
DA:60,58
DA:63,58
DA:65,24
DA:66,24
DA:67,24
DA:68,24
DA:71,34
DA:72,34
DA:74,34
DA:75,24
DA:76,10
DA:77,9
DA:79,1
DA:82,34
DA:85,34
DA:86,34
DA:87,34
DA:90,58
DA:100,65
DA:104,1
DA:113,10
DA:114,10
DA:115,10
DA:116,10
DA:120,67
DA:124,63
DA:128,64
DA:132,3
DA:136,1
DA:137,1
DA:138,1
DA:139,1
DA:140,2
DA:142,2
DA:143,2
DA:144,1
DA:146,1
DA:161,0
DA:164,0
DA:170,0
DA:178,0
DA:186,0
DA:194,0
DA:197,0
DA:202,0
DA:210,0
DA:218,0
DA:221,0
DA:226,0
DA:234,0
DA:242,0
DA:250,0
DA:253,0
DA:258,0
DA:266,0
DA:274,0
DA:282,0
DA:284,0
DA:292,4
DA:293,4
DA:294,4
DA:295,4
DA:296,4
DA:297,4
DA:307,4
DA:308,4
DA:311,250
DA:312,4
DA:314,4
DA:322,43
DA:323,42
DA:327,21
DA:328,21
DA:330,21
DA:333,21
DA:334,16
DA:336,5
DA:339,21
DA:340,21
DA:343,21
DA:345,21
DA:352,1
DA:353,1
DA:357,1
LF:102
LH:81
BRDA:26,0,0,67
BRDA:63,1,0,24
BRDA:63,1,1,34
BRDA:74,2,0,24
BRDA:74,2,1,10
BRDA:76,3,0,9
BRDA:76,3,1,1
BRDA:99,4,0,2
BRDA:104,5,0,1
BRDA:104,5,1,0
BRDA:123,6,0,6
BRDA:132,7,0,3
BRDA:132,7,1,2
BRDA:144,8,0,1
BRDA:144,8,1,0
BRDA:291,9,0,0
BRDA:291,10,0,0
BRDA:322,11,0,1
BRDA:322,11,1,42
BRDA:328,12,0,0
BRDA:328,12,1,21
BRDA:333,13,0,16
BRDA:333,13,1,5
BRDA:339,14,0,21
BRDA:339,14,1,0
BRDA:353,15,0,1
BRDA:353,15,1,0
BRF:27
BRH:20
end_of_record
TN:
SF:src/data/exploitativeStrategies.js
FNF:0
FNH:0
DA:6,0
DA:127,0
DA:161,0
DA:190,0
DA:227,0
DA:324,0
DA:364,0
DA:392,0
DA:414,0
DA:436,0
LF:10
LH:0
BRF:0
BRH:0
end_of_record
TN:
SF:src/data/miniGames.js
FN:20,(anonymous_0)
FN:48,(anonymous_1)
FN:62,(anonymous_2)
FN:80,(anonymous_3)
FN:92,(anonymous_4)
FN:107,(anonymous_5)
FN:118,(anonymous_6)
FN:156,(anonymous_7)
FN:179,(anonymous_8)
FN:192,(anonymous_9)
FN:263,(anonymous_10)
FN:288,(anonymous_11)
FNF:12
FNH:0
FNDA:0,(anonymous_0)
FNDA:0,(anonymous_1)
FNDA:0,(anonymous_2)
FNDA:0,(anonymous_3)
FNDA:0,(anonymous_4)
FNDA:0,(anonymous_5)
FNDA:0,(anonymous_6)
FNDA:0,(anonymous_7)
FNDA:0,(anonymous_8)
FNDA:0,(anonymous_9)
FNDA:0,(anonymous_10)
FNDA:0,(anonymous_11)
DA:21,0
DA:22,0
DA:25,0
DA:44,0
DA:47,0
DA:48,0
DA:50,0
DA:63,0
DA:64,0
DA:65,0
DA:66,0
DA:68,0
DA:69,0
DA:71,0
DA:75,0
DA:80,0
DA:93,0
DA:94,0
DA:95,0
DA:97,0
DA:107,0
DA:119,0
DA:120,0
DA:122,0
DA:123,0
DA:124,0
DA:129,0
DA:131,0
DA:132,0
DA:133,0
DA:134,0
DA:136,0
DA:137,0
DA:138,0
DA:139,0
DA:141,0
DA:142,0
DA:145,0
DA:148,0
DA:157,0
DA:158,0
DA:164,0
DA:165,0
DA:167,0
DA:180,0
DA:181,0
DA:182,0
DA:184,0
DA:193,0
DA:260,0
DA:265,0
DA:289,0
DA:290,0
DA:322,0
LF:54
LH:0
BRDA:20,0,0,0
BRDA:39,1,0,0
BRDA:39,1,1,0
BRDA:40,2,0,0
BRDA:40,2,1,0
BRDA:58,3,0,0
BRDA:58,3,1,0
BRDA:58,4,0,0
BRDA:58,4,1,0
BRDA:62,5,0,0
BRDA:71,6,0,0
BRDA:71,6,1,0
BRDA:81,7,0,0
BRDA:81,7,1,0
BRDA:92,8,0,0
BRDA:109,9,0,0
BRDA:109,9,1,0
BRDA:109,9,2,0
BRDA:118,10,0,0
BRDA:118,11,0,0
BRDA:124,12,0,0
BRDA:124,12,1,0
BRDA:129,13,0,0
BRDA:129,13,1,0
BRDA:129,13,2,0
BRDA:156,14,0,0
BRDA:172,15,0,0
BRDA:172,15,1,0
BRDA:179,16,0,0
BRDA:179,17,0,0
BRDA:288,18,0,0
BRF:31
BRH:0
end_of_record
TN:
SF:src/data/nlheMttQuestions.js
FNF:0
FNH:0
DA:7,0
DA:1105,0
LF:2
LH:0
BRF:0
BRH:0
end_of_record
TN:
SF:src/data/ploQuestions.js
FNF:0
FNH:0
DA:6,0
DA:404,0
LF:2
LH:0
BRF:0
BRH:0
end_of_record
TN:
SF:src/data/pokerRanges.js
FNF:0
FNH:0
DA:7,0
DA:17,0
DA:101,0
DA:123,0
LF:4
LH:0
BRF:0
BRH:0
end_of_record
TN:
SF:src/data/pushFoldCharts.js
FNF:0
FNH:0
DA:7,0
DA:190,0
LF:2
LH:0
BRF:0
BRH:0
end_of_record
TN:
SF:src/data/trainingPlan.js
FNF:0
FNH:0
DA:7,0
DA:28,0
DA:624,0
LF:3
LH:0
BRF:0
BRH:0
end_of_record
TN:
SF:src/hooks/useAsyncData.js
FN:14,useAsyncData
FN:19,(anonymous_1)
FN:34,(anonymous_2)
FN:37,(anonymous_3)
FN:60,(anonymous_4)
FN:78,useAsyncAction
FN:83,(anonymous_6)
FNF:7
FNH:0
FNDA:0,useAsyncData
FNDA:0,(anonymous_1)
FNDA:0,(anonymous_2)
FNDA:0,(anonymous_3)
FNDA:0,(anonymous_4)
FNDA:0,useAsyncAction
FNDA:0,(anonymous_6)
DA:15,0
DA:16,0
DA:17,0
DA:19,0
DA:20,0
DA:21,0
DA:23,0
DA:24,0
DA:25,0
DA:27,0
DA:28,0
DA:30,0
DA:34,0
DA:35,0
DA:37,0
DA:38,0
DA:39,0
DA:41,0
DA:42,0
DA:43,0
DA:44,0
DA:47,0
DA:48,0
DA:49,0
DA:52,0
DA:53,0
DA:58,0
DA:60,0
DA:61,0
DA:65,0
DA:79,0
DA:80,0
DA:81,0
DA:83,0
DA:84,0
DA:85,0
DA:87,0
DA:88,0
DA:89,0
DA:90,0
DA:92,0
DA:93,0
DA:94,0
DA:96,0
DA:100,0
LF:45
LH:0
BRDA:14,0,0,0
BRDA:43,1,0,0
BRDA:43,1,1,0
BRDA:47,2,0,0
BRDA:47,2,1,0
BRDA:52,3,0,0
BRDA:52,3,1,0
BRF:7
BRH:0
end_of_record
TN:
SF:src/hooks/useSyncService.js
FN:14,useSyncService
FN:15,(anonymous_1)
FN:17,(anonymous_2)
FN:32,(anonymous_3)
FNF:4
FNH:0
FNDA:0,useSyncService
FNDA:0,(anonymous_1)
FNDA:0,(anonymous_2)
FNDA:0,(anonymous_3)
DA:15,0
DA:17,0
DA:18,0
DA:19,0
DA:21,0
DA:22,0
DA:25,0
DA:29,0
DA:32,0
DA:33,0
DA:37,0
LF:11
LH:0
BRDA:14,0,0,0
BRDA:14,1,0,0
BRDA:21,2,0,0
BRDA:21,2,1,0
BRF:4
BRH:0
end_of_record
TN:
SF:src/screens/AnalyticsScreen.js
FN:19,AnalyticsScreen
FN:23,(anonymous_1)
FN:27,(anonymous_2)
FN:87,(anonymous_3)
FN:88,(anonymous_4)
FN:109,(anonymous_5)
FN:116,(anonymous_6)
FN:175,(anonymous_7)
FNF:8
FNH:0
FNDA:0,AnalyticsScreen
FNDA:0,(anonymous_1)
FNDA:0,(anonymous_2)
FNDA:0,(anonymous_3)
FNDA:0,(anonymous_4)
FNDA:0,(anonymous_5)
FNDA:0,(anonymous_6)
FNDA:0,(anonymous_7)
DA:17,0
DA:20,0
DA:21,0
DA:23,0
DA:24,0
DA:27,0
DA:29,0
DA:68,0
DA:74,0
DA:75,0
DA:82,0
DA:87,0
DA:88,0
DA:99,0
DA:110,0
DA:116,0
DA:175,0
DA:285,0
LF:18
LH:0
BRDA:74,0,0,0
BRDA:74,0,1,0
BRDA:87,1,0,0
BRDA:88,2,0,0
BRDA:114,3,0,0
BRDA:114,3,1,0
BRDA:121,4,0,0
BRDA:121,4,1,0
BRDA:175,5,0,0
BRF:9
BRH:0
end_of_record
TN:
SF:src/screens/ExploitativeGuideScreen.js
FN:19,ExploitativeGuideScreen
FN:22,(anonymous_1)
FN:37,(anonymous_2)
FN:45,(anonymous_3)
FN:47,(anonymous_4)
FN:105,(anonymous_5)
FN:117,(anonymous_6)
FN:156,(anonymous_7)
FN:173,(anonymous_8)
FN:197,(anonymous_9)
FN:233,(anonymous_10)
FNF:11
FNH:0
FNDA:0,ExploitativeGuideScreen
FNDA:0,(anonymous_1)
FNDA:0,(anonymous_2)
FNDA:0,(anonymous_3)
FNDA:0,(anonymous_4)
FNDA:0,(anonymous_5)
FNDA:0,(anonymous_6)
FNDA:0,(anonymous_7)
FNDA:0,(anonymous_8)
FNDA:0,(anonymous_9)
FNDA:0,(anonymous_10)
DA:20,0
DA:22,0
DA:23,0
DA:25,0
DA:27,0
DA:29,0
DA:31,0
DA:33,0
DA:37,0
DA:38,0
DA:40,0
DA:45,0
DA:47,0
DA:106,0
DA:118,0
DA:135,0
DA:157,0
DA:173,0
DA:198,0
DA:234,0
DA:297,0
LF:21
LH:0
BRDA:23,0,0,0
BRDA:23,0,1,0
BRDA:23,0,2,0
BRDA:23,0,3,0
BRDA:23,0,4,0
BRDA:47,1,0,0
BRDA:47,1,1,0
BRDA:58,2,0,0
BRDA:58,2,1,0
BRDA:72,3,0,0
BRDA:72,3,1,0
BRDA:79,4,0,0
BRDA:79,4,1,0
BRDA:86,5,0,0
BRDA:86,5,1,0
BRDA:93,6,0,0
BRDA:93,6,1,0
BRDA:101,7,0,0
BRDA:101,7,1,0
BRDA:212,8,0,0
BRDA:212,8,1,0
BRDA:245,9,0,0
BRDA:245,9,1,0
BRDA:247,10,0,0
BRDA:247,10,1,0
BRDA:273,11,0,0
BRDA:273,11,1,0
BRF:27
BRH:0
end_of_record
TN:
SF:src/screens/HandHistoryScreen.js
FN:20,HandHistoryScreen
FN:34,(anonymous_1)
FN:41,(anonymous_2)
FN:57,(anonymous_3)
FN:82,(anonymous_4)
FN:96,(anonymous_5)
FN:134,(anonymous_6)
FN:141,(anonymous_7)
FN:149,(anonymous_8)
FN:158,(anonymous_9)
FN:183,(anonymous_10)
FN:190,(anonymous_11)
FN:248,(anonymous_12)
FN:281,(anonymous_13)
FN:288,(anonymous_14)
FNF:15
FNH:0
FNDA:0,HandHistoryScreen
FNDA:0,(anonymous_1)
FNDA:0,(anonymous_2)
FNDA:0,(anonymous_3)
FNDA:0,(anonymous_4)
FNDA:0,(anonymous_5)
FNDA:0,(anonymous_6)
FNDA:0,(anonymous_7)
FNDA:0,(anonymous_8)
FNDA:0,(anonymous_9)
FNDA:0,(anonymous_10)
FNDA:0,(anonymous_11)
FNDA:0,(anonymous_12)
FNDA:0,(anonymous_13)
FNDA:0,(anonymous_14)
DA:21,0
DA:22,0
DA:23,0
DA:24,0
DA:26,0
DA:34,0
DA:35,0
DA:41,0
DA:42,0
DA:43,0
DA:45,0
DA:46,0
DA:48,0
DA:51,0
DA:57,0
DA:58,0
DA:59,0
DA:64,0
DA:65,0
DA:69,0
DA:70,0
DA:71,0
DA:75,0
DA:82,0
DA:88,0
DA:89,0
DA:96,0
DA:97,0
DA:99,0
DA:101,0
DA:102,0
DA:107,0
DA:109,0
DA:111,0
DA:112,0
DA:118,0
DA:120,0
DA:124,0
DA:125,0
DA:127,0
DA:134,0
DA:135,0
DA:141,0
DA:142,0
DA:150,0
DA:151,0
DA:152,0
DA:159,0
DA:160,0
DA:161,0
DA:169,0
DA:184,0
DA:190,0
DA:249,0
DA:281,0
DA:288,0
DA:304,0
LF:57
LH:0
BRDA:45,0,0,0
BRDA:45,0,1,0
BRDA:46,1,0,0
BRDA:46,1,1,0
BRDA:64,2,0,0
BRDA:64,2,1,0
BRDA:69,3,0,0
BRDA:69,3,1,0
BRDA:111,4,0,0
BRDA:111,4,1,0
BRDA:120,5,0,0
BRDA:120,5,1,0
BRDA:151,6,0,0
BRDA:151,6,1,0
BRDA:160,7,0,0
BRDA:160,7,1,0
BRDA:188,8,0,0
BRDA:188,8,1,0
BRDA:195,9,0,0
BRDA:195,9,1,0
BRDA:207,10,0,0
BRDA:207,10,1,0
BRDA:211,11,0,0
BRDA:211,11,1,0
BRDA:238,12,0,0
BRDA:238,12,1,0
BRDA:240,13,0,0
BRDA:240,13,1,0
BRDA:270,14,0,0
BRDA:270,14,1,0
BRDA:272,15,0,0
BRDA:272,15,1,0
BRDA:278,16,0,0
BRDA:278,16,1,0
BRDA:312,17,0,0
BRDA:312,17,1,0
BRF:36
BRH:0
end_of_record
TN:
SF:src/screens/HomeScreen.js
FN:8,HomeScreen
FN:54,(anonymous_1)
FN:89,(anonymous_2)
FN:106,(anonymous_3)
FN:114,(anonymous_4)
FN:122,(anonymous_5)
FNF:6
FNH:0
FNDA:0,HomeScreen
FNDA:0,(anonymous_1)
FNDA:0,(anonymous_2)
FNDA:0,(anonymous_3)
FNDA:0,(anonymous_4)
FNDA:0,(anonymous_5)
DA:6,0
DA:9,0
DA:54,0
DA:89,0
DA:106,0
DA:114,0
DA:122,0
DA:154,0
LF:8
LH:0
BRF:0
BRH:0
end_of_record
TN:
SF:src/screens/OnboardingScreen.js
FN:66,OnboardingScreen
FN:75,(anonymous_1)
FN:79,(anonymous_2)
FN:87,(anonymous_3)
FN:95,(anonymous_4)
FN:109,(anonymous_5)
FN:128,(anonymous_6)
FN:132,(anonymous_7)
FN:142,(anonymous_8)
FN:144,(anonymous_9)
FN:189,(anonymous_10)
FNF:11
FNH:0
FNDA:0,OnboardingScreen
FNDA:0,(anonymous_1)
FNDA:0,(anonymous_2)
FNDA:0,(anonymous_3)
FNDA:0,(anonymous_4)
FNDA:0,(anonymous_5)
FNDA:0,(anonymous_6)
FNDA:0,(anonymous_7)
FNDA:0,(anonymous_8)
FNDA:0,(anonymous_9)
FNDA:0,(anonymous_10)
DA:19,0
DA:21,0
DA:67,0
DA:68,0
DA:69,0
DA:70,0
DA:71,0
DA:72,0
DA:75,0
DA:76,0
DA:79,0
DA:80,0
DA:81,0
DA:85,0
DA:87,0
DA:88,0
DA:89,0
DA:91,0
DA:95,0
DA:97,0
DA:98,0
DA:100,0
DA:103,0
DA:104,0
DA:106,0
DA:109,0
DA:110,0
DA:111,0
DA:114,0
DA:128,0
DA:129,0
DA:132,0
DA:133,0
DA:142,0
DA:143,0
DA:145,0
DA:151,0
DA:157,0
DA:163,0
DA:179,0
DA:189,0
DA:280,0
LF:42
LH:0
BRDA:80,0,0,0
BRDA:80,0,1,0
BRDA:88,1,0,0
BRDA:88,1,1,0
BRDA:103,2,0,0
BRDA:103,2,1,0
BRDA:202,3,0,0
BRDA:202,3,1,0
BRDA:216,4,0,0
BRDA:216,4,1,0
BRDA:222,5,0,0
BRDA:222,5,1,0
BRDA:250,6,0,0
BRDA:250,6,1,0
BRDA:254,7,0,0
BRDA:254,7,1,0
BRDA:266,8,0,0
BRDA:266,8,1,0
BRF:18
BRH:0
end_of_record
TN:
SF:src/screens/PLOTrainingScreen.js
FN:17,PLOTrainingScreen
FN:26,(anonymous_1)
FN:46,(anonymous_2)
FN:55,(anonymous_3)
FN:55,(anonymous_4)
FN:57,(anonymous_5)
FN:59,(anonymous_6)
FN:65,(anonymous_7)
FN:73,(anonymous_8)
FN:113,(anonymous_9)
FN:117,(anonymous_10)
FNF:11
FNH:0
FNDA:0,PLOTrainingScreen
FNDA:0,(anonymous_1)
FNDA:0,(anonymous_2)
FNDA:0,(anonymous_3)
FNDA:0,(anonymous_4)
FNDA:0,(anonymous_5)
FNDA:0,(anonymous_6)
FNDA:0,(anonymous_7)
FNDA:0,(anonymous_8)
FNDA:0,(anonymous_9)
FNDA:0,(anonymous_10)
DA:18,0
DA:19,0
DA:20,0
DA:21,0
DA:22,0
DA:24,0
DA:26,0
DA:27,0
DA:28,0
DA:30,0
DA:32,0
DA:33,0
DA:36,0
DA:46,0
DA:47,0
DA:48,0
DA:49,0
DA:50,0
DA:53,0
DA:55,0
DA:59,0
DA:65,0
DA:66,0
DA:67,0
DA:68,0
DA:69,0
DA:70,0
DA:73,0
DA:74,0
DA:75,0
DA:78,0
DA:79,0
DA:82,0
DA:83,0
DA:86,0
DA:89,0
DA:114,0
DA:117,0
DA:184,0
LF:39
LH:0
BRDA:32,0,0,0
BRDA:32,0,1,0
BRDA:47,1,0,0
BRDA:47,1,1,0
BRDA:74,2,0,0
BRDA:74,2,1,0
BRDA:78,3,0,0
BRDA:78,3,1,0
BRDA:82,4,0,0
BRDA:82,4,1,0
BRDA:82,5,0,0
BRDA:82,5,1,0
BRDA:123,6,0,0
BRDA:123,6,1,0
BRDA:123,6,2,0
BRDA:124,7,0,0
BRDA:124,7,1,0
BRDA:124,7,2,0
BRDA:124,7,3,0
BRDA:134,8,0,0
BRDA:134,8,1,0
BRDA:137,9,0,0
BRDA:137,9,1,0
BRDA:146,10,0,0
BRDA:146,10,1,0
BRDA:154,11,0,0
BRDA:154,11,1,0
BRF:27
BRH:0
end_of_record
TN:
SF:src/screens/ProfileScreen.js
FN:12,ProfileScreen
FN:30,(anonymous_1)
FN:35,(anonymous_2)
FN:46,(anonymous_3)
FN:60,(anonymous_4)
FN:71,(anonymous_5)
FN:83,(anonymous_6)
FN:178,(anonymous_7)
FN:179,(anonymous_8)
FN:182,(anonymous_9)
FN:190,(anonymous_10)
FN:191,(anonymous_11)
FN:194,(anonymous_12)
FN:202,(anonymous_13)
FN:203,(anonymous_14)
FN:206,(anonymous_15)
FN:217,(anonymous_16)
FNF:17
FNH:0
FNDA:0,ProfileScreen
FNDA:0,(anonymous_1)
FNDA:0,(anonymous_2)
FNDA:0,(anonymous_3)
FNDA:0,(anonymous_4)
FNDA:0,(anonymous_5)
FNDA:0,(anonymous_6)
FNDA:0,(anonymous_7)
FNDA:0,(anonymous_8)
FNDA:0,(anonymous_9)
FNDA:0,(anonymous_10)
FNDA:0,(anonymous_11)
FNDA:0,(anonymous_12)
FNDA:0,(anonymous_13)
FNDA:0,(anonymous_14)
FNDA:0,(anonymous_15)
FNDA:0,(anonymous_16)
DA:13,0
DA:14,0
DA:24,0
DA:30,0
DA:31,0
DA:32,0
DA:35,0
DA:36,0
DA:37,0
DA:38,0
DA:39,0
DA:42,0
DA:46,0
DA:47,0
DA:48,0
DA:49,0
DA:50,0
DA:51,0
DA:52,0
DA:53,0
DA:56,0
DA:60,0
DA:61,0
DA:62,0
DA:63,0
DA:64,0
DA:65,0
DA:67,0
DA:71,0
DA:72,0
DA:84,0
DA:91,0
DA:93,0
DA:178,0
DA:180,0
DA:182,0
DA:190,0
DA:192,0
DA:194,0
DA:202,0
DA:204,0
DA:206,0
DA:217,0
DA:252,0
LF:44
LH:0
BRDA:38,0,0,0
BRDA:38,0,1,0
BRDA:49,1,0,0
BRDA:49,1,1,0
BRDA:96,2,0,0
BRDA:96,2,1,0
BRDA:103,3,0,0
BRDA:103,3,1,0
BRDA:107,4,0,0
BRDA:107,4,1,0
BRF:10
BRH:0
end_of_record
TN:
SF:src/screens/PushFoldScreen.js
FN:14,PushFoldScreen
FN:19,(anonymous_1)
FN:32,(anonymous_2)
FN:58,(anonymous_3)
FN:77,(anonymous_4)
FN:96,(anonymous_5)
FN:129,(anonymous_6)
FN:135,(anonymous_7)
FN:168,(anonymous_8)
FN:172,(anonymous_9)
FN:205,(anonymous_10)
FN:222,(anonymous_11)
FNF:12
FNH:0
FNDA:0,PushFoldScreen
FNDA:0,(anonymous_1)
FNDA:0,(anonymous_2)
FNDA:0,(anonymous_3)
FNDA:0,(anonymous_4)
FNDA:0,(anonymous_5)
FNDA:0,(anonymous_6)
FNDA:0,(anonymous_7)
FNDA:0,(anonymous_8)
FNDA:0,(anonymous_9)
FNDA:0,(anonymous_10)
FNDA:0,(anonymous_11)
DA:15,0
DA:16,0
DA:17,0
DA:19,0
DA:20,0
DA:22,0
DA:24,0
DA:26,0
DA:28,0
DA:32,0
DA:33,0
DA:35,0
DA:36,0
DA:38,0
DA:59,0
DA:73,0
DA:75,0
DA:78,0
DA:79,0
DA:97,0
DA:111,0
DA:113,0
DA:130,0
DA:131,0
DA:135,0
DA:169,0
DA:172,0
DA:206,0
DA:223,0
DA:248,0
LF:30
LH:0
BRDA:20,0,0,0
BRDA:20,0,1,0
BRDA:20,0,2,0
BRDA:20,0,3,0
BRDA:35,1,0,0
BRDA:35,1,1,0
BRDA:56,2,0,0
BRDA:56,2,1,0
BRDA:73,3,0,0
BRDA:73,3,1,0
BRDA:134,4,0,0
BRDA:134,4,1,0
BRDA:137,5,0,0
BRDA:137,5,1,0
BRDA:163,6,0,0
BRDA:163,6,1,0
BRDA:171,7,0,0
BRDA:171,7,1,0
BRDA:174,8,0,0
BRDA:174,8,1,0
BRF:20
BRH:0
end_of_record
TN:
SF:src/screens/QuizGameScreen.js
FN:16,QuizGameScreen
FN:27,(anonymous_1)
FN:36,(anonymous_2)
FN:54,(anonymous_3)
FN:129,(anonymous_4)
FN:136,(anonymous_5)
FN:166,(anonymous_6)
FN:196,(anonymous_7)
FN:206,(anonymous_8)
FNF:9
FNH:0
FNDA:0,QuizGameScreen
FNDA:0,(anonymous_1)
FNDA:0,(anonymous_2)
FNDA:0,(anonymous_3)
FNDA:0,(anonymous_4)
FNDA:0,(anonymous_5)
FNDA:0,(anonymous_6)
FNDA:0,(anonymous_7)
FNDA:0,(anonymous_8)
DA:17,0
DA:19,0
DA:20,0
DA:21,0
DA:22,0
DA:23,0
DA:24,0
DA:25,0
DA:27,0
DA:29,0
DA:30,0
DA:33,0
DA:34,0
DA:36,0
DA:37,0
DA:39,0
DA:40,0
DA:42,0
DA:44,0
DA:45,0
DA:46,0
DA:47,0
DA:48,0
DA:50,0
DA:54,0
DA:55,0
DA:57,0
DA:60,0
DA:61,0
DA:62,0
DA:65,0
DA:66,0
DA:67,0
DA:71,0
DA:72,0
DA:79,0
DA:80,0
DA:81,0
DA:82,0
DA:84,0
DA:129,0
DA:138,0
DA:139,0
DA:140,0
DA:141,0
DA:142,0
DA:143,0
DA:144,0
DA:145,0
DA:159,0
DA:166,0
DA:197,0
DA:198,0
DA:199,0
DA:200,0
DA:202,0
DA:206,0
DA:266,0
LF:58
LH:0
BRDA:17,0,0,0
BRDA:17,1,0,0
BRDA:17,2,0,0
BRDA:17,3,0,0
BRDA:17,3,1,0
BRDA:34,4,0,0
BRDA:34,4,1,0
BRDA:37,5,0,0
BRDA:37,5,1,0
BRDA:44,6,0,0
BRDA:44,6,1,0
BRDA:55,7,0,0
BRDA:55,7,1,0
BRDA:60,8,0,0
BRDA:60,8,1,0
BRDA:60,9,0,0
BRDA:60,9,1,0
BRDA:71,10,0,0
BRDA:71,10,1,0
BRDA:79,11,0,0
BRDA:79,11,1,0
BRDA:80,12,0,0
BRDA:80,12,1,0
BRDA:90,13,0,0
BRDA:90,13,1,0
BRDA:90,14,0,0
BRDA:90,14,1,0
BRDA:90,15,0,0
BRDA:90,15,1,0
BRDA:93,16,0,0
BRDA:93,16,1,0
BRDA:93,17,0,0
BRDA:93,17,1,0
BRDA:93,18,0,0
BRDA:93,18,1,0
BRDA:110,19,0,0
BRDA:110,19,1,0
BRDA:116,20,0,0
BRDA:116,20,1,0
BRDA:199,21,0,0
BRDA:199,21,1,0
BRDA:200,22,0,0
BRDA:200,22,1,0
BRDA:200,22,2,0
BRDA:205,23,0,0
BRDA:205,23,1,0
BRDA:210,24,0,0
BRDA:210,24,1,0
BRDA:211,25,0,0
BRDA:211,25,1,0
BRDA:214,26,0,0
BRDA:214,26,1,0
BRDA:215,27,0,0
BRDA:215,27,1,0
BRDA:216,28,0,0
BRDA:216,28,1,0
BRDA:220,29,0,0
BRDA:220,29,1,0
BRDA:220,30,0,0
BRDA:220,30,1,0
BRDA:221,31,0,0
BRDA:221,31,1,0
BRDA:225,32,0,0
BRDA:225,32,1,0
BRDA:226,33,0,0
BRDA:226,33,1,0
BRDA:234,34,0,0
BRDA:234,34,1,0
BRDA:237,35,0,0
BRDA:237,35,1,0
BRDA:243,36,0,0
BRDA:243,36,1,0
BRDA:256,37,0,0
BRDA:256,37,1,0
BRF:74
BRH:0
end_of_record
TN:
SF:src/screens/RangeTrainerScreen.js
FN:15,RangeTrainerScreen
FN:20,(anonymous_1)
FN:43,(anonymous_2)
FN:52,(anonymous_3)
FN:72,(anonymous_4)
FN:76,(anonymous_5)
FN:91,(anonymous_6)
FN:106,(anonymous_7)
FN:128,(anonymous_8)
FN:137,(anonymous_9)
FN:162,(anonymous_10)
FN:176,(anonymous_11)
FN:196,(anonymous_12)
FNF:13
FNH:0
FNDA:0,RangeTrainerScreen
FNDA:0,(anonymous_1)
FNDA:0,(anonymous_2)
FNDA:0,(anonymous_3)
FNDA:0,(anonymous_4)
FNDA:0,(anonymous_5)
FNDA:0,(anonymous_6)
FNDA:0,(anonymous_7)
FNDA:0,(anonymous_8)
FNDA:0,(anonymous_9)
FNDA:0,(anonymous_10)
FNDA:0,(anonymous_11)
FNDA:0,(anonymous_12)
DA:16,0
DA:17,0
DA:18,0
DA:20,0
DA:21,0
DA:23,0
DA:43,0
DA:53,0
DA:73,0
DA:76,0
DA:91,0
DA:92,0
DA:107,0
DA:129,0
DA:138,0
DA:162,0
DA:163,0
DA:177,0
DA:197,0
DA:219,0
DA:253,0
LF:21
LH:0
BRDA:46,0,0,0
BRDA:46,0,1,0
BRDA:50,1,0,0
BRDA:50,1,1,0
BRDA:75,2,0,0
BRDA:75,2,1,0
BRDA:78,3,0,0
BRDA:78,3,1,0
BRDA:243,4,0,0
BRDA:243,4,1,0
BRDA:244,5,0,0
BRDA:244,5,1,0
BRDA:245,6,0,0
BRDA:245,6,1,0
BRF:14
BRH:0
end_of_record
TN:
SF:src/screens/SpacedRepetitionScreen.js
FN:15,SpacedRepetitionScreen
FN:25,(anonymous_1)
FN:31,(anonymous_2)
FN:41,(anonymous_3)
FN:50,(anonymous_4)
FN:97,(anonymous_5)
FN:134,(anonymous_6)
FN:190,(anonymous_7)
FN:201,(anonymous_8)
FN:229,(anonymous_9)
FN:293,(anonymous_10)
FN:302,(anonymous_11)
FN:311,(anonymous_12)
FN:320,(anonymous_13)
FNF:14
FNH:0
FNDA:0,SpacedRepetitionScreen
FNDA:0,(anonymous_1)
FNDA:0,(anonymous_2)
FNDA:0,(anonymous_3)
FNDA:0,(anonymous_4)
FNDA:0,(anonymous_5)
FNDA:0,(anonymous_6)
FNDA:0,(anonymous_7)
FNDA:0,(anonymous_8)
FNDA:0,(anonymous_9)
FNDA:0,(anonymous_10)
FNDA:0,(anonymous_11)
FNDA:0,(anonymous_12)
FNDA:0,(anonymous_13)
DA:16,0
DA:17,0
DA:18,0
DA:19,0
DA:20,0
DA:21,0
DA:23,0
DA:25,0
DA:27,0
DA:28,0
DA:31,0
DA:32,0
DA:33,0
DA:34,0
DA:35,0
DA:36,0
DA:37,0
DA:38,0
DA:41,0
DA:42,0
DA:47,0
DA:50,0
DA:51,0
DA:53,0
DA:56,0
DA:57,0
DA:59,0
DA:63,0
DA:64,0
DA:66,0
DA:67,0
DA:68,0
DA:70,0
DA:71,0
DA:72,0
DA:76,0
DA:81,0
DA:87,0
DA:88,0
DA:98,0
DA:99,0
DA:134,0
DA:150,0
DA:151,0
DA:154,0
DA:191,0
DA:192,0
DA:193,0
DA:202,0
DA:203,0
DA:218,0
DA:222,0
DA:230,0
DA:231,0
DA:293,0
DA:302,0
DA:311,0
DA:320,0
DA:339,0
LF:59
LH:0
BRDA:43,0,0,0
BRDA:43,0,1,0
BRDA:51,1,0,0
BRDA:51,1,1,0
BRDA:51,2,0,0
BRDA:51,2,1,0
BRDA:56,3,0,0
BRDA:56,3,1,0
BRDA:64,4,0,0
BRDA:64,4,1,0
BRDA:87,5,0,0
BRDA:87,5,1,0
BRDA:137,6,0,0
BRDA:137,6,1,0
BRDA:139,7,0,0
BRDA:139,7,1,0
BRDA:139,8,0,0
BRDA:139,8,1,0
BRDA:150,9,0,0
BRDA:150,9,1,0
BRDA:218,10,0,0
BRDA:218,10,1,0
BRDA:252,11,0,0
BRDA:252,11,1,0
BRDA:280,12,0,0
BRDA:280,12,1,0
BRDA:316,13,0,0
BRDA:316,13,1,0
BRDA:316,14,0,0
BRDA:316,14,1,0
BRDA:331,15,0,0
BRDA:331,15,1,0
BRF:32
BRH:0
end_of_record
TN:
SF:src/screens/TrainingPlanScreen.js
FN:17,TrainingPlanScreen
FN:23,(anonymous_1)
FN:27,(anonymous_2)
FN:31,(anonymous_3)
FN:42,(anonymous_4)
FN:50,(anonymous_5)
FN:55,(anonymous_6)
FN:56,(anonymous_7)
FN:68,(anonymous_8)
FN:78,(anonymous_9)
FN:87,(anonymous_10)
FN:106,(anonymous_11)
FN:137,(anonymous_12)
FN:145,(anonymous_13)
FN:191,(anonymous_14)
FN:196,(anonymous_15)
FN:212,(anonymous_16)
FN:220,(anonymous_17)
FN:229,(anonymous_18)
FN:236,(anonymous_19)
FN:241,(anonymous_20)
FNF:21
FNH:0
FNDA:0,TrainingPlanScreen
FNDA:0,(anonymous_1)
FNDA:0,(anonymous_2)
FNDA:0,(anonymous_3)
FNDA:0,(anonymous_4)
FNDA:0,(anonymous_5)
FNDA:0,(anonymous_6)
FNDA:0,(anonymous_7)
FNDA:0,(anonymous_8)
FNDA:0,(anonymous_9)
FNDA:0,(anonymous_10)
FNDA:0,(anonymous_11)
FNDA:0,(anonymous_12)
FNDA:0,(anonymous_13)
FNDA:0,(anonymous_14)
FNDA:0,(anonymous_15)
FNDA:0,(anonymous_16)
FNDA:0,(anonymous_17)
FNDA:0,(anonymous_18)
FNDA:0,(anonymous_19)
FNDA:0,(anonymous_20)
DA:18,0
DA:19,0
DA:20,0
DA:21,0
DA:23,0
DA:24,0
DA:27,0
DA:28,0
DA:31,0
DA:32,0
DA:33,0
DA:34,0
DA:35,0
DA:38,0
DA:42,0
DA:43,0
DA:44,0
DA:46,0
DA:50,0
DA:51,0
DA:52,0
DA:53,0
DA:55,0
DA:56,0
DA:57,0
DA:58,0
DA:59,0
DA:60,0
DA:65,0
DA:68,0
DA:69,0
DA:70,0
DA:74,0
DA:75,0
DA:78,0
DA:79,0
DA:80,0
DA:81,0
DA:83,0
DA:87,0
DA:88,0
DA:90,0
DA:92,0
DA:94,0
DA:96,0
DA:98,0
DA:100,0
DA:102,0
DA:106,0
DA:107,0
DA:109,0
DA:111,0
DA:113,0
DA:115,0
DA:117,0
DA:119,0
DA:121,0
DA:125,0
DA:126,0
DA:128,0
DA:137,0
DA:145,0
DA:192,0
DA:193,0
DA:194,0
DA:195,0
DA:196,0
DA:199,0
DA:212,0
DA:221,0
DA:222,0
DA:224,0
DA:230,0
DA:237,0
DA:241,0
DA:263,0
LF:76
LH:0
BRDA:18,0,0,0
BRDA:18,0,1,0
BRDA:34,1,0,0
BRDA:34,1,1,0
BRDA:59,2,0,0
BRDA:59,2,1,0
BRDA:65,3,0,0
BRDA:65,3,1,0
BRDA:88,4,0,0
BRDA:88,4,1,0
BRDA:88,4,2,0
BRDA:88,4,3,0
BRDA:88,4,4,0
BRDA:88,4,5,0
BRDA:88,4,6,0
BRDA:107,5,0,0
BRDA:107,5,1,0
BRDA:107,5,2,0
BRDA:107,5,3,0
BRDA:107,5,4,0
BRDA:107,5,5,0
BRDA:107,5,6,0
BRDA:136,6,0,0
BRDA:136,6,1,0
BRDA:139,7,0,0
BRDA:139,7,1,0
BRDA:144,8,0,0
BRDA:144,8,1,0
BRDA:147,9,0,0
BRDA:147,9,1,0
BRDA:211,10,0,0
BRDA:211,10,1,0
BRDA:212,11,0,0
BRDA:212,11,1,0
BRDA:217,12,0,0
BRDA:217,12,1,0
BRDA:239,13,0,0
BRDA:239,13,1,0
BRDA:240,14,0,0
BRDA:240,14,1,0
BRDA:246,15,0,0
BRDA:246,15,1,0
BRF:42
BRH:0
end_of_record
TN:
SF:src/screens/auth/ForgotPasswordScreen.js
FN:19,ForgotPasswordScreen
FN:28,(anonymous_1)
FN:85,(anonymous_2)
FN:93,(anonymous_3)
FN:134,(anonymous_4)
FN:163,(anonymous_5)
FNF:6
FNH:0
FNDA:0,ForgotPasswordScreen
FNDA:0,(anonymous_1)
FNDA:0,(anonymous_2)
FNDA:0,(anonymous_3)
FNDA:0,(anonymous_4)
FNDA:0,(anonymous_5)
DA:20,0
DA:21,0
DA:22,0
DA:23,0
DA:28,0
DA:29,0
DA:30,0
DA:33,0
DA:34,0
DA:35,0
DA:36,0
DA:39,0
DA:41,0
DA:42,0
DA:48,0
DA:49,0
DA:51,0
DA:56,0
DA:57,0
DA:59,0
DA:63,0
DA:64,0
DA:67,0
DA:68,0
DA:85,0
DA:94,0
DA:95,0
DA:107,0
DA:135,0
DA:136,0
DA:163,0
DA:191,0
LF:32
LH:0
BRDA:34,0,0,0
BRDA:34,0,1,0
BRDA:48,1,0,0
BRDA:48,1,1,0
BRDA:52,2,0,0
BRDA:52,2,1,0
BRDA:63,3,0,0
BRDA:63,3,1,0
BRDA:67,4,0,0
BRDA:67,4,1,0
BRDA:110,5,0,0
BRDA:110,5,1,0
BRDA:124,6,0,0
BRDA:124,6,1,0
BRDA:136,7,0,0
BRDA:136,7,1,0
BRDA:153,8,0,0
BRDA:153,8,1,0
BRF:18
BRH:0
end_of_record
TN:
SF:src/screens/auth/LoginScreen.js
FN:28,LoginScreen
FN:40,(anonymous_1)
FN:60,(anonymous_2)
FN:98,(anonymous_3)
FN:102,(anonymous_4)
FN:134,(anonymous_5)
FN:157,(anonymous_6)
FN:172,(anonymous_7)
FN:184,(anonymous_8)
FN:202,(anonymous_9)
FN:231,(anonymous_10)
FNF:11
FNH:0
FNDA:0,LoginScreen
FNDA:0,(anonymous_1)
FNDA:0,(anonymous_2)
FNDA:0,(anonymous_3)
FNDA:0,(anonymous_4)
FNDA:0,(anonymous_5)
FNDA:0,(anonymous_6)
FNDA:0,(anonymous_7)
FNDA:0,(anonymous_8)
FNDA:0,(anonymous_9)
FNDA:0,(anonymous_10)
DA:29,0
DA:30,0
DA:31,0
DA:32,0
DA:33,0
DA:34,0
DA:35,0
DA:40,0
DA:41,0
DA:43,0
DA:44,0
DA:45,0
DA:48,0
DA:49,0
DA:50,0
DA:53,0
DA:54,0
DA:60,0
DA:62,0
DA:65,0
DA:66,0
DA:69,0
DA:71,0
DA:72,0
DA:74,0
DA:76,0
DA:77,0
DA:81,0
DA:86,0
DA:87,0
DA:91,0
DA:98,0
DA:99,0
DA:100,0
DA:102,0
DA:105,0
DA:106,0
DA:109,0
DA:135,0
DA:136,0
DA:137,0
DA:158,0
DA:159,0
DA:160,0
DA:172,0
DA:184,0
DA:202,0
DA:231,0
DA:253,0
LF:49
LH:0
BRDA:44,0,0,0
BRDA:44,0,1,0
BRDA:49,1,0,0
BRDA:49,1,1,0
BRDA:65,2,0,0
BRDA:65,2,1,0
BRDA:74,3,0,0
BRDA:74,3,1,0
BRDA:76,4,0,0
BRDA:76,4,1,0
BRDA:82,5,0,0
BRDA:82,5,1,0
BRDA:105,6,0,0
BRDA:105,6,1,0
BRDA:112,7,0,0
BRDA:112,7,1,0
BRDA:124,8,0,0
BRDA:124,8,1,0
BRDA:136,9,0,0
BRDA:136,9,1,0
BRDA:149,10,0,0
BRDA:149,10,1,0
BRDA:159,11,0,0
BRDA:159,11,1,0
BRDA:171,12,0,0
BRDA:171,12,1,0
BRDA:176,13,0,0
BRDA:176,13,1,0
BRDA:183,14,0,0
BRDA:183,14,1,0
BRF:30
BRH:0
end_of_record
TN:
SF:src/screens/auth/RegisterScreen.js
FN:24,RegisterScreen
FN:38,(anonymous_1)
FN:53,(anonymous_2)
FN:60,(anonymous_3)
FN:70,(anonymous_4)
FN:103,(anonymous_5)
FN:164,(anonymous_6)
FN:187,(anonymous_7)
FN:209,(anonymous_8)
FN:224,(anonymous_9)
FN:255,(anonymous_10)
FN:276,(anonymous_11)
FN:313,(anonymous_12)
FNF:13
FNH:0
FNDA:0,RegisterScreen
FNDA:0,(anonymous_1)
FNDA:0,(anonymous_2)
FNDA:0,(anonymous_3)
FNDA:0,(anonymous_4)
FNDA:0,(anonymous_5)
FNDA:0,(anonymous_6)
FNDA:0,(anonymous_7)
FNDA:0,(anonymous_8)
FNDA:0,(anonymous_9)
FNDA:0,(anonymous_10)
FNDA:0,(anonymous_11)
FNDA:0,(anonymous_12)
DA:25,0
DA:26,0
DA:27,0
DA:28,0
DA:29,0
DA:30,0
DA:31,0
DA:32,0
DA:33,0
DA:38,0
DA:39,0
DA:41,0
DA:42,0
DA:43,0
DA:44,0
DA:45,0
DA:46,0
DA:47,0
DA:49,0
DA:52,0
DA:53,0
DA:54,0
DA:55,0
DA:56,0
DA:57,0
DA:60,0
DA:61,0
DA:62,0
DA:63,0
DA:64,0
DA:70,0
DA:71,0
DA:73,0
DA:74,0
DA:75,0
DA:78,0
DA:79,0
DA:80,0
DA:83,0
DA:84,0
DA:85,0
DA:88,0
DA:89,0
DA:92,0
DA:93,0
DA:96,0
DA:97,0
DA:103,0
DA:105,0
DA:108,0
DA:109,0
DA:112,0
DA:114,0
DA:115,0
DA:117,0
DA:121,0
DA:126,0
DA:127,0
DA:131,0
DA:135,0
DA:136,0
DA:139,0
DA:165,0
DA:166,0
DA:167,0
DA:188,0
DA:189,0
DA:190,0
DA:210,0
DA:211,0
DA:212,0
DA:224,0
DA:256,0
DA:257,0
DA:258,0
DA:277,0
DA:278,0
DA:279,0
DA:313,0
DA:349,0
LF:80
LH:0
BRDA:39,0,0,0
BRDA:39,0,1,0
BRDA:42,1,0,0
BRDA:42,1,1,0
BRDA:43,2,0,0
BRDA:43,2,1,0
BRDA:44,3,0,0
BRDA:44,3,1,0
BRDA:45,4,0,0
BRDA:45,4,1,0
BRDA:46,5,0,0
BRDA:46,5,1,0
BRDA:47,6,0,0
BRDA:47,6,1,0
BRDA:54,7,0,0
BRDA:54,7,1,0
BRDA:55,8,0,0
BRDA:55,8,1,0
BRDA:56,9,0,0
BRDA:56,9,1,0
BRDA:61,10,0,0
BRDA:61,10,1,0
BRDA:62,11,0,0
BRDA:62,11,1,0
BRDA:63,12,0,0
BRDA:63,12,1,0
BRDA:74,13,0,0
BRDA:74,13,1,0
BRDA:79,14,0,0
BRDA:79,14,1,0
BRDA:84,15,0,0
BRDA:84,15,1,0
BRDA:88,16,0,0
BRDA:88,16,1,0
BRDA:92,17,0,0
BRDA:92,17,1,0
BRDA:108,18,0,0
BRDA:108,18,1,0
BRDA:117,19,0,0
BRDA:117,19,1,0
BRDA:122,20,0,0
BRDA:122,20,1,0
BRDA:135,21,0,0
BRDA:135,21,1,0
BRDA:142,22,0,0
BRDA:142,22,1,0
BRDA:154,23,0,0
BRDA:154,23,1,0
BRDA:166,24,0,0
BRDA:166,24,1,0
BRDA:179,25,0,0
BRDA:179,25,1,0
BRDA:189,26,0,0
BRDA:189,26,1,0
BRDA:201,27,0,0
BRDA:201,27,1,0
BRDA:211,28,0,0
BRDA:211,28,1,0
BRDA:223,29,0,0
BRDA:223,29,1,0
BRDA:228,30,0,0
BRDA:228,30,1,0
BRDA:233,31,0,0
BRDA:233,31,1,0
BRDA:257,32,0,0
BRDA:257,32,1,0
BRDA:268,33,0,0
BRDA:268,33,1,0
BRDA:275,34,0,0
BRDA:275,34,1,0
BRDA:278,35,0,0
BRDA:278,35,1,0
BRDA:294,36,0,0
BRDA:294,36,1,0
BRDA:302,37,0,0
BRDA:302,37,1,0
BRF:76
BRH:0
end_of_record
TN:
SF:src/services/apiClient.js
FN:12,(anonymous_0)
FN:22,(anonymous_1)
FN:31,(anonymous_2)
FN:40,(anonymous_3)
FN:56,(anonymous_4)
FN:66,(anonymous_5)
FN:87,(anonymous_6)
FN:106,(anonymous_7)
FN:128,(anonymous_8)
FN:139,(anonymous_9)
FN:160,(anonymous_10)
FN:172,(anonymous_11)
FN:179,(anonymous_12)
FN:191,(anonymous_13)
FN:205,(anonymous_14)
FN:212,(anonymous_15)
FN:226,(anonymous_16)
FN:233,(anonymous_17)
FN:249,(anonymous_18)
FN:268,(anonymous_19)
FN:275,(anonymous_20)
FN:282,(anonymous_21)
FN:294,(anonymous_22)
FN:308,(anonymous_23)
FN:315,(anonymous_24)
FN:322,(anonymous_25)
FN:339,(anonymous_26)
FN:346,(anonymous_27)
FN:358,(anonymous_28)
FN:365,(anonymous_29)
FN:381,(anonymous_30)
FN:388,(anonymous_31)
FN:404,(anonymous_32)
FNF:33
FNH:1
FNDA:4,(anonymous_0)
FNDA:0,(anonymous_1)
FNDA:0,(anonymous_2)
FNDA:0,(anonymous_3)
FNDA:0,(anonymous_4)
FNDA:0,(anonymous_5)
FNDA:0,(anonymous_6)
FNDA:0,(anonymous_7)
FNDA:0,(anonymous_8)
FNDA:0,(anonymous_9)
FNDA:0,(anonymous_10)
FNDA:0,(anonymous_11)
FNDA:0,(anonymous_12)
FNDA:0,(anonymous_13)
FNDA:0,(anonymous_14)
FNDA:0,(anonymous_15)
FNDA:0,(anonymous_16)
FNDA:0,(anonymous_17)
FNDA:0,(anonymous_18)
FNDA:0,(anonymous_19)
FNDA:0,(anonymous_20)
FNDA:0,(anonymous_21)
FNDA:0,(anonymous_22)
FNDA:0,(anonymous_23)
FNDA:0,(anonymous_24)
FNDA:0,(anonymous_25)
FNDA:0,(anonymous_26)
FNDA:0,(anonymous_27)
FNDA:0,(anonymous_28)
FNDA:0,(anonymous_29)
FNDA:0,(anonymous_30)
FNDA:0,(anonymous_31)
FNDA:0,(anonymous_32)
DA:7,4
DA:8,4
DA:9,4
DA:13,4
DA:14,4
DA:15,4
DA:16,4
DA:23,0
DA:24,0
DA:25,0
DA:32,0
DA:33,0
DA:34,0
DA:41,0
DA:46,0
DA:47,0
DA:50,0
DA:57,0
DA:58,0
DA:64,0
DA:65,0
DA:66,0
DA:68,0
DA:73,0
DA:76,0
DA:77,0
DA:79,0
DA:80,0
DA:82,0
DA:84,0
DA:87,0
DA:88,0
DA:91,0
DA:92,0
DA:95,0
DA:96,0
DA:107,0
DA:109,0
DA:115,0
DA:116,0
DA:117,0
DA:120,0
DA:129,0
DA:140,0
DA:146,0
DA:147,0
DA:154,0
DA:161,0
DA:165,0
DA:166,0
DA:173,0
DA:180,0
DA:192,0
DA:206,0
DA:213,0
DA:227,0
DA:234,0
DA:250,0
DA:251,0
DA:252,0
DA:253,0
DA:255,0
DA:269,0
DA:276,0
DA:283,0
DA:295,0
DA:309,0
DA:316,0
DA:323,0
DA:340,0
DA:347,0
DA:359,0
DA:366,0
DA:382,0
DA:389,0
DA:405,0
DA:410,4
LF:77
LH:8
BRDA:7,0,0,4
BRDA:7,0,1,4
BRDA:40,1,0,0
BRDA:46,2,0,0
BRDA:46,2,1,0
BRDA:46,3,0,0
BRDA:46,3,1,0
BRDA:56,4,0,0
BRDA:61,5,0,0
BRDA:61,5,1,0
BRDA:76,6,0,0
BRDA:76,6,1,0
BRDA:77,7,0,0
BRDA:77,7,1,0
BRDA:80,8,0,0
BRDA:80,8,1,0
BRDA:88,9,0,0
BRDA:88,9,1,0
BRDA:98,10,0,0
BRDA:98,10,1,0
BRDA:107,11,0,0
BRDA:107,11,1,0
BRDA:115,12,0,0
BRDA:115,12,1,0
BRDA:115,13,0,0
BRDA:115,13,1,0
BRDA:146,14,0,0
BRDA:146,14,1,0
BRDA:146,15,0,0
BRDA:146,15,1,0
BRDA:249,16,0,0
BRDA:275,17,0,0
BRDA:275,18,0,0
BRDA:282,19,0,0
BRDA:308,20,0,0
BRDA:315,21,0,0
BRDA:315,22,0,0
BRDA:322,23,0,0
BRDA:358,24,0,0
BRDA:381,25,0,0
BRF:40
BRH:2
end_of_record
TN:
SF:src/services/errorTracking.js
FN:15,(anonymous_0)
FN:23,(anonymous_1)
FN:45,(anonymous_2)
FN:105,(anonymous_3)
FN:122,(anonymous_4)
FN:135,(anonymous_5)
FN:151,(anonymous_6)
FN:164,(anonymous_7)
FN:177,(anonymous_8)
FN:184,(anonymous_9)
FN:186,(anonymous_10)
FN:201,(anonymous_11)
FN:208,(anonymous_12)
FN:210,(anonymous_13)
FN:228,(anonymous_14)
FN:245,(anonymous_15)
FN:268,(anonymous_16)
FN:285,(anonymous_17)
FN:297,(anonymous_18)
FN:312,(anonymous_19)
FNF:20
FNH:1
FNDA:2,(anonymous_0)
FNDA:0,(anonymous_1)
FNDA:0,(anonymous_2)
FNDA:0,(anonymous_3)
FNDA:0,(anonymous_4)
FNDA:0,(anonymous_5)
FNDA:0,(anonymous_6)
FNDA:0,(anonymous_7)
FNDA:0,(anonymous_8)
FNDA:0,(anonymous_9)
FNDA:0,(anonymous_10)
FNDA:0,(anonymous_11)
FNDA:0,(anonymous_12)
FNDA:0,(anonymous_13)
FNDA:0,(anonymous_14)
FNDA:0,(anonymous_15)
FNDA:0,(anonymous_16)
FNDA:0,(anonymous_17)
FNDA:0,(anonymous_18)
FNDA:0,(anonymous_19)
DA:10,2
DA:11,2
DA:12,2
DA:16,2
DA:17,2
DA:24,0
DA:25,0
DA:26,0
DA:29,0
DA:30,0
DA:47,0
DA:56,0
DA:57,0
DA:58,0
DA:61,0
DA:95,0
DA:96,0
DA:98,0
DA:106,0
DA:108,0
DA:109,0
DA:115,0
DA:123,0
DA:125,0
DA:126,0
DA:128,0
DA:136,0
DA:138,0
DA:139,0
DA:144,0
DA:152,0
DA:154,0
DA:155,0
DA:157,0
DA:165,0
DA:167,0
DA:168,0
DA:170,0
DA:178,0
DA:179,0
DA:180,0
DA:183,0
DA:184,0
DA:186,0
DA:187,0
DA:191,0
DA:194,0
DA:202,0
DA:203,0
DA:204,0
DA:207,0
DA:208,0
DA:210,0
DA:211,0
DA:215,0
DA:218,0
DA:221,0
DA:229,0
DA:231,0
DA:232,0
DA:237,0
DA:238,0
DA:246,0
DA:248,0
DA:249,0
DA:250,0
DA:251,0
DA:253,0
DA:254,0
DA:255,0
DA:261,0
DA:269,0
DA:276,0
DA:286,0
DA:298,0
DA:313,0
DA:314,0
DA:319,2
LF:78
LH:6
BRDA:10,0,0,2
BRDA:10,0,1,2
BRDA:11,1,0,2
BRDA:11,1,1,0
BRDA:12,2,0,2
BRDA:12,2,1,0
BRDA:24,3,0,0
BRDA:24,3,1,0
BRDA:56,4,0,0
BRDA:56,4,1,0
BRDA:106,5,0,0
BRDA:106,5,1,0
BRDA:110,6,0,0
BRDA:110,6,1,0
BRDA:123,7,0,0
BRDA:123,7,1,0
BRDA:136,8,0,0
BRDA:136,8,1,0
BRDA:152,9,0,0
BRDA:152,9,1,0
BRDA:165,10,0,0
BRDA:165,10,1,0
BRDA:177,11,0,0
BRDA:178,12,0,0
BRDA:178,12,1,0
BRDA:201,13,0,0
BRDA:201,14,0,0
BRDA:202,15,0,0
BRDA:202,15,1,0
BRDA:228,16,0,0
BRDA:229,17,0,0
BRDA:229,17,1,0
BRDA:268,18,0,0
BRDA:285,19,0,0
BRF:34
BRH:4
end_of_record
TN:
SF:src/services/syncService.js
FN:17,(anonymous_0)
FN:27,(anonymous_1)
FN:42,(anonymous_2)
FN:50,(anonymous_3)
FN:58,(anonymous_4)
FN:61,(anonymous_5)
FN:69,(anonymous_6)
FN:79,(anonymous_7)
FN:96,(anonymous_8)
FN:104,(anonymous_9)
FN:111,(anonymous_10)
FN:177,(anonymous_11)
FN:182,(anonymous_12)
FN:193,(anonymous_13)
FN:212,(anonymous_14)
FN:229,(anonymous_15)
FN:256,(anonymous_16)
FN:260,(anonymous_17)
FN:272,(anonymous_18)
FN:300,(anonymous_19)
FN:301,(anonymous_20)
FN:312,(anonymous_21)
FN:326,(anonymous_22)
FNF:23
FNH:1
FNDA:2,(anonymous_0)
FNDA:0,(anonymous_1)
FNDA:0,(anonymous_2)
FNDA:0,(anonymous_3)
FNDA:0,(anonymous_4)
FNDA:0,(anonymous_5)
FNDA:0,(anonymous_6)
FNDA:0,(anonymous_7)
FNDA:0,(anonymous_8)
FNDA:0,(anonymous_9)
FNDA:0,(anonymous_10)
FNDA:0,(anonymous_11)
FNDA:0,(anonymous_12)
FNDA:0,(anonymous_13)
FNDA:0,(anonymous_14)
FNDA:0,(anonymous_15)
FNDA:0,(anonymous_16)
FNDA:0,(anonymous_17)
FNDA:0,(anonymous_18)
FNDA:0,(anonymous_19)
FNDA:0,(anonymous_20)
FNDA:0,(anonymous_21)
FNDA:0,(anonymous_22)
DA:10,2
DA:18,2
DA:19,2
DA:20,2
DA:21,2
DA:28,0
DA:29,0
DA:30,0
DA:33,0
DA:34,0
DA:35,0
DA:43,0
DA:44,0
DA:51,0
DA:52,0
DA:59,0
DA:61,0
DA:62,0
DA:70,0
DA:71,0
DA:72,0
DA:80,0
DA:81,0
DA:87,0
DA:97,0
DA:98,0
DA:105,0
DA:112,0
DA:113,0
DA:114,0
DA:118,0
DA:119,0
DA:122,0
DA:124,0
DA:126,0
DA:129,0
DA:130,0
DA:131,0
DA:135,0
DA:137,0
DA:139,0
DA:140,0
DA:146,0
DA:149,0
DA:150,0
DA:153,0
DA:154,0
DA:161,0
DA:162,0
DA:165,0
DA:166,0
DA:167,0
DA:178,0
DA:181,0
DA:182,0
DA:183,0
DA:191,0
DA:193,0
DA:194,0
DA:195,0
DA:196,0
DA:198,0
DA:204,0
DA:206,0
DA:214,0
DA:215,0
DA:219,0
DA:221,0
DA:222,0
DA:230,0
DA:231,0
DA:235,0
DA:237,0
DA:238,0
DA:240,0
DA:245,0
DA:249,0
DA:257,0
DA:260,0
DA:261,0
DA:262,0
DA:266,0
DA:273,0
DA:274,0
DA:276,0
DA:278,0
DA:280,0
DA:286,0
DA:289,0
DA:290,0
DA:301,0
DA:306,0
DA:313,0
DA:315,0
DA:327,0
DA:332,2
LF:96
LH:6
BRDA:29,0,0,0
BRDA:29,0,1,0
BRDA:34,1,0,0
BRDA:34,1,1,0
BRDA:42,2,0,0
BRDA:58,3,0,0
BRDA:70,4,0,0
BRDA:70,4,1,0
BRDA:98,5,0,0
BRDA:98,5,1,0
BRDA:111,6,0,0
BRDA:112,7,0,0
BRDA:112,7,1,0
BRDA:118,8,0,0
BRDA:118,8,1,0
BRDA:129,9,0,0
BRDA:129,9,1,0
BRDA:129,10,0,0
BRDA:129,10,1,0
BRDA:137,11,0,0
BRDA:137,11,1,0
BRDA:149,12,0,0
BRDA:149,12,1,0
BRDA:183,13,0,0
BRDA:183,13,1,0
BRDA:183,13,2,0
BRDA:183,13,3,0
BRDA:183,13,4,0
BRDA:194,14,0,0
BRDA:194,14,1,0
BRDA:214,15,0,0
BRDA:214,15,1,0
BRDA:214,16,0,0
BRDA:214,16,1,0
BRDA:219,17,0,0
BRDA:219,17,1,0
BRDA:235,18,0,0
BRDA:235,18,1,0
BRDA:238,19,0,0
BRDA:238,19,1,0
BRDA:240,20,0,0
BRDA:240,20,1,0
BRDA:261,21,0,0
BRDA:261,21,1,0
BRDA:276,22,0,0
BRDA:276,22,1,0
BRDA:276,23,0,0
BRDA:276,23,1,0
BRDA:303,24,0,0
BRDA:303,24,1,0
BRF:50
BRH:0
end_of_record
TN:
SF:src/utils/accessibility.js
FN:9,createButtonA11y
FN:22,createTextInputA11y
FN:35,createImageA11y
FN:53,createLinkA11y
FN:65,createHeaderA11y
FN:77,createProgressA11y
FN:96,createCheckboxA11y
FN:109,createRadioA11y
FN:122,createSwitchA11y
FN:135,createTabA11y
FN:147,createAlertA11y
FN:159,createCardA11y
FN:169,announceForAccessibility
FN:178,isScreenReaderEnabled
FN:188,setAccessibilityFocus
FN:226,createListItemA11y
FN:237,createErrorA11y
FN:249,createSuccessA11y
FNF:18
FNH:0
FNDA:0,createButtonA11y
FNDA:0,createTextInputA11y
FNDA:0,createImageA11y
FNDA:0,createLinkA11y
FNDA:0,createHeaderA11y
FNDA:0,createProgressA11y
FNDA:0,createCheckboxA11y
FNDA:0,createRadioA11y
FNDA:0,createSwitchA11y
FNDA:0,createTabA11y
FNDA:0,createAlertA11y
FNDA:0,createCardA11y
FNDA:0,announceForAccessibility
FNDA:0,isScreenReaderEnabled
FNDA:0,setAccessibilityFocus
FNDA:0,createListItemA11y
FNDA:0,createErrorA11y
FNDA:0,createSuccessA11y
DA:10,0
DA:23,0
DA:36,0
DA:37,0
DA:43,0
DA:54,0
DA:66,0
DA:78,0
DA:80,0
DA:97,0
DA:110,0
DA:123,0
DA:136,0
DA:148,0
DA:160,0
DA:170,0
DA:171,0
DA:179,0
DA:180,0
DA:182,0
DA:189,0
DA:190,0
DA:197,1
DA:209,1
DA:217,1
DA:227,0
DA:228,0
DA:238,0
DA:250,0
LF:29
LH:3
BRDA:9,0,0,0
BRDA:9,1,0,0
BRDA:14,2,0,0
BRDA:14,2,1,0
BRDA:22,3,0,0
BRDA:22,4,0,0
BRDA:27,5,0,0
BRDA:27,5,1,0
BRDA:28,6,0,0
BRDA:28,6,1,0
BRDA:35,7,0,0
BRDA:36,8,0,0
BRDA:36,8,1,0
BRDA:53,9,0,0
BRDA:58,10,0,0
BRDA:58,10,1,0
BRDA:65,11,0,0
BRDA:77,12,0,0
BRDA:83,13,0,0
BRDA:83,13,1,0
BRDA:96,14,0,0
BRDA:101,15,0,0
BRDA:101,15,1,0
BRDA:109,16,0,0
BRDA:114,17,0,0
BRDA:114,17,1,0
BRDA:122,18,0,0
BRDA:127,19,0,0
BRDA:127,19,1,0
BRDA:147,20,0,0
BRDA:159,21,0,0
BRDA:162,22,0,0
BRDA:162,22,1,0
BRDA:170,23,0,0
BRDA:170,23,1,0
BRDA:179,24,0,0
BRDA:179,24,1,0
BRDA:189,25,0,0
BRDA:189,25,1,0
BRDA:189,26,0,0
BRDA:189,26,1,0
BRDA:226,27,0,0
BRDA:227,28,0,0
BRDA:227,28,1,0
BRF:44
BRH:0
end_of_record
TN:
SF:src/utils/secureStorage.js
FN:22,(anonymous_0)
FN:29,setSecureItem
FN:49,getSecureItem
FN:69,deleteSecureItem
FN:93,(anonymous_4)
FN:100,(anonymous_5)
FN:108,(anonymous_6)
FN:115,(anonymous_7)
FN:123,(anonymous_8)
FN:130,(anonymous_9)
FN:138,(anonymous_10)
FNF:11
FNH:0
FNDA:0,(anonymous_0)
FNDA:0,setSecureItem
FNDA:0,getSecureItem
FNDA:0,deleteSecureItem
FNDA:0,(anonymous_4)
FNDA:0,(anonymous_5)
FNDA:0,(anonymous_6)
FNDA:0,(anonymous_7)
FNDA:0,(anonymous_8)
FNDA:0,(anonymous_9)
FNDA:0,(anonymous_10)
DA:11,2
DA:12,2
DA:14,2
DA:17,2
DA:22,2
DA:23,0
DA:30,0
DA:32,0
DA:33,0
DA:34,0
DA:37,0
DA:39,0
DA:41,0
DA:42,0
DA:50,0
DA:52,0
DA:54,0
DA:55,0
DA:57,0
DA:59,0
DA:61,0
DA:62,0
DA:70,0
DA:72,0
DA:73,0
DA:74,0
DA:76,0
DA:78,0
DA:80,0
DA:81,0
DA:89,2
DA:94,0
DA:101,0
DA:102,0
DA:109,0
DA:116,0
DA:117,0
DA:124,0
DA:131,0
DA:132,0
DA:139,0
DA:140,0
DA:141,0
LF:43
LH:6
BRDA:23,0,0,0
BRDA:23,0,1,0
BRDA:33,1,0,0
BRDA:33,1,1,0
BRDA:54,2,0,0
BRDA:54,2,1,0
BRDA:73,3,0,0
BRDA:73,3,1,0
BRF:8
BRH:0
end_of_record
TN:
SF:src/utils/sessionManager.js
FN:10,(anonymous_0)
FN:22,(anonymous_1)
FN:39,(anonymous_2)
FN:51,(anonymous_3)
FN:56,(anonymous_4)
FN:68,(anonymous_5)
FN:78,(anonymous_6)
FN:91,(anonymous_7)
FN:98,(anonymous_8)
FN:105,(anonymous_9)
FN:133,(anonymous_10)
FN:144,(anonymous_11)
FN:155,(anonymous_12)
FN:156,(anonymous_13)
FN:170,(anonymous_14)
FN:180,(anonymous_15)
FN:200,(anonymous_16)
FN:213,(anonymous_17)
FN:224,(anonymous_18)
FN:238,(anonymous_19)
FN:245,(anonymous_20)
FN:256,(anonymous_21)
FNF:22
FNH:1
FNDA:2,(anonymous_0)
FNDA:0,(anonymous_1)
FNDA:0,(anonymous_2)
FNDA:0,(anonymous_3)
FNDA:0,(anonymous_4)
FNDA:0,(anonymous_5)
FNDA:0,(anonymous_6)
FNDA:0,(anonymous_7)
FNDA:0,(anonymous_8)
FNDA:0,(anonymous_9)
FNDA:0,(anonymous_10)
FNDA:0,(anonymous_11)
FNDA:0,(anonymous_12)
FNDA:0,(anonymous_13)
FNDA:0,(anonymous_14)
FNDA:0,(anonymous_15)
FNDA:0,(anonymous_16)
FNDA:0,(anonymous_17)
FNDA:0,(anonymous_18)
FNDA:0,(anonymous_19)
FNDA:0,(anonymous_20)
FNDA:0,(anonymous_21)
DA:11,2
DA:12,2
DA:13,2
DA:14,2
DA:15,2
DA:16,2
DA:23,0
DA:24,0
DA:25,0
DA:28,0
DA:31,0
DA:33,0
DA:40,0
DA:41,0
DA:42,0
DA:43,0
DA:45,0
DA:53,0
DA:56,0
DA:57,0
DA:61,0
DA:62,0
DA:69,0
DA:70,0
DA:71,0
DA:79,0
DA:81,0
DA:82,0
DA:85,0
DA:92,0
DA:99,0
DA:106,0
DA:107,0
DA:109,0
DA:110,0
DA:113,0
DA:114,0
DA:115,0
DA:118,0
DA:119,0
DA:120,0
DA:123,0
DA:125,0
DA:126,0
DA:134,0
DA:135,0
DA:137,0
DA:145,0
DA:146,0
DA:148,0
DA:156,0
DA:157,0
DA:159,0
DA:160,0
DA:162,0
DA:171,0
DA:172,0
DA:173,0
DA:181,0
DA:182,0
DA:186,0
DA:188,0
DA:190,0
DA:193,0
DA:201,0
DA:202,0
DA:206,0
DA:214,0
DA:215,0
DA:218,0
DA:225,0
DA:226,0
DA:229,0
DA:230,0
DA:232,0
DA:239,0
DA:246,0
DA:248,0
DA:249,0
DA:257,0
DA:262,2
LF:81
LH:7
BRDA:69,0,0,0
BRDA:69,0,1,0
BRDA:81,1,0,0
BRDA:81,1,1,0
BRDA:109,2,0,0
BRDA:109,2,1,0
BRDA:118,3,0,0
BRDA:118,3,1,0
BRDA:157,4,0,0
BRDA:157,4,1,0
BRDA:160,5,0,0
BRDA:160,5,1,0
BRDA:160,6,0,0
BRDA:160,6,1,0
BRDA:171,7,0,0
BRDA:171,7,1,0
BRDA:181,8,0,0
BRDA:181,8,1,0
BRDA:188,9,0,0
BRDA:188,9,1,0
BRDA:201,10,0,0
BRDA:201,10,1,0
BRDA:214,11,0,0
BRDA:214,11,1,0
BRDA:225,12,0,0
BRDA:225,12,1,0
BRDA:248,13,0,0
BRDA:248,13,1,0
BRF:28
BRH:0
end_of_record
TN:
SF:src/utils/validation.js
FN:9,validateEmail
FN:25,validatePassword
FN:52,validateUsername
FN:75,validateRequired
FN:86,validateMinLength
FN:100,validateMaxLength
FN:114,validateNumeric
FN:125,validateRange
FN:145,validateForm
FN:149,(anonymous_9)
FNF:10
FNH:0
FNDA:0,validateEmail
FNDA:0,validatePassword
FNDA:0,validateUsername
FNDA:0,validateRequired
FNDA:0,validateMinLength
FNDA:0,validateMaxLength
FNDA:0,validateNumeric
FNDA:0,validateRange
FNDA:0,validateForm
FNDA:0,(anonymous_9)
DA:10,0
DA:11,0
DA:14,0
DA:15,0
DA:16,0
DA:19,0
DA:26,0
DA:27,0
DA:30,0
DA:31,0
DA:34,0
DA:35,0
DA:38,0
DA:39,0
DA:42,0
DA:43,0
DA:46,0
DA:53,0
DA:54,0
DA:57,0
DA:58,0
DA:61,0
DA:62,0
DA:65,0
DA:66,0
DA:69,0
DA:76,0
DA:77,0
DA:80,0
DA:87,0
DA:88,0
DA:94,0
DA:101,0
DA:102,0
DA:108,0
DA:115,0
DA:116,0
DA:119,0
DA:126,0
DA:128,0
DA:129,0
DA:132,0
DA:133,0
DA:139,0
DA:146,0
DA:147,0
DA:149,0
DA:150,0
DA:151,0
DA:152,0
DA:153,0
DA:154,0
DA:155,0
DA:160,0
LF:54
LH:0
BRDA:10,0,0,0
BRDA:10,0,1,0
BRDA:15,1,0,0
BRDA:15,1,1,0
BRDA:26,2,0,0
BRDA:26,2,1,0
BRDA:30,3,0,0
BRDA:30,3,1,0
BRDA:34,4,0,0
BRDA:34,4,1,0
BRDA:38,5,0,0
BRDA:38,5,1,0
BRDA:42,6,0,0
BRDA:42,6,1,0
BRDA:53,7,0,0
BRDA:53,7,1,0
BRDA:57,8,0,0
BRDA:57,8,1,0
BRDA:61,9,0,0
BRDA:61,9,1,0
BRDA:65,10,0,0
BRDA:65,10,1,0
BRDA:75,11,0,0
BRDA:76,12,0,0
BRDA:76,12,1,0
BRDA:76,13,0,0
BRDA:76,13,1,0
BRDA:76,13,2,0
BRDA:86,14,0,0
BRDA:87,15,0,0
BRDA:87,15,1,0
BRDA:87,16,0,0
BRDA:87,16,1,0
BRDA:100,17,0,0
BRDA:101,18,0,0
BRDA:101,18,1,0
BRDA:101,19,0,0
BRDA:101,19,1,0
BRDA:114,20,0,0
BRDA:115,21,0,0
BRDA:115,21,1,0
BRDA:125,22,0,0
BRDA:128,23,0,0
BRDA:128,23,1,0
BRDA:132,24,0,0
BRDA:132,24,1,0
BRDA:132,25,0,0
BRDA:132,25,1,0
BRDA:152,26,0,0
BRDA:152,26,1,0
BRF:50
BRH:0
end_of_record
